#
# There is insufficient memory for the Java Runtime Environment to continue.
# Native memory allocation (mmap) failed to map 4194304 bytes. Error detail: G1 virtual space
# Possible reasons:
#   The system is out of physical RAM or swap space
#   This process is running with CompressedOops enabled, and the Java Heap may be blocking the growth of the native heap
# Possible solutions:
#   Reduce memory load on the system
#   Increase physical memory or swap space
#   Check if swap backing store is full
#   Decrease Java heap size (-Xmx/-Xms)
#   Decrease number of Java threads
#   Decrease Java thread stack sizes (-Xss)
#   Set larger code cache with -XX:ReservedCodeCacheSize=
#   JVM is running with Unscaled Compressed Oops mode in which the Java heap is
#     placed in the first 4GB address space. The Java Heap base address is the
#     maximum limit for the native heap growth. Please use -XX:HeapBaseMinAddress
#     to set the Java Heap base and to place the Java Heap above 4GB virtual address.
# This output file may be truncated or incomplete.
#
#  Out of Memory Error (os_windows.cpp:3631), pid=4056, tid=17712
#
# JRE version: OpenJDK Runtime Environment (22.0.2+9) (build 22.0.2+9-70)
# Java VM: OpenJDK 64-Bit Server VM (22.0.2+9-70, mixed mode, emulated-client, sharing, tiered, compressed oops, compressed class ptrs, g1 gc, windows-amd64)
# No core dump will be written. Minidumps are not enabled by default on client versions of Windows
#

---------------  S U M M A R Y ------------

Command Line: -XX:TieredStopAtLevel=1 -Dspring.output.ansi.enabled=always -Dcom.sun.management.jmxremote -Dspring.jmx.enabled=true -Dspring.liveBeansView.mbeanDomain -Dspring.application.admin.enabled=true -Dmanagement.endpoints.jmx.exposure.include=* -javaagent:C:\Program Files\JetBrains\IntelliJ IDEA 2024.3\lib\idea_rt.jar=56412:C:\Program Files\JetBrains\IntelliJ IDEA 2024.3\bin -Dfile.encoding=UTF-8 -Dsun.stdout.encoding=UTF-8 -Dsun.stderr.encoding=UTF-8 vallegrande.edu.pe.recuperacion.RecuperacionApplication

Host: Intel(R) Core(TM) i5-8250U CPU @ 1.60GHz, 8 cores, 7G,  Windows 11 , 64 bit Build 26100 (10.0.26100.2454)
Time: Wed Dec 11 15:18:19 2024 Hora est. Pacífico, Sudamérica elapsed time: 58.978239 seconds (0d 0h 0m 58s)

---------------  T H R E A D  ---------------

Current thread (0x000001fd1f4783a0):  VMThread "VM Thread"          [id=17712, stack(0x000000bc15d00000,0x000000bc15e00000) (1024K)]

Stack: [0x000000bc15d00000,0x000000bc15e00000]
Native frames: (J=compiled Java code, j=interpreted, Vv=VM code, C=native code)
V  [jvm.dll+0x6e26e9]  (no source info available)
V  [jvm.dll+0x875753]  (no source info available)
V  [jvm.dll+0x877b7e]  (no source info available)
V  [jvm.dll+0x878253]  (no source info available)
V  [jvm.dll+0x27fc86]  (no source info available)
V  [jvm.dll+0x6ded85]  (no source info available)
V  [jvm.dll+0x6d388a]  (no source info available)
V  [jvm.dll+0x358b8a]  (no source info available)
V  [jvm.dll+0x3610b6]  (no source info available)
V  [jvm.dll+0x3b419e]  (no source info available)
V  [jvm.dll+0x3b4448]  (no source info available)
V  [jvm.dll+0x32c5ec]  (no source info available)
V  [jvm.dll+0x32f036]  (no source info available)
V  [jvm.dll+0x339371]  (no source info available)
V  [jvm.dll+0x370515]  (no source info available)
V  [jvm.dll+0x87e0f0]  (no source info available)
V  [jvm.dll+0x87f477]  (no source info available)
V  [jvm.dll+0x87f9f0]  (no source info available)
V  [jvm.dll+0x87fc93]  (no source info available)
V  [jvm.dll+0x81dc0b]  (no source info available)
V  [jvm.dll+0x6e0d85]  (no source info available)
C  [ucrtbase.dll+0x14ea0]  (no source info available)
C  [KERNEL32.DLL+0x2e8d7]  (no source info available)
C  [ntdll.dll+0xdfbcc]  (no source info available)

VM_Operation (0x000000bc158ff6b0): G1PauseRemark, mode: safepoint, requested by thread 0x000001fd0ee9fb50


---------------  P R O C E S S  ---------------

Threads class SMR info:
_java_thread_list=0x000001fd68157c00, length=48, elements={
0x000001fd1f49d9d0, 0x000001fd1f4a0150, 0x000001fd1f4a9ca0, 0x000001fd1f4cb330,
0x000001fd1f4ce520, 0x000001fd1f4d4430, 0x000001fd1f4dd4d0, 0x000001fd1f4d6b90,
0x000001fd1f4d6500, 0x000001fd1f4d4ac0, 0x000001fd1f4d5150, 0x000001fd1f4d7220,
0x000001fd1f4d78b0, 0x000001fd1f4d57e0, 0x000001fd1f4d5e70, 0x000001fd658f5d20,
0x000001fd658f63b0, 0x000001fd658f7760, 0x000001fd658f7df0, 0x000001fd658f8480,
0x000001fd658f9ec0, 0x000001fd658fa550, 0x000001fd658fc620, 0x000001fd658fccb0,
0x000001fd658fd340, 0x000001fd658fb270, 0x000001fd658fb900, 0x000001fd66312200,
0x000001fd66312890, 0x000001fd66312f20, 0x000001fd663135b0, 0x000001fd66313c40,
0x000001fd663142d0, 0x000001fd663163a0, 0x000001fd66310e50, 0x000001fd66317de0,
0x000001fd66315680, 0x000001fd66317750, 0x000001fd66314960, 0x000001fd66318470,
0x000001fd66315d10, 0x000001fd66316a30, 0x000001fd663170c0, 0x000001fd66314ff0,
0x000001fd658fbf90, 0x000001fd685ec1f0, 0x000001fd685eb4d0, 0x000001fd685ee2c0
}

Java Threads: ( => current thread )
  0x000001fd1f49d9d0 JavaThread "Reference Handler"          daemon [_thread_blocked, id=15736, stack(0x000000bc15e00000,0x000000bc15f00000) (1024K)]
  0x000001fd1f4a0150 JavaThread "Finalizer"                  daemon [_thread_blocked, id=11752, stack(0x000000bc15f00000,0x000000bc16000000) (1024K)]
  0x000001fd1f4a9ca0 JavaThread "Signal Dispatcher"          daemon [_thread_blocked, id=13080, stack(0x000000bc16000000,0x000000bc16100000) (1024K)]
  0x000001fd1f4cb330 JavaThread "Attach Listener"            daemon [_thread_blocked, id=18040, stack(0x000000bc16100000,0x000000bc16200000) (1024K)]
  0x000001fd1f4ce520 JavaThread "Service Thread"             daemon [_thread_blocked, id=11928, stack(0x000000bc16200000,0x000000bc16300000) (1024K)]
  0x000001fd1f4d4430 JavaThread "Monitor Deflation Thread"   daemon [_thread_blocked, id=17872, stack(0x000000bc16300000,0x000000bc16400000) (1024K)]
  0x000001fd1f4dd4d0 JavaThread "C1 CompilerThread0"         daemon [_thread_blocked, id=13116, stack(0x000000bc16400000,0x000000bc16500000) (1024K)]
  0x000001fd1f4d6b90 JavaThread "Common-Cleaner"             daemon [_thread_blocked, id=17764, stack(0x000000bc16500000,0x000000bc16600000) (1024K)]
  0x000001fd1f4d6500 JavaThread "Monitor Ctrl-Break"         daemon [_thread_in_native, id=1808, stack(0x000000bc16900000,0x000000bc16a00000) (1024K)]
  0x000001fd1f4d4ac0 JavaThread "Notification Thread"        daemon [_thread_blocked, id=18720, stack(0x000000bc16a00000,0x000000bc16b00000) (1024K)]
  0x000001fd1f4d5150 JavaThread "RMI TCP Accept-0"           daemon [_thread_in_native, id=7020, stack(0x000000bc16b00000,0x000000bc16c00000) (1024K)]
  0x000001fd1f4d7220 JavaThread "RMI TCP Connection(1)-192.168.18.25" daemon [_thread_blocked, id=10660, stack(0x000000bc16c00000,0x000000bc16d00000) (1024K)]
  0x000001fd1f4d78b0 JavaThread "RMI Scheduler(0)"           daemon [_thread_blocked, id=1316, stack(0x000000bc16d00000,0x000000bc16e00000) (1024K)]
  0x000001fd1f4d57e0 JavaThread "JMX server connection timeout 26" daemon [_thread_blocked, id=16884, stack(0x000000bc16e00000,0x000000bc16f00000) (1024K)]
  0x000001fd1f4d5e70 JavaThread "RMI TCP Connection(idle)"   daemon [_thread_blocked, id=5932, stack(0x000000bc17600000,0x000000bc17700000) (1024K)]
  0x000001fd658f5d20 JavaThread "Catalina-utility-1"                [_thread_blocked, id=18220, stack(0x000000bc17900000,0x000000bc17a00000) (1024K)]
  0x000001fd658f63b0 JavaThread "Catalina-utility-2"                [_thread_blocked, id=4304, stack(0x000000bc17b00000,0x000000bc17c00000) (1024K)]
  0x000001fd658f7760 JavaThread "container-0"                       [_thread_blocked, id=12580, stack(0x000000bc17c00000,0x000000bc17d00000) (1024K)]
  0x000001fd658f7df0 JavaThread "oracle.jdbc.diagnostics.Diagnostic.CLOCK" daemon [_thread_blocked, id=11600, stack(0x000000bc17d00000,0x000000bc17e00000) (1024K)]
  0x000001fd658f8480 JavaThread "oracle.jdbc.driver.BlockSource.ThreadedCachingBlockSource.BlockReleaser" daemon [_thread_blocked, id=12344, stack(0x000000bc17e00000,0x000000bc17f00000) (1024K)]
  0x000001fd658f9ec0 JavaThread "InterruptTimer"             daemon [_thread_blocked, id=17136, stack(0x000000bc18000000,0x000000bc18100000) (1024K)]
  0x000001fd658fa550 JavaThread "OJDBC-WORKER-THREAD-1"      daemon [_thread_blocked, id=18028, stack(0x000000bc18100000,0x000000bc18200000) (1024K)]
  0x000001fd658fc620 JavaThread "HikariPool-1 housekeeper"   daemon [_thread_blocked, id=11252, stack(0x000000bc18200000,0x000000bc18300000) (1024K)]
  0x000001fd658fccb0 JavaThread "OJDBC-WORKER-THREAD-2"      daemon [_thread_blocked, id=4408, stack(0x000000bc18700000,0x000000bc18800000) (1024K)]
  0x000001fd658fd340 JavaThread "OJDBC-WORKER-THREAD-3"      daemon [_thread_blocked, id=7704, stack(0x000000bc18300000,0x000000bc18400000) (1024K)]
  0x000001fd658fb270 JavaThread "OJDBC-WORKER-THREAD-4"      daemon [_thread_blocked, id=8700, stack(0x000000bc18500000,0x000000bc18600000) (1024K)]
  0x000001fd658fb900 JavaThread "OJDBC-WORKER-THREAD-5"      daemon [_thread_blocked, id=5688, stack(0x000000bc18800000,0x000000bc18900000) (1024K)]
  0x000001fd66312200 JavaThread "OJDBC-WORKER-THREAD-6"      daemon [_thread_blocked, id=8148, stack(0x000000bc18900000,0x000000bc18a00000) (1024K)]
  0x000001fd66312890 JavaThread "OJDBC-WORKER-THREAD-7"      daemon [_thread_blocked, id=14644, stack(0x000000bc18a00000,0x000000bc18b00000) (1024K)]
  0x000001fd66312f20 JavaThread "OJDBC-WORKER-THREAD-8"      daemon [_thread_blocked, id=12524, stack(0x000000bc16600000,0x000000bc16700000) (1024K)]
  0x000001fd663135b0 JavaThread "OJDBC-WORKER-THREAD-9"      daemon [_thread_blocked, id=11176, stack(0x000000bc16700000,0x000000bc16800000) (1024K)]
  0x000001fd66313c40 JavaThread "OJDBC-WORKER-THREAD-10"     daemon [_thread_blocked, id=2128, stack(0x000000bc16800000,0x000000bc16900000) (1024K)]
  0x000001fd663142d0 JavaThread "File Watcher"               daemon [_thread_blocked, id=17360, stack(0x000000bc18b00000,0x000000bc18c00000) (1024K)]
  0x000001fd663163a0 JavaThread "Live Reload Server"         daemon [_thread_in_native, id=18680, stack(0x000000bc18d00000,0x000000bc18e00000) (1024K)]
  0x000001fd66310e50 JavaThread "http-nio-8080-exec-1"       daemon [_thread_blocked, id=6488, stack(0x000000bc18c00000,0x000000bc18d00000) (1024K)]
  0x000001fd66317de0 JavaThread "http-nio-8080-exec-2"       daemon [_thread_blocked, id=4004, stack(0x000000bc18e00000,0x000000bc18f00000) (1024K)]
  0x000001fd66315680 JavaThread "http-nio-8080-exec-3"       daemon [_thread_blocked, id=7132, stack(0x000000bc18f00000,0x000000bc19000000) (1024K)]
  0x000001fd66317750 JavaThread "http-nio-8080-exec-4"       daemon [_thread_blocked, id=16824, stack(0x000000bc19000000,0x000000bc19100000) (1024K)]
  0x000001fd66314960 JavaThread "http-nio-8080-exec-5"       daemon [_thread_blocked, id=6740, stack(0x000000bc19100000,0x000000bc19200000) (1024K)]
  0x000001fd66318470 JavaThread "http-nio-8080-exec-6"       daemon [_thread_blocked, id=13900, stack(0x000000bc19200000,0x000000bc19300000) (1024K)]
  0x000001fd66315d10 JavaThread "http-nio-8080-exec-7"       daemon [_thread_blocked, id=13184, stack(0x000000bc19300000,0x000000bc19400000) (1024K)]
  0x000001fd66316a30 JavaThread "http-nio-8080-exec-8"       daemon [_thread_blocked, id=18316, stack(0x000000bc19400000,0x000000bc19500000) (1024K)]
  0x000001fd663170c0 JavaThread "http-nio-8080-exec-9"       daemon [_thread_blocked, id=12084, stack(0x000000bc19500000,0x000000bc19600000) (1024K)]
  0x000001fd66314ff0 JavaThread "http-nio-8080-exec-10"      daemon [_thread_blocked, id=17304, stack(0x000000bc19600000,0x000000bc19700000) (1024K)]
  0x000001fd658fbf90 JavaThread "http-nio-8080-Poller"       daemon [_thread_blocked, id=14072, stack(0x000000bc19700000,0x000000bc19800000) (1024K)]
  0x000001fd685ec1f0 JavaThread "http-nio-8080-Acceptor"     daemon [_thread_in_native, id=4052, stack(0x000000bc19800000,0x000000bc19900000) (1024K)]
  0x000001fd685eb4d0 JavaThread "DestroyJavaVM"                     [_thread_blocked, id=14212, stack(0x000000bc15600000,0x000000bc15700000) (1024K)]
  0x000001fd685ee2c0 JavaThread "ONS-task-thread-131"        daemon [_thread_blocked, id=16204, stack(0x000000bc19900000,0x000000bc19a00000) (1024K)]
Total: 48

Other Threads:
=>0x000001fd1f4783a0 VMThread "VM Thread"                           [id=17712, stack(0x000000bc15d00000,0x000000bc15e00000) (1024K)]
  0x000001fd1f461730 WatcherThread "VM Periodic Task Thread"        [id=13668, stack(0x000000bc15c00000,0x000000bc15d00000) (1024K)]
  0x000001fd0ee8ef90 WorkerThread "GC Thread#0"                     [id=5544, stack(0x000000bc15700000,0x000000bc15800000) (1024K)]
  0x000001fd655785e0 WorkerThread "GC Thread#1"                     [id=10848, stack(0x000000bc16f00000,0x000000bc17000000) (1024K)]
  0x000001fd65578990 WorkerThread "GC Thread#2"                     [id=13932, stack(0x000000bc17000000,0x000000bc17100000) (1024K)]
  0x000001fd657b40a0 WorkerThread "GC Thread#3"                     [id=4356, stack(0x000000bc17100000,0x000000bc17200000) (1024K)]
  0x000001fd657b4450 WorkerThread "GC Thread#4"                     [id=14068, stack(0x000000bc17200000,0x000000bc17300000) (1024K)]
  0x000001fd657b4c10 WorkerThread "GC Thread#5"                     [id=14316, stack(0x000000bc17300000,0x000000bc17400000) (1024K)]
  0x000001fd657b6fd0 WorkerThread "GC Thread#6"                     [id=10108, stack(0x000000bc17400000,0x000000bc17500000) (1024K)]
  0x000001fd657b7380 WorkerThread "GC Thread#7"                     [id=15072, stack(0x000000bc17500000,0x000000bc17600000) (1024K)]
  0x000001fd0ee9fb50 ConcurrentGCThread "G1 Main Marker"            [id=10488, stack(0x000000bc15800000,0x000000bc15900000) (1024K)]
  0x000001fd0eea2140 WorkerThread "G1 Conc#0"                       [id=7500, stack(0x000000bc15900000,0x000000bc15a00000) (1024K)]
  0x000001fd658f2050 WorkerThread "G1 Conc#1"                       [id=15288, stack(0x000000bc17a00000,0x000000bc17b00000) (1024K)]
  0x000001fd1f334590 ConcurrentGCThread "G1 Refine#0"               [id=11660, stack(0x000000bc15a00000,0x000000bc15b00000) (1024K)]
  0x000001fd1f3369e0 ConcurrentGCThread "G1 Service"                [id=6588, stack(0x000000bc15b00000,0x000000bc15c00000) (1024K)]
Total: 15

Threads with active compile tasks:
Total: 0

VM state: at safepoint (normal execution)

VM Mutex/Monitor currently owned by a thread:  ([mutex/lock_event])
[0x00007ff86d7ecb80] Threads_lock - owner thread: 0x000001fd1f4783a0
[0x00007ff86d7ecc80] Heap_lock - owner thread: 0x000001fd0ee9fb50

Heap address: 0x0000000082a00000, size: 2006 MB, Compressed Oops mode: 32-bit

CDS archive(s) mapped at: [0x000001fd20000000-0x000001fd20c60000-0x000001fd20c60000), size 12976128, SharedBaseAddress: 0x000001fd20000000, ArchiveRelocationMode: 1.
Compressed class space mapped at: 0x000001fd21000000-0x000001fd61000000, reserved size: 1073741824
Narrow klass base: 0x000001fd20000000, Narrow klass shift: 0, Narrow klass range: 0x41000000

GC Precious Log:
 CardTable entry size: 512
 Card Set container configuration: InlinePtr #cards 5 size 8 Array Of Cards #cards 12 size 40 Howl #buckets 4 coarsen threshold 1843 Howl Bitmap #cards 512 size 80 coarsen threshold 460 Card regions per heap region 1 cards per card region 2048
 CPUs: 8 total, 8 available
 Memory: 8023M
 Large Page Support: Disabled
 NUMA Support: Disabled
 Compressed Oops: Enabled (32-bit)
 Heap Region Size: 1M
 Heap Min Capacity: 8M
 Heap Initial Capacity: 126M
 Heap Max Capacity: 2006M
 Pre-touch: Disabled
 Parallel Workers: 8
 Concurrent Workers: 2
 Concurrent Refinement Workers: 8
 Periodic GC: Disabled

Heap:
 garbage-first heap   total reserved 2054144K, committed 61440K, used 37547K [0x0000000082a00000, 0x0000000100000000)
  region size 1024K, 4 young (4096K), 3 survivors (3072K)
 Metaspace       used 79320K, committed 80384K, reserved 1179648K
  class space    used 11351K, committed 11776K, reserved 1048576K

Heap Regions: E=young(eden), S=young(survivor), O=old, HS=humongous(starts), HC=humongous(continues), CS=collection set, F=free, TAMS=top-at-mark-start, PB=parsable bottom
|   0|0x0000000082a00000, 0x0000000082b00000, 0x0000000082b00000|100%|HS|  |TAMS 0x0000000082b00000| PB 0x0000000082a00000| Complete |  0
|   1|0x0000000082b00000, 0x0000000082c00000, 0x0000000082c00000|100%|HS|  |TAMS 0x0000000082c00000| PB 0x0000000082b00000| Complete |  0
|   2|0x0000000082c00000, 0x0000000082d00000, 0x0000000082d00000|100%| O|  |TAMS 0x0000000082d00000| PB 0x0000000082d00000| Untracked |  0
|   3|0x0000000082d00000, 0x0000000082e00000, 0x0000000082e00000|100%| O|  |TAMS 0x0000000082e00000| PB 0x0000000082e00000| Untracked |  0
|   4|0x0000000082e00000, 0x0000000082f00000, 0x0000000082f00000|100%| O|  |TAMS 0x0000000082f00000| PB 0x0000000082f00000| Untracked |  0
|   5|0x0000000082f00000, 0x0000000083000000, 0x0000000083000000|100%| O|  |TAMS 0x0000000083000000| PB 0x0000000083000000| Updating |  0
|   6|0x0000000083000000, 0x0000000083100000, 0x0000000083100000|100%| O|  |TAMS 0x0000000083100000| PB 0x0000000083100000| Updating |  0
|   7|0x0000000083100000, 0x0000000083200000, 0x0000000083200000|100%| O|  |TAMS 0x0000000083200000| PB 0x0000000083200000| Untracked |  0
|   8|0x0000000083200000, 0x0000000083300000, 0x0000000083300000|100%| O|  |TAMS 0x0000000083300000| PB 0x0000000083300000| Untracked |  0
|   9|0x0000000083300000, 0x0000000083400000, 0x0000000083400000|100%| O|  |TAMS 0x0000000083400000| PB 0x0000000083400000| Updating |  0
|  10|0x0000000083400000, 0x0000000083500000, 0x0000000083500000|100%| O|  |TAMS 0x0000000083500000| PB 0x0000000083500000| Updating |  0
|  11|0x0000000083500000, 0x0000000083600000, 0x0000000083600000|100%| O|  |TAMS 0x0000000083600000| PB 0x0000000083600000| Untracked |  0
|  12|0x0000000083600000, 0x0000000083700000, 0x0000000083700000|100%| O|  |TAMS 0x0000000083700000| PB 0x0000000083700000| Untracked |  0
|  13|0x0000000083700000, 0x0000000083800000, 0x0000000083800000|100%| O|  |TAMS 0x0000000083800000| PB 0x0000000083800000| Updating |  0
|  14|0x0000000083800000, 0x0000000083900000, 0x0000000083900000|100%| O|  |TAMS 0x0000000083900000| PB 0x0000000083900000| Updating |  0
|  15|0x0000000083900000, 0x0000000083a00000, 0x0000000083a00000|100%| O|  |TAMS 0x0000000083a00000| PB 0x0000000083a00000| Untracked |  0
|  16|0x0000000083a00000, 0x0000000083b00000, 0x0000000083b00000|100%| O|  |TAMS 0x0000000083b00000| PB 0x0000000083b00000| Updating |  0
|  17|0x0000000083b00000, 0x0000000083c00000, 0x0000000083c00000|100%| O|  |TAMS 0x0000000083c00000| PB 0x0000000083c00000| Updating |  0
|  18|0x0000000083c00000, 0x0000000083d00000, 0x0000000083d00000|100%| O|  |TAMS 0x0000000083d00000| PB 0x0000000083d00000| Updating |  0
|  19|0x0000000083d00000, 0x0000000083d00000, 0x0000000083e00000|  0%| F|  |TAMS 0x0000000083d00000| PB 0x0000000083d00000| Untracked |  0
|  20|0x0000000083e00000, 0x0000000083f00000, 0x0000000083f00000|100%| O|  |TAMS 0x0000000083f00000| PB 0x0000000083f00000| Updating |  0
|  21|0x0000000083f00000, 0x0000000084000000, 0x0000000084000000|100%| O|  |TAMS 0x0000000084000000| PB 0x0000000084000000| Updating |  0
|  22|0x0000000084000000, 0x0000000084100000, 0x0000000084100000|100%| O|  |TAMS 0x0000000084100000| PB 0x0000000084100000| Untracked |  0
|  23|0x0000000084100000, 0x0000000084200000, 0x0000000084200000|100%| O|  |TAMS 0x0000000084200000| PB 0x0000000084200000| Untracked |  0
|  24|0x0000000084200000, 0x0000000084300000, 0x0000000084300000|100%| O|  |TAMS 0x0000000084300000| PB 0x0000000084300000| Untracked |  0
|  25|0x0000000084300000, 0x0000000084400000, 0x0000000084400000|100%| O|  |TAMS 0x0000000084400000| PB 0x0000000084400000| Untracked |  0
|  26|0x0000000084400000, 0x0000000084500000, 0x0000000084500000|100%| O|  |TAMS 0x0000000084500000| PB 0x0000000084500000| Untracked |  0
|  27|0x0000000084500000, 0x0000000084600000, 0x0000000084600000|100%| O|  |TAMS 0x0000000084600000| PB 0x0000000084600000| Updating |  0
|  28|0x0000000084600000, 0x0000000084700000, 0x0000000084700000|100%| O|  |TAMS 0x0000000084700000| PB 0x0000000084700000| Untracked |  0
|  29|0x0000000084700000, 0x0000000084800000, 0x0000000084800000|100%| O|  |TAMS 0x0000000084800000| PB 0x0000000084800000| Untracked |  0
|  30|0x0000000084800000, 0x0000000084900000, 0x0000000084900000|100%| O|  |TAMS 0x0000000084900000| PB 0x0000000084900000| Updating |  0
|  31|0x0000000084900000, 0x0000000084a00000, 0x0000000084a00000|100%| O|  |TAMS 0x0000000084a00000| PB 0x0000000084a00000| Updating |  0
|  32|0x0000000084a00000, 0x0000000084b00000, 0x0000000084b00000|100%| O|  |TAMS 0x0000000084b00000| PB 0x0000000084b00000| Updating |  0
|  33|0x0000000084b00000, 0x0000000084c00000, 0x0000000084c00000|100%| O|  |TAMS 0x0000000084c00000| PB 0x0000000084c00000| Untracked |  0
|  34|0x0000000084c00000, 0x0000000084c00000, 0x0000000084d00000|  0%| F|  |TAMS 0x0000000084c00000| PB 0x0000000084c00000| Untracked |  0
|  35|0x0000000084d00000, 0x0000000084e00000, 0x0000000084e00000|100%| O|  |TAMS 0x0000000084e00000| PB 0x0000000084e00000| Updating |  0
|  36|0x0000000084e00000, 0x0000000084e2d6c0, 0x0000000084f00000| 17%| O|  |TAMS 0x0000000084e2d6c0| PB 0x0000000084e2d6c0| Updating |  0
|  37|0x0000000084f00000, 0x0000000084f7d610, 0x0000000085000000| 48%| S|CS|TAMS 0x0000000084f00000| PB 0x0000000084f00000| Complete |  0
|  38|0x0000000085000000, 0x0000000085000000, 0x0000000085100000|  0%| F|  |TAMS 0x0000000085000000| PB 0x0000000085000000| Untracked |  0
|  39|0x0000000085100000, 0x0000000085200000, 0x0000000085200000|100%| S|CS|TAMS 0x0000000085100000| PB 0x0000000085100000| Complete |  0
|  40|0x0000000085200000, 0x0000000085300000, 0x0000000085300000|100%| S|CS|TAMS 0x0000000085200000| PB 0x0000000085200000| Complete |  0
|  41|0x0000000085300000, 0x0000000085300000, 0x0000000085400000|  0%| F|  |TAMS 0x0000000085300000| PB 0x0000000085300000| Untracked |  0
|  42|0x0000000085400000, 0x0000000085400000, 0x0000000085500000|  0%| F|  |TAMS 0x0000000085400000| PB 0x0000000085400000| Untracked |  0
|  43|0x0000000085500000, 0x0000000085500000, 0x0000000085600000|  0%| F|  |TAMS 0x0000000085500000| PB 0x0000000085500000| Untracked |  0
|  44|0x0000000085600000, 0x0000000085600000, 0x0000000085700000|  0%| F|  |TAMS 0x0000000085600000| PB 0x0000000085600000| Untracked |  0
|  45|0x0000000085700000, 0x0000000085700000, 0x0000000085800000|  0%| F|  |TAMS 0x0000000085700000| PB 0x0000000085700000| Untracked |  0
|  46|0x0000000085800000, 0x0000000085800000, 0x0000000085900000|  0%| F|  |TAMS 0x0000000085800000| PB 0x0000000085800000| Untracked |  0
|  47|0x0000000085900000, 0x0000000085900000, 0x0000000085a00000|  0%| F|  |TAMS 0x0000000085900000| PB 0x0000000085900000| Untracked |  0
|  48|0x0000000085a00000, 0x0000000085a00000, 0x0000000085b00000|  0%| F|  |TAMS 0x0000000085a00000| PB 0x0000000085a00000| Untracked |  0
|  49|0x0000000085b00000, 0x0000000085b00000, 0x0000000085c00000|  0%| F|  |TAMS 0x0000000085b00000| PB 0x0000000085b00000| Untracked |  0
|  50|0x0000000085c00000, 0x0000000085c00000, 0x0000000085d00000|  0%| F|  |TAMS 0x0000000085c00000| PB 0x0000000085c00000| Untracked |  0
|  51|0x0000000085d00000, 0x0000000085d00000, 0x0000000085e00000|  0%| F|  |TAMS 0x0000000085d00000| PB 0x0000000085d00000| Untracked |  0
|  74|0x0000000087400000, 0x0000000087400000, 0x0000000087500000|  0%| F|  |TAMS 0x0000000087400000| PB 0x0000000087400000| Untracked |  0
|  75|0x0000000087500000, 0x0000000087500000, 0x0000000087600000|  0%| F|  |TAMS 0x0000000087500000| PB 0x0000000087500000| Untracked |  0
|  76|0x0000000087600000, 0x0000000087600000, 0x0000000087700000|  0%| F|  |TAMS 0x0000000087600000| PB 0x0000000087600000| Untracked |  0
|  77|0x0000000087700000, 0x0000000087700000, 0x0000000087800000|  0%| F|  |TAMS 0x0000000087700000| PB 0x0000000087700000| Untracked |  0
|  78|0x0000000087800000, 0x0000000087800000, 0x0000000087900000|  0%| F|  |TAMS 0x0000000087800000| PB 0x0000000087800000| Untracked |  0
|  79|0x0000000087900000, 0x0000000087900000, 0x0000000087a00000|  0%| F|  |TAMS 0x0000000087900000| PB 0x0000000087900000| Untracked |  0
| 124|0x000000008a600000, 0x000000008a600000, 0x000000008a700000|  0%| F|  |TAMS 0x000000008a600000| PB 0x000000008a600000| Untracked |  0
| 125|0x000000008a700000, 0x000000008a703b38, 0x000000008a800000|  1%| E|  |TAMS 0x000000008a700000| PB 0x000000008a700000| Complete |  0

Card table byte_map: [0x000001fd1a670000,0x000001fd1aa60000] _byte_map_base: 0x000001fd1a25b000

Marking Bits: (CMBitMap*) 0x000001fd0ee8f5b0
 Bits: [0x000001fd1aa60000, 0x000001fd1c9b8000)

Polling page: 0x000001fd0cce0000

Metaspace:

Usage:
  Non-class:     66.38 MB used.
      Class:     11.09 MB used.
       Both:     77.46 MB used.

Virtual space:
  Non-class space:      128.00 MB reserved,      67.00 MB ( 52%) committed,  2 nodes.
      Class space:        1.00 GB reserved,      11.50 MB (  1%) committed,  1 nodes.
             Both:        1.12 GB reserved,      78.50 MB (  7%) committed. 

Chunk freelists:
   Non-Class:  12.81 MB
       Class:  4.67 MB
        Both:  17.48 MB

MaxMetaspaceSize: unlimited
CompressedClassSpaceSize: 1.00 GB
Initial GC threshold: 21.00 MB
Current GC threshold: 117.62 MB
CDS: on
 - commit_granule_bytes: 65536.
 - commit_granule_words: 8192.
 - virtual_space_node_default_size: 8388608.
 - enlarge_chunks_in_place: 1.
 - use_allocation_guard: 0.


Internal statistics:

num_allocs_failed_limit: 9.
num_arena_births: 1070.
num_arena_deaths: 316.
num_vsnodes_births: 3.
num_vsnodes_deaths: 0.
num_space_committed: 1256.
num_space_uncommitted: 0.
num_chunks_returned_to_freelist: 362.
num_chunks_taken_from_freelist: 3731.
num_chunk_merges: 100.
num_chunk_splits: 2778.
num_chunks_enlarged: 2199.
num_inconsistent_stats: 0.

CodeCache: size=49152Kb used=12500Kb max_used=14688Kb free=36651Kb
 bounds [0x000001fd17170000, 0x000001fd18040000, 0x000001fd1a170000]
 total_blobs=7607 nmethods=6791 adapters=737
 compilation: enabled
              stopped_count=0, restarted_count=0
 full_count=0

Compilation events (20 events):
Event: 56.339 Thread 0x000001fd1f4dd4d0 7938       1       com.fasterxml.jackson.databind.introspect.AnnotationCollector::emptyCollector (4 bytes)
Event: 56.339 Thread 0x000001fd1f4dd4d0 nmethod 7938 0x000001fd1735f890 code [0x000001fd1735fa20, 0x000001fd1735fad0]
Event: 56.339 Thread 0x000001fd1f4dd4d0 7941       1       com.fasterxml.jackson.databind.AnnotationIntrospector::hasIgnoreMarker (2 bytes)
Event: 56.339 Thread 0x000001fd1f4dd4d0 nmethod 7941 0x000001fd1735f590 code [0x000001fd1735f720, 0x000001fd1735f7e8]
Event: 56.339 Thread 0x000001fd1f4dd4d0 7936       1       com.fasterxml.jackson.databind.util.internal.PrivateMaxEntriesMap$Node::setNext (9 bytes)
Event: 56.339 Thread 0x000001fd1f4dd4d0 nmethod 7936 0x000001fd1735f210 code [0x000001fd1735f3a0, 0x000001fd1735f4f0]
Event: 56.339 Thread 0x000001fd1f4dd4d0 7937       1       com.fasterxml.jackson.databind.util.internal.PrivateMaxEntriesMap$Node::setPrevious (9 bytes)
Event: 56.339 Thread 0x000001fd1f4dd4d0 nmethod 7937 0x000001fd1735ee90 code [0x000001fd1735f020, 0x000001fd1735f170]
Event: 56.339 Thread 0x000001fd1f4dd4d0 7940       1       com.fasterxml.jackson.databind.type.TypeFactory::_findWellKnownSimple (86 bytes)
Event: 56.339 Thread 0x000001fd1f4dd4d0 nmethod 7940 0x000001fd1735e910 code [0x000001fd1735eb00, 0x000001fd1735ede0]
Event: 56.345 Thread 0x000001fd1f4dd4d0 7942       1       com.fasterxml.jackson.databind.util.internal.LinkedDeque::contains (32 bytes)
Event: 56.346 Thread 0x000001fd1f4dd4d0 nmethod 7942 0x000001fd1735e510 code [0x000001fd1735e6a0, 0x000001fd1735e818]
Event: 56.353 Thread 0x000001fd1f4dd4d0 7943       1       com.fasterxml.jackson.databind.introspect.BasicBeanDescription::getClassInfo (5 bytes)
Event: 56.353 Thread 0x000001fd1f4dd4d0 nmethod 7943 0x000001fd1735dd10 code [0x000001fd1735dea0, 0x000001fd1735df68]
Event: 56.354 Thread 0x000001fd1f4dd4d0 7944       1       java.lang.reflect.Method::setAccessible (21 bytes)
Event: 56.354 Thread 0x000001fd1f4dd4d0 nmethod 7944 0x000001fd1735d910 code [0x000001fd1735dac0, 0x000001fd1735dc08]
Event: 56.354 Thread 0x000001fd1f4dd4d0 7945       1       java.lang.reflect.Method::checkCanSetAccessible (10 bytes)
Event: 56.354 Thread 0x000001fd1f4dd4d0 nmethod 7945 0x000001fd1735d610 code [0x000001fd1735d7a0, 0x000001fd1735d888]
Event: 56.357 Thread 0x000001fd1f4dd4d0 7946       1       com.fasterxml.jackson.databind.util.internal.PrivateMaxEntriesMap::checkNotNull (13 bytes)
Event: 56.357 Thread 0x000001fd1f4dd4d0 nmethod 7946 0x000001fd1735d290 code [0x000001fd1735d420, 0x000001fd1735d560]

GC Heap History (20 events):
Event: 7.209 GC heap before
{Heap before GC invocations=11 (full 0):
 garbage-first heap   total reserved 2054144K, committed 61440K, used 52672K [0x0000000082a00000, 0x0000000100000000)
  region size 1024K, 33 young (33792K), 4 survivors (4096K)
 Metaspace       used 52794K, committed 53440K, reserved 1114112K
  class space    used 7186K, committed 7488K, reserved 1048576K
}
Event: 7.216 GC heap after
{Heap after GC invocations=12 (full 0):
 garbage-first heap   total reserved 2054144K, committed 61440K, used 26286K [0x0000000082a00000, 0x0000000100000000)
  region size 1024K, 5 young (5120K), 5 survivors (5120K)
 Metaspace       used 52794K, committed 53440K, reserved 1114112K
  class space    used 7186K, committed 7488K, reserved 1048576K
}
Event: 8.040 GC heap before
{Heap before GC invocations=12 (full 0):
 garbage-first heap   total reserved 2054144K, committed 61440K, used 51886K [0x0000000082a00000, 0x0000000100000000)
  region size 1024K, 31 young (31744K), 5 survivors (5120K)
 Metaspace       used 57936K, committed 58560K, reserved 1114112K
  class space    used 8000K, committed 8256K, reserved 1048576K
}
Event: 8.045 GC heap after
{Heap after GC invocations=13 (full 0):
 garbage-first heap   total reserved 2054144K, committed 61440K, used 28054K [0x0000000082a00000, 0x0000000100000000)
  region size 1024K, 2 young (2048K), 2 survivors (2048K)
 Metaspace       used 57936K, committed 58560K, reserved 1114112K
  class space    used 8000K, committed 8256K, reserved 1048576K
}
Event: 8.295 GC heap before
{Heap before GC invocations=13 (full 0):
 garbage-first heap   total reserved 2054144K, committed 61440K, used 38294K [0x0000000082a00000, 0x0000000100000000)
  region size 1024K, 13 young (13312K), 2 survivors (2048K)
 Metaspace       used 59993K, committed 60608K, reserved 1114112K
  class space    used 8263K, committed 8512K, reserved 1048576K
}
Event: 8.298 GC heap after
{Heap after GC invocations=14 (full 0):
 garbage-first heap   total reserved 2054144K, committed 61440K, used 28399K [0x0000000082a00000, 0x0000000100000000)
  region size 1024K, 3 young (3072K), 3 survivors (3072K)
 Metaspace       used 59993K, committed 60608K, reserved 1114112K
  class space    used 8263K, committed 8512K, reserved 1048576K
}
Event: 8.851 GC heap before
{Heap before GC invocations=15 (full 0):
 garbage-first heap   total reserved 2054144K, committed 61440K, used 53999K [0x0000000082a00000, 0x0000000100000000)
  region size 1024K, 28 young (28672K), 3 survivors (3072K)
 Metaspace       used 65520K, committed 66240K, reserved 1114112K
  class space    used 9296K, committed 9600K, reserved 1048576K
}
Event: 8.854 GC heap after
{Heap after GC invocations=16 (full 0):
 garbage-first heap   total reserved 2054144K, committed 61440K, used 29302K [0x0000000082a00000, 0x0000000100000000)
  region size 1024K, 4 young (4096K), 4 survivors (4096K)
 Metaspace       used 65520K, committed 66240K, reserved 1114112K
  class space    used 9296K, committed 9600K, reserved 1048576K
}
Event: 9.673 GC heap before
{Heap before GC invocations=16 (full 0):
 garbage-first heap   total reserved 2054144K, committed 61440K, used 51830K [0x0000000082a00000, 0x0000000100000000)
  region size 1024K, 27 young (27648K), 4 survivors (4096K)
 Metaspace       used 68593K, committed 69312K, reserved 1114112K
  class space    used 9799K, committed 10112K, reserved 1048576K
}
Event: 9.677 GC heap after
{Heap after GC invocations=17 (full 0):
 garbage-first heap   total reserved 2054144K, committed 61440K, used 29992K [0x0000000082a00000, 0x0000000100000000)
  region size 1024K, 3 young (3072K), 3 survivors (3072K)
 Metaspace       used 68593K, committed 69312K, reserved 1114112K
  class space    used 9799K, committed 10112K, reserved 1048576K
}
Event: 17.784 GC heap before
{Heap before GC invocations=17 (full 0):
 garbage-first heap   total reserved 2054144K, committed 61440K, used 53544K [0x0000000082a00000, 0x0000000100000000)
  region size 1024K, 27 young (27648K), 3 survivors (3072K)
 Metaspace       used 68969K, committed 69696K, reserved 1114112K
  class space    used 9888K, committed 10176K, reserved 1048576K
}
Event: 17.788 GC heap after
{Heap after GC invocations=18 (full 0):
 garbage-first heap   total reserved 2054144K, committed 61440K, used 31568K [0x0000000082a00000, 0x0000000100000000)
  region size 1024K, 4 young (4096K), 4 survivors (4096K)
 Metaspace       used 68969K, committed 69696K, reserved 1114112K
  class space    used 9888K, committed 10176K, reserved 1048576K
}
Event: 24.779 GC heap before
{Heap before GC invocations=18 (full 0):
 garbage-first heap   total reserved 2054144K, committed 61440K, used 53072K [0x0000000082a00000, 0x0000000100000000)
  region size 1024K, 25 young (25600K), 4 survivors (4096K)
 Metaspace       used 71548K, committed 72256K, reserved 1114112K
  class space    used 10207K, committed 10496K, reserved 1048576K
}
Event: 24.784 GC heap after
{Heap after GC invocations=19 (full 0):
 garbage-first heap   total reserved 2054144K, committed 61440K, used 33671K [0x0000000082a00000, 0x0000000100000000)
  region size 1024K, 4 young (4096K), 4 survivors (4096K)
 Metaspace       used 71548K, committed 72256K, reserved 1114112K
  class space    used 10207K, committed 10496K, reserved 1048576K
}
Event: 25.388 GC heap before
{Heap before GC invocations=20 (full 0):
 garbage-first heap   total reserved 2054144K, committed 61440K, used 53127K [0x0000000082a00000, 0x0000000100000000)
  region size 1024K, 23 young (23552K), 4 survivors (4096K)
 Metaspace       used 72754K, committed 73472K, reserved 1114112K
  class space    used 10415K, committed 10752K, reserved 1048576K
}
Event: 25.392 GC heap after
{Heap after GC invocations=21 (full 0):
 garbage-first heap   total reserved 2054144K, committed 61440K, used 35559K [0x0000000082a00000, 0x0000000100000000)
  region size 1024K, 3 young (3072K), 3 survivors (3072K)
 Metaspace       used 72754K, committed 73472K, reserved 1114112K
  class space    used 10415K, committed 10752K, reserved 1048576K
}
Event: 52.047 GC heap before
{Heap before GC invocations=21 (full 0):
 garbage-first heap   total reserved 2054144K, committed 61440K, used 53991K [0x0000000082a00000, 0x0000000100000000)
  region size 1024K, 21 young (21504K), 3 survivors (3072K)
 Metaspace       used 74894K, committed 75648K, reserved 1114112K
  class space    used 10740K, committed 11072K, reserved 1048576K
}
Event: 52.057 GC heap after
{Heap after GC invocations=22 (full 0):
 garbage-first heap   total reserved 2054144K, committed 61440K, used 36774K [0x0000000082a00000, 0x0000000100000000)
  region size 1024K, 2 young (2048K), 2 survivors (2048K)
 Metaspace       used 74894K, committed 75648K, reserved 1114112K
  class space    used 10740K, committed 11072K, reserved 1048576K
}
Event: 56.894 GC heap before
{Heap before GC invocations=22 (full 0):
 garbage-first heap   total reserved 2054144K, committed 61440K, used 54182K [0x0000000082a00000, 0x0000000100000000)
  region size 1024K, 20 young (20480K), 2 survivors (2048K)
 Metaspace       used 79604K, committed 80384K, reserved 1179648K
  class space    used 11430K, committed 11776K, reserved 1048576K
}
Event: 56.898 GC heap after
{Heap after GC invocations=23 (full 0):
 garbage-first heap   total reserved 2054144K, committed 61440K, used 37547K [0x0000000082a00000, 0x0000000100000000)
  region size 1024K, 3 young (3072K), 3 survivors (3072K)
 Metaspace       used 79604K, committed 80384K, reserved 1179648K
  class space    used 11430K, committed 11776K, reserved 1048576K
}

Dll operation events (13 events):
Event: 0.016 Loaded shared library C:\Users\josey\.jdks\openjdk-22.0.2\bin\java.dll
Event: 0.160 Loaded shared library C:\Users\josey\.jdks\openjdk-22.0.2\bin\zip.dll
Event: 0.168 Loaded shared library C:\Users\josey\.jdks\openjdk-22.0.2\bin\instrument.dll
Event: 0.176 Loaded shared library C:\Users\josey\.jdks\openjdk-22.0.2\bin\net.dll
Event: 0.179 Loaded shared library C:\Users\josey\.jdks\openjdk-22.0.2\bin\nio.dll
Event: 0.184 Loaded shared library C:\Users\josey\.jdks\openjdk-22.0.2\bin\zip.dll
Event: 0.238 Loaded shared library C:\Users\josey\.jdks\openjdk-22.0.2\bin\jimage.dll
Event: 0.300 Loaded shared library C:\Program Files\JetBrains\IntelliJ IDEA 2024.3\bin\breakgen64.dll
Event: 0.317 Loaded shared library C:\Users\josey\.jdks\openjdk-22.0.2\bin\extnet.dll
Event: 0.329 Loaded shared library C:\Users\josey\.jdks\openjdk-22.0.2\bin\management.dll
Event: 0.352 Loaded shared library C:\Users\josey\.jdks\openjdk-22.0.2\bin\management_ext.dll
Event: 2.394 Loaded shared library C:\Users\josey\.jdks\openjdk-22.0.2\bin\sunmscapi.dll
Event: 4.218 Loaded shared library C:\Users\josey\.jdks\openjdk-22.0.2\bin\verify.dll

Deoptimization events (0 events):
No events

Classes loaded (20 events):
Event: 52.007 Loading class java/nio/channels/spi/AbstractSelectionKey done
Event: 52.007 Loading class sun/nio/ch/SelectionKeyImpl done
Event: 52.007 Loading class java/lang/invoke/ConstantBootstraps
Event: 52.008 Loading class java/lang/invoke/ConstantBootstraps done
Event: 52.223 Loading class java/util/concurrent/locks/ReentrantReadWriteLock$Sync$HoldCounter
Event: 52.223 Loading class java/util/concurrent/locks/ReentrantReadWriteLock$Sync$HoldCounter done
Event: 52.296 Loading class java/util/ArrayList$SubList$2
Event: 52.297 Loading class java/util/ArrayList$SubList$2 done
Event: 52.406 Loading class java/time/format/DateTimeFormatterBuilder$ZoneTextPrinterParser
Event: 52.407 Loading class java/time/format/DateTimeFormatterBuilder$ZoneTextPrinterParser done
Event: 52.407 Loading class java/time/format/DateTimeFormatterBuilder$ReducedPrinterParser
Event: 52.408 Loading class java/time/format/DateTimeFormatterBuilder$ReducedPrinterParser done
Event: 52.960 Loading class java/util/AbstractMap$SimpleEntry
Event: 52.963 Loading class java/util/AbstractMap$SimpleEntry done
Event: 53.065 Loading class java/util/stream/LongStream
Event: 53.067 Loading class java/util/stream/LongStream done
Event: 53.067 Loading class java/util/stream/DoubleStream
Event: 53.069 Loading class java/util/stream/DoubleStream done
Event: 56.340 Loading class org/w3c/dom/Document
Event: 56.340 Loading class org/w3c/dom/Document done

Classes unloaded (20 events):
Event: 56.938 Thread 0x000001fd1f4783a0 Unloading class 0x000001fd210d0800 'java/lang/invoke/LambdaForm$MH+0x000001fd210d0800'
Event: 56.938 Thread 0x000001fd1f4783a0 Unloading class 0x000001fd210c6400 'java/lang/invoke/LambdaForm$MH+0x000001fd210c6400'
Event: 56.938 Thread 0x000001fd1f4783a0 Unloading class 0x000001fd210c5800 'java/lang/invoke/LambdaForm$MH+0x000001fd210c5800'
Event: 56.938 Thread 0x000001fd1f4783a0 Unloading class 0x000001fd210c5400 'java/lang/invoke/LambdaForm$MH+0x000001fd210c5400'
Event: 56.938 Thread 0x000001fd1f4783a0 Unloading class 0x000001fd210c5000 'java/lang/invoke/LambdaForm$MH+0x000001fd210c5000'
Event: 56.938 Thread 0x000001fd1f4783a0 Unloading class 0x000001fd210c4800 'java/lang/invoke/LambdaForm$MH+0x000001fd210c4800'
Event: 56.938 Thread 0x000001fd1f4783a0 Unloading class 0x000001fd210c4000 'java/lang/invoke/LambdaForm$MH+0x000001fd210c4000'
Event: 56.938 Thread 0x000001fd1f4783a0 Unloading class 0x000001fd210c0800 'java/lang/invoke/LambdaForm$DMH+0x000001fd210c0800'
Event: 56.938 Thread 0x000001fd1f4783a0 Unloading class 0x000001fd210c0000 'java/lang/invoke/LambdaForm$DMH+0x000001fd210c0000'
Event: 56.938 Thread 0x000001fd1f4783a0 Unloading class 0x000001fd2100cc00 'java/lang/invoke/LambdaForm$MH+0x000001fd2100cc00'
Event: 56.938 Thread 0x000001fd1f4783a0 Unloading class 0x000001fd2100c800 'java/lang/invoke/LambdaForm$DMH+0x000001fd2100c800'
Event: 56.938 Thread 0x000001fd1f4783a0 Unloading class 0x000001fd2100c400 'java/lang/invoke/LambdaForm$DMH+0x000001fd2100c400'
Event: 56.938 Thread 0x000001fd1f4783a0 Unloading class 0x000001fd2100ac00 'java/lang/invoke/LambdaForm$MH+0x000001fd2100ac00'
Event: 56.938 Thread 0x000001fd1f4783a0 Unloading class 0x000001fd21007c00 'java/lang/invoke/LambdaForm$MH+0x000001fd21007c00'
Event: 56.938 Thread 0x000001fd1f4783a0 Unloading class 0x000001fd21007800 'java/lang/invoke/LambdaForm$MH+0x000001fd21007800'
Event: 56.938 Thread 0x000001fd1f4783a0 Unloading class 0x000001fd21007000 'java/lang/invoke/LambdaForm$MH+0x000001fd21007000'
Event: 56.938 Thread 0x000001fd1f4783a0 Unloading class 0x000001fd21003400 'java/lang/invoke/LambdaForm$MH+0x000001fd21003400'
Event: 56.938 Thread 0x000001fd1f4783a0 Unloading class 0x000001fd21003000 'java/lang/invoke/LambdaForm$MH+0x000001fd21003000'
Event: 56.938 Thread 0x000001fd1f4783a0 Unloading class 0x000001fd21002c00 'java/lang/invoke/LambdaForm$MH+0x000001fd21002c00'
Event: 56.938 Thread 0x000001fd1f4783a0 Unloading class 0x000001fd21002400 'java/lang/invoke/LambdaForm$MH+0x000001fd21002400'

Classes redefined (0 events):
No events

Internal exceptions (20 events):
Event: 16.424 Thread 0x000001fd658fbf90 Exception <a 'sun/nio/fs/WindowsException'{0x000000008539d628}> (0x000000008539d628) 
thrown [s\open\src\hotspot\share\prims\jni.cpp, line 520]
Event: 17.762 Thread 0x000001fd658fbf90 Exception <a 'sun/nio/fs/WindowsException'{0x0000000084fd3ac0}> (0x0000000084fd3ac0) 
thrown [s\open\src\hotspot\share\prims\jni.cpp, line 520]
Event: 23.390 Thread 0x000001fd658f8b10 Exception <a 'java/lang/NoSuchMethodError'{0x0000000087784108}: 'void java.lang.invoke.Invokers$Holder.invokeExact_MT(java.lang.Object, java.lang.Object, java.lang.Object, java.lang.Object)'> (0x0000000087784108) 
thrown [s\open\src\hotspot\share\interpreter\linkResolver.cpp, line 774]
Event: 23.523 Thread 0x000001fd658f8b10 Exception <a 'java/lang/IncompatibleClassChangeError'{0x0000000085c41eb0}: Found class java.lang.Object, but interface was expected> (0x0000000085c41eb0) 
thrown [s\open\src\hotspot\share\interpreter\linkResolver.cpp, line 841]
Event: 24.194 Thread 0x000001fd658f8b10 Exception <a 'java/lang/IncompatibleClassChangeError'{0x0000000085a2e858}: Found class java.lang.Object, but interface was expected> (0x0000000085a2e858) 
thrown [s\open\src\hotspot\share\interpreter\linkResolver.cpp, line 841]
Event: 24.626 Thread 0x000001fd658f8b10 Exception <a 'java/lang/IncompatibleClassChangeError'{0x00000000853034e0}: Found class java.lang.Object, but interface was expected> (0x00000000853034e0) 
thrown [s\open\src\hotspot\share\interpreter\linkResolver.cpp, line 841]
Event: 24.892 Thread 0x000001fd658f8b10 Exception <a 'java/lang/NoSuchMethodError'{0x00000000875214a0}: 'java.lang.Object java.lang.invoke.DirectMethodHandle$Holder.invokeInterface(java.lang.Object, java.lang.Object, java.lang.Object, java.lang.Object)'> (0x00000000875214a0) 
thrown [s\open\src\hotspot\share\interpreter\linkResolver.cpp, line 774]
Event: 25.006 Thread 0x000001fd658f8b10 Exception <a 'java/lang/NoSuchMethodError'{0x0000000085d14010}: 'java.lang.Object java.lang.invoke.DirectMethodHandle$Holder.newInvokeSpecial(java.lang.Object, java.lang.Object, java.lang.Object, java.lang.Object, java.lang.Object, java.lang.Object, java.lang.Object, java.lang.Object)'> (0x0000000085d14010) 
thrown [s\open\src\hotspot\share\interpreter\linkResolver.cpp, line 774]
Event: 25.393 Thread 0x000001fd658f8b10 Exception <a 'java/lang/IncompatibleClassChangeError'{0x000000008a7045d0}: Found class java.lang.Object, but interface was expected> (0x000000008a7045d0) 
thrown [s\open\src\hotspot\share\interpreter\linkResolver.cpp, line 841]
Event: 25.468 Thread 0x000001fd658f8b10 Exception <a 'java/lang/NoSuchMethodError'{0x000000008a6dc4b8}: 'void java.lang.invoke.DirectMethodHandle$Holder.invokeVirtual(java.lang.Object, java.lang.Object, long)'> (0x000000008a6dc4b8) 
thrown [s\open\src\hotspot\share\interpreter\linkResolver.cpp, line 774]
Event: 25.546 Thread 0x000001fd658f8b10 Exception <a 'java/lang/NoSuchMethodError'{0x000000008774e6e8}: 'int java.lang.invoke.DirectMethodHandle$Holder.invokeStaticInit(java.lang.Object, java.lang.Object, java.lang.Object, java.lang.Object)'> (0x000000008774e6e8) 
thrown [s\open\src\hotspot\share\interpreter\linkResolver.cpp, line 774]
Event: 25.639 Thread 0x000001fd658f8b10 Exception <a 'java/lang/IncompatibleClassChangeError'{0x000000008744c870}: Found class java.lang.Object, but interface was expected> (0x000000008744c870) 
thrown [s\open\src\hotspot\share\interpreter\linkResolver.cpp, line 841]
Event: 25.680 Thread 0x000001fd658f8b10 Exception <a 'java/lang/NoSuchMethodError'{0x0000000085dd1278}: 'java.lang.Object java.lang.invoke.Invokers$Holder.invoke_MT(java.lang.Object, java.lang.Object, java.lang.Object, java.lang.Object, java.lang.Object, java.lang.Object, java.lang.Object, java.lang.Object, java.lang.Object, java.lang.Object, java.lang.Object)'> (0x0000000085dd1278) 
thrown [s\open\src\hotspot\share\interpreter\linkResolver.cpp, line 774]
Event: 25.793 Thread 0x000001fd658f8b10 Exception <a 'java/lang/NoSuchMethodError'{0x00000000859b0fe0}: 'java.lang.Object java.lang.invoke.DirectMethodHandle$Holder.newInvokeSpecial(java.lang.Object, java.lang.Object, int, java.lang.Object, java.lang.Object)'> (0x00000000859b0fe0) 
thrown [s\open\src\hotspot\share\interpreter\linkResolver.cpp, line 774]
Event: 25.888 Thread 0x000001fd1f4d7220 Exception <a 'java/lang/NoSuchMethodError'{0x00000000857cab70}: 'java.lang.Object java.lang.invoke.DirectMethodHandle$Holder.invokeInterface(java.lang.Object, java.lang.Object, java.lang.Object, java.lang.Object, java.lang.Object, java.lang.Object, java.lang.Object)'> (0x00000000857cab70) 
thrown [s\open\src\hotspot\share\interpreter\linkResolver.cpp, line 774]
Event: 27.897 Thread 0x000001fd658fabe0 Exception <a 'java/net/ConnectException'{0x0000000085654240}: Connection timed out: getsockopt> (0x0000000085654240) 
thrown [s\open\src\hotspot\share\prims\jni.cpp, line 539]
Event: 48.909 Thread 0x000001fd658fabe0 Exception <a 'java/net/ConnectException'{0x0000000085659e80}: Connection timed out: getsockopt> (0x0000000085659e80) 
thrown [s\open\src\hotspot\share\prims\jni.cpp, line 539]
Event: 52.124 Thread 0x000001fd66317de0 Exception <a 'java/lang/NoSuchMethodError'{0x000000008a7e6818}: 'java.lang.Object java.lang.invoke.DirectMethodHandle$Holder.invokeSpecial(java.lang.Object, java.lang.Object, java.lang.Object, java.lang.Object, java.lang.Object, long)'> (0x000000008a7e6818) 
thrown [s\open\src\hotspot\share\interpreter\linkResolver.cpp, line 774]
Event: 52.124 Thread 0x000001fd66317de0 Exception <a 'java/lang/NoSuchMethodError'{0x000000008a7ea018}: 'java.lang.Object java.lang.invoke.Invokers$Holder.linkToTargetMethod(java.lang.Object, java.lang.Object, java.lang.Object, long, java.lang.Object)'> (0x000000008a7ea018) 
thrown [s\open\src\hotspot\share\interpreter\linkResolver.cpp, line 774]
Event: 56.309 Thread 0x000001fd66317750 Exception <a 'java/lang/IncompatibleClassChangeError'{0x0000000085435618}: Found class java.lang.Object, but interface was expected> (0x0000000085435618) 
thrown [s\open\src\hotspot\share\interpreter\linkResolver.cpp, line 841]

ZGC Phase Switch (0 events):
No events

VM Operations (20 events):
Event: 52.178 Executing VM operation: HandshakeAllThreads (Deoptimize) done
Event: 52.486 Executing VM operation: HandshakeAllThreads (Deoptimize)
Event: 52.486 Executing VM operation: HandshakeAllThreads (Deoptimize) done
Event: 52.581 Executing VM operation: HandshakeAllThreads (Deoptimize)
Event: 52.581 Executing VM operation: HandshakeAllThreads (Deoptimize) done
Event: 53.087 Executing VM operation: HandshakeAllThreads (Deoptimize)
Event: 53.087 Executing VM operation: HandshakeAllThreads (Deoptimize) done
Event: 53.087 Executing VM operation: Cleanup
Event: 53.087 Executing VM operation: Cleanup done
Event: 54.088 Executing VM operation: Cleanup
Event: 54.088 Executing VM operation: Cleanup done
Event: 55.841 Executing VM operation: HandshakeAllThreads (Deoptimize)
Event: 55.841 Executing VM operation: HandshakeAllThreads (Deoptimize) done
Event: 55.841 Executing VM operation: Cleanup
Event: 55.841 Executing VM operation: Cleanup done
Event: 56.842 Executing VM operation: Cleanup
Event: 56.842 Executing VM operation: Cleanup done
Event: 56.894 Executing VM operation: G1CollectForAllocation (G1 Evacuation Pause)
Event: 56.898 Executing VM operation: G1CollectForAllocation (G1 Evacuation Pause) done
Event: 56.937 Executing VM operation: G1PauseRemark

Memory protections (0 events):
No events

Nmethod flushes (20 events):
Event: 56.960 Thread 0x000001fd1f4783a0 flushing  nmethod 0x000001fd17a20390
Event: 56.960 Thread 0x000001fd1f4783a0 flushing  nmethod 0x000001fd17a21610
Event: 56.960 Thread 0x000001fd1f4783a0 flushing  nmethod 0x000001fd17a22410
Event: 56.960 Thread 0x000001fd1f4783a0 flushing  nmethod 0x000001fd17a31c90
Event: 56.960 Thread 0x000001fd1f4783a0 flushing  nmethod 0x000001fd17a34310
Event: 56.960 Thread 0x000001fd1f4783a0 flushing  nmethod 0x000001fd17a50910
Event: 56.960 Thread 0x000001fd1f4783a0 flushing  nmethod 0x000001fd17a6e610
Event: 56.960 Thread 0x000001fd1f4783a0 flushing  nmethod 0x000001fd17a6f090
Event: 56.960 Thread 0x000001fd1f4783a0 flushing  nmethod 0x000001fd17a6f690
Event: 56.960 Thread 0x000001fd1f4783a0 flushing  nmethod 0x000001fd17a70a10
Event: 56.960 Thread 0x000001fd1f4783a0 flushing  nmethod 0x000001fd17a8a090
Event: 56.960 Thread 0x000001fd1f4783a0 flushing  nmethod 0x000001fd17a8ad90
Event: 56.960 Thread 0x000001fd1f4783a0 flushing  nmethod 0x000001fd17a94510
Event: 56.960 Thread 0x000001fd1f4783a0 flushing  nmethod 0x000001fd17a94890
Event: 56.960 Thread 0x000001fd1f4783a0 flushing  nmethod 0x000001fd17a98490
Event: 56.960 Thread 0x000001fd1f4783a0 flushing  nmethod 0x000001fd17a99210
Event: 56.960 Thread 0x000001fd1f4783a0 flushing  nmethod 0x000001fd17a9cc10
Event: 56.960 Thread 0x000001fd1f4783a0 flushing  nmethod 0x000001fd17b00f10
Event: 56.960 Thread 0x000001fd1f4783a0 flushing  nmethod 0x000001fd17d3e690
Event: 56.960 Thread 0x000001fd1f4783a0 flushing  nmethod 0x000001fd17d94a10

Events (20 events):
Event: 25.804 Thread 0x000001fd658f8b10 Thread added: 0x000001fd66314ff0
Event: 25.833 Thread 0x000001fd658f8b10 Thread added: 0x000001fd658fbf90
Event: 25.836 Thread 0x000001fd658f8b10 Thread added: 0x000001fd685ec1f0
Event: 25.855 Thread 0x000001fd658f8b10 Thread exited: 0x000001fd658f8b10
Event: 25.859 Thread 0x000001fd658f70d0 Thread exited: 0x000001fd658f70d0
Event: 25.860 Thread 0x000001fd0ee3a7e0 Thread exited: 0x000001fd0ee3a7e0
Event: 25.860 Thread 0x000001fd685eb4d0 Thread added: 0x000001fd685eb4d0
Event: 25.879 Thread 0x000001fd1f4d7220 Thread added: 0x000001fd685ed5a0
Event: 25.884 Thread 0x000001fd685ed5a0 Thread exited: 0x000001fd685ed5a0
Event: 25.885 Thread 0x000001fd1f4d7220 Thread added: 0x000001fd685ebb60
Event: 25.910 Thread 0x000001fd685ebb60 Thread exited: 0x000001fd685ebb60
Event: 25.914 Thread 0x000001fd1f4d7220 Thread added: 0x000001fd685ee2c0
Event: 25.935 Thread 0x000001fd685ee2c0 Thread exited: 0x000001fd685ee2c0
Event: 27.382 Thread 0x000001fd65a11fd0 Thread exited: 0x000001fd65a11fd0
Event: 40.345 Thread 0x000001fd1f4dd4d0 Thread added: 0x000001fd65a10b60
Event: 40.345 Thread 0x000001fd1f4dd4d0 Thread added: 0x000001fd65a10490
Event: 43.480 Thread 0x000001fd65a10490 Thread exited: 0x000001fd65a10490
Event: 48.915 Thread 0x000001fd658fabe0 Thread added: 0x000001fd685ee2c0
Event: 49.706 Thread 0x000001fd65a10b60 Thread exited: 0x000001fd65a10b60
Event: 50.918 Thread 0x000001fd658fabe0 Thread exited: 0x000001fd658fabe0


Dynamic libraries:
0x00007ff7cd270000 - 0x00007ff7cd27e000 	C:\Users\josey\.jdks\openjdk-22.0.2\bin\java.exe
0x00007ff8b8ea0000 - 0x00007ff8b9103000 	C:\WINDOWS\SYSTEM32\ntdll.dll
0x00007ff8b78b0000 - 0x00007ff8b7978000 	C:\WINDOWS\System32\KERNEL32.DLL
0x00007ff8b6730000 - 0x00007ff8b6ae2000 	C:\WINDOWS\System32\KERNELBASE.dll
0x00007ff8b6270000 - 0x00007ff8b63bb000 	C:\WINDOWS\System32\ucrtbase.dll
0x00007ff8b0fc0000 - 0x00007ff8b0fd7000 	C:\Users\josey\.jdks\openjdk-22.0.2\bin\jli.dll
0x00007ff8afc20000 - 0x00007ff8afc3b000 	C:\Users\josey\.jdks\openjdk-22.0.2\bin\VCRUNTIME140.dll
0x00007ff8b8770000 - 0x00007ff8b8938000 	C:\WINDOWS\System32\USER32.dll
0x00007ff89b0d0000 - 0x00007ff89b360000 	C:\WINDOWS\WinSxS\amd64_microsoft.windows.common-controls_6595b64144ccf1df_6.0.26100.2454_none_3e0b68a2e331ad60\COMCTL32.dll
0x00007ff8b6af0000 - 0x00007ff8b6b17000 	C:\WINDOWS\System32\win32u.dll
0x00007ff8b7740000 - 0x00007ff8b77e9000 	C:\WINDOWS\System32\msvcrt.dll
0x00007ff8b8970000 - 0x00007ff8b899a000 	C:\WINDOWS\System32\GDI32.dll
0x00007ff8b6bd0000 - 0x00007ff8b6cfb000 	C:\WINDOWS\System32\gdi32full.dll
0x00007ff8b6b20000 - 0x00007ff8b6bc3000 	C:\WINDOWS\System32\msvcp_win.dll
0x00007ff8b6e20000 - 0x00007ff8b6e4f000 	C:\WINDOWS\System32\IMM32.DLL
0x00007ff8b0640000 - 0x00007ff8b064c000 	C:\Users\josey\.jdks\openjdk-22.0.2\bin\vcruntime140_1.dll
0x00007ff8ab8d0000 - 0x00007ff8ab95e000 	C:\Users\josey\.jdks\openjdk-22.0.2\bin\msvcp140.dll
0x00007ff86cb80000 - 0x00007ff86d8c9000 	C:\Users\josey\.jdks\openjdk-22.0.2\bin\server\jvm.dll
0x00007ff8b77f0000 - 0x00007ff8b78a4000 	C:\WINDOWS\System32\ADVAPI32.dll
0x00007ff8b8520000 - 0x00007ff8b85c6000 	C:\WINDOWS\System32\sechost.dll
0x00007ff8b6d00000 - 0x00007ff8b6e16000 	C:\WINDOWS\System32\RPCRT4.dll
0x00007ff8b7520000 - 0x00007ff8b7594000 	C:\WINDOWS\System32\WS2_32.dll
0x00007ff8b5570000 - 0x00007ff8b55be000 	C:\WINDOWS\SYSTEM32\POWRPROF.dll
0x00007ff89df80000 - 0x00007ff89dfb6000 	C:\WINDOWS\SYSTEM32\WINMM.dll
0x00007ff8a8640000 - 0x00007ff8a864b000 	C:\WINDOWS\SYSTEM32\VERSION.dll
0x00007ff8b5550000 - 0x00007ff8b5564000 	C:\WINDOWS\SYSTEM32\UMPDC.dll
0x00007ff8b5070000 - 0x00007ff8b508a000 	C:\WINDOWS\SYSTEM32\kernel.appcore.dll
0x00007ff8b0290000 - 0x00007ff8b029a000 	C:\Users\josey\.jdks\openjdk-22.0.2\bin\jimage.dll
0x00007ff8b3c20000 - 0x00007ff8b3e61000 	C:\WINDOWS\SYSTEM32\DBGHELP.DLL
0x00007ff8b6e60000 - 0x00007ff8b71de000 	C:\WINDOWS\System32\combase.dll
0x00007ff8b7600000 - 0x00007ff8b76d6000 	C:\WINDOWS\System32\OLEAUT32.dll
0x00007ff8a3f10000 - 0x00007ff8a3f49000 	C:\WINDOWS\SYSTEM32\dbgcore.DLL
0x00007ff8b63c0000 - 0x00007ff8b6459000 	C:\WINDOWS\System32\bcryptPrimitives.dll
0x00007ff8afc10000 - 0x00007ff8afc1f000 	C:\Users\josey\.jdks\openjdk-22.0.2\bin\instrument.dll
0x00007ff8afbf0000 - 0x00007ff8afc0e000 	C:\Users\josey\.jdks\openjdk-22.0.2\bin\java.dll
0x00007ff8b7e10000 - 0x00007ff8b8510000 	C:\WINDOWS\System32\SHELL32.dll
0x00007ff8b7380000 - 0x00007ff8b7519000 	C:\WINDOWS\System32\ole32.dll
0x00007ff8b3f60000 - 0x00007ff8b4791000 	C:\WINDOWS\SYSTEM32\windows.storage.dll
0x00007ff8b72a0000 - 0x00007ff8b737a000 	C:\WINDOWS\System32\SHCORE.dll
0x00007ff8b85d0000 - 0x00007ff8b862d000 	C:\WINDOWS\System32\shlwapi.dll
0x00007ff8b6180000 - 0x00007ff8b61ae000 	C:\WINDOWS\SYSTEM32\profapi.dll
0x00007ff8ad730000 - 0x00007ff8ad747000 	C:\Users\josey\.jdks\openjdk-22.0.2\bin\zip.dll
0x00007ff8afbe0000 - 0x00007ff8afbf0000 	C:\Users\josey\.jdks\openjdk-22.0.2\bin\net.dll
0x00007ff8b5660000 - 0x00007ff8b56c8000 	C:\WINDOWS\system32\mswsock.dll
0x00007ff8afb70000 - 0x00007ff8afb86000 	C:\Users\josey\.jdks\openjdk-22.0.2\bin\nio.dll
0x00007ff8ab7a0000 - 0x00007ff8ab7ba000 	C:\Program Files\JetBrains\IntelliJ IDEA 2024.3\bin\breakgen64.dll
0x00007ff8b4ad0000 - 0x00007ff8b4bf5000 	C:\WINDOWS\SYSTEM32\DNSAPI.dll
0x00007ff8b4a90000 - 0x00007ff8b4ac2000 	C:\WINDOWS\SYSTEM32\IPHLPAPI.DLL
0x00007ff8b76e0000 - 0x00007ff8b76ea000 	C:\WINDOWS\System32\NSI.dll
0x00007ff8afbd0000 - 0x00007ff8afbd9000 	C:\Users\josey\.jdks\openjdk-22.0.2\bin\extnet.dll
0x00007ff8aa570000 - 0x00007ff8aa57b000 	C:\Windows\System32\rasadhlp.dll
0x00007ff8abf20000 - 0x00007ff8abfa5000 	C:\WINDOWS\System32\fwpuclnt.dll
0x00007ff8ad720000 - 0x00007ff8ad72a000 	C:\Users\josey\.jdks\openjdk-22.0.2\bin\management.dll
0x00007ff8acc20000 - 0x00007ff8acc2b000 	C:\Users\josey\.jdks\openjdk-22.0.2\bin\management_ext.dll
0x00007ff8b8a90000 - 0x00007ff8b8a98000 	C:\WINDOWS\System32\PSAPI.DLL
0x00007ff8b5a10000 - 0x00007ff8b5a2c000 	C:\WINDOWS\SYSTEM32\CRYPTSP.dll
0x00007ff8b4fd0000 - 0x00007ff8b5008000 	C:\WINDOWS\system32\rsaenh.dll
0x00007ff8b5700000 - 0x00007ff8b572b000 	C:\WINDOWS\SYSTEM32\USERENV.dll
0x00007ff8b5ba0000 - 0x00007ff8b5bc6000 	C:\WINDOWS\SYSTEM32\bcrypt.dll
0x00007ff8b5890000 - 0x00007ff8b589c000 	C:\WINDOWS\SYSTEM32\CRYPTBASE.dll
0x00007ff899dc0000 - 0x00007ff899dd8000 	C:\WINDOWS\system32\napinsp.dll
0x00007ff89a1a0000 - 0x00007ff89a1b2000 	C:\WINDOWS\System32\winrnr.dll
0x00007ff899de0000 - 0x00007ff899e02000 	C:\WINDOWS\system32\nlansp_c.dll
0x00007ff8ad0d0000 - 0x00007ff8ad0e6000 	C:\WINDOWS\system32\wshbth.dll
0x00007ff89def0000 - 0x00007ff89df46000 	C:\WINDOWS\SYSTEM32\pdh.dll
0x00007ff899da0000 - 0x00007ff899db2000 	C:\WINDOWS\System32\perfproc.dll
0x00007ff899d80000 - 0x00007ff899d91000 	C:\WINDOWS\System32\perfos.dll
0x00007ff8b2fc0000 - 0x00007ff8b2fd2000 	C:\WINDOWS\SYSTEM32\pfclient.dll
0x00007ff8acbf0000 - 0x00007ff8acbfe000 	C:\Users\josey\.jdks\openjdk-22.0.2\bin\sunmscapi.dll
0x00007ff8b65b0000 - 0x00007ff8b6726000 	C:\WINDOWS\System32\CRYPT32.dll
0x00007ff8b5b60000 - 0x00007ff8b5b90000 	C:\WINDOWS\SYSTEM32\ncrypt.dll
0x00007ff8b5b10000 - 0x00007ff8b5b4f000 	C:\WINDOWS\SYSTEM32\NTASN1.dll
0x00007ff8abbb0000 - 0x00007ff8abbc0000 	C:\Users\josey\.jdks\openjdk-22.0.2\bin\verify.dll
0x00007ff887970000 - 0x00007ff887978000 	C:\WINDOWS\system32\wshunix.dll

dbghelp: loaded successfully - version: 4.0.5 - missing functions: none
symbol engine: initialized successfully - sym options: 0x614 - pdb path: .;C:\Users\josey\.jdks\openjdk-22.0.2\bin;C:\WINDOWS\SYSTEM32;C:\WINDOWS\WinSxS\amd64_microsoft.windows.common-controls_6595b64144ccf1df_6.0.26100.2454_none_3e0b68a2e331ad60;C:\Users\josey\.jdks\openjdk-22.0.2\bin\server;C:\Program Files\JetBrains\IntelliJ IDEA 2024.3\bin

VM Arguments:
jvm_args: -XX:TieredStopAtLevel=1 -Dspring.output.ansi.enabled=always -Dcom.sun.management.jmxremote -Dspring.jmx.enabled=true -Dspring.liveBeansView.mbeanDomain -Dspring.application.admin.enabled=true -Dmanagement.endpoints.jmx.exposure.include=* -javaagent:C:\Program Files\JetBrains\IntelliJ IDEA 2024.3\lib\idea_rt.jar=56412:C:\Program Files\JetBrains\IntelliJ IDEA 2024.3\bin -Dfile.encoding=UTF-8 -Dsun.stdout.encoding=UTF-8 -Dsun.stderr.encoding=UTF-8 
java_command: vallegrande.edu.pe.recuperacion.RecuperacionApplication
java_class_path (initial): C:\Users\josey\OneDrive\Escritorio\presentacion\backend\recuperacion\target\classes;C:\Users\josey\.m2\repository\org\springframework\boot\spring-boot-starter-web\3.4.0\spring-boot-starter-web-3.4.0.jar;C:\Users\josey\.m2\repository\org\springframework\boot\spring-boot-starter-json\3.4.0\spring-boot-starter-json-3.4.0.jar;C:\Users\josey\.m2\repository\com\fasterxml\jackson\core\jackson-databind\2.18.1\jackson-databind-2.18.1.jar;C:\Users\josey\.m2\repository\com\fasterxml\jackson\core\jackson-annotations\2.18.1\jackson-annotations-2.18.1.jar;C:\Users\josey\.m2\repository\com\fasterxml\jackson\core\jackson-core\2.18.1\jackson-core-2.18.1.jar;C:\Users\josey\.m2\repository\com\fasterxml\jackson\datatype\jackson-datatype-jdk8\2.18.1\jackson-datatype-jdk8-2.18.1.jar;C:\Users\josey\.m2\repository\com\fasterxml\jackson\datatype\jackson-datatype-jsr310\2.18.1\jackson-datatype-jsr310-2.18.1.jar;C:\Users\josey\.m2\repository\com\fasterxml\jackson\module\jackson-module-parameter-names\2.18.1\jackson-module-parameter-names-2.18.1.jar;C:\Users\josey\.m2\repository\org\springframework\boot\spring-boot-starter-tomcat\3.4.0\spring-boot-starter-tomcat-3.4.0.jar;C:\Users\josey\.m2\repository\org\apache\tomcat\embed\tomcat-embed-core\10.1.33\tomcat-embed-core-10.1.33.jar;C:\Users\josey\.m2\repository\org\apache\tomcat\embed\tomcat-embed-websocket\10.1.33\tomcat-embed-websocket-10.1.33.jar;C:\Users\josey\.m2\repository\org\springframework\spring-web\6.2.0\spring-web-6.2.0.jar;C:\Users\josey\.m2\repository\org\springframework\spring-beans\6.2.0\spring-beans-6.2.0.jar;C:\Users\josey\.m2\repository\io\micrometer\micrometer-observation\1.14.1\micrometer-observation-1.14.1.jar;C:\Users\josey\.m2\repository\io\micrometer\micrometer-commons\1.14.1\micrometer-commons-1.14.1.jar;C:\Users\josey\.m2\repository\org\springframework\spring-webmvc\6.2.0\spring-webmvc-6.2.0.jar;C:\Users\josey\.m2\repository\org\springframework\spring-aop\6.2.0\spring-aop-6.2.0.jar;C:\Users\josey\.m2\repository\org\springframework\spring-context\6.2.0\spring-context-6.2.0.jar;C:\Users\josey\.m2\repository\org\springframework\spring-expression\6.2.0\spring-expression-6.2.0.jar;C:\Users\josey\.m2\repository\org\springframework\boot\spring-boot-starter\3.4.0\spring-boot-starter-3.4.0.jar;C:\Users\josey\.m2\repository\org\springframework\boot\spring-boot\3.4.0\spring-boot-3.4.0.jar;C:\Users\josey\.m2\repository\org\springframework\boot\spring-boot-autoconfigure\3.4.0\spring-boot-autoconfigure-3.4.0.jar;C:\Users\josey\.m2\repository\org\springframework\boot\spring-boot-starter-logging\3.4.0\spring-boot-starter-logging-3.4.0.jar;C:\Users\josey\.m2\repository\ch\qos\logback\logback-classic\1.5.12\logback-classic-1.5.12.jar;C:\Users\josey\.m2\repository\ch\qos\logback\logback-core\1.5.12\logback-core-1.5.12.jar;C:\Users\josey\.m2\repository\org\apache\logging\log4j\log4j-to-slf4j\2.24.1\log4j-to-slf4j-2.24.1.jar;C:\Users\josey\.m2\repository\org\apache\logging\log4j\log4j-api\2.24.1\log4j-api-2.24.1.jar;C:\Users\josey\.m2\repository\org\slf4j\jul-to-slf4j\2.0.16\jul-to-slf4j-2.0.16.jar;C:\Users\josey\.m2\repository\jakarta\annotation\jakarta.annotation-api\2.1.1\jakarta.annotation-api-2.1.1.jar;C:\Users\josey\.m2\repository\org\springframework\spring-core\6.2.0\spring-core-6.2.0.jar;C:\Users\josey\.m2\repository\org\springframework\spring-jcl\6.2.0\spring-jcl-6.2.0.jar;C:\Users\josey\.m2\repository\org\yaml\snakeyaml\2.3\snakeyaml-2.3.jar;C:\Users\josey\.m2\repository\org\springframework\boot\spring-boot-devtools\3.4.0\spring-boot-devtools-3.4.0.jar;C:\Users\josey\.m2\repository\org\projectlombok\lombok\1.18.36\lombok-1.18.36.jar;C:\Users\josey\.m2\repository\org\slf4j\slf4j-api\2.0.16\slf4j-api-2.0.16.jar;C:\Users\josey\.m2\repository\jakarta\xml\bind\jakarta.xml.bind-api\4.0.2\jakarta.xml.bind-api-4.0.2.jar;C:\Users\josey\.m2\repository\jakarta\activation\jakarta.activation-api\2.1.3\jakarta.activation-api-2.1.3.jar;C:\Users\josey\.m2\repository\org\springframework\boot\spring-boot-starter-validation\3.4.0\spring-boot-starter-validation-3.4.0.jar;C:\Users\josey\.m2\repository\org\apache\tomcat\embed\tomcat-embed-el\10.1.33\tomcat-embed-el-10.1.33.jar;C:\Users\josey\.m2\repository\org\hibernate\validator\hibernate-validator\8.0.1.Final\hibernate-validator-8.0.1.Final.jar;C:\Users\josey\.m2\repository\jakarta\validation\jakarta.validation-api\3.0.2\jakarta.validation-api-3.0.2.jar;C:\Users\josey\.m2\repository\org\springframework\boot\spring-boot-starter-data-jpa\3.4.0\spring-boot-starter-data-jpa-3.4.0.jar;C:\Users\josey\.m2\repository\org\springframework\boot\spring-boot-starter-jdbc\3.4.0\spring-boot-starter-jdbc-3.4.0.jar;C:\Users\josey\.m2\repository\com\zaxxer\HikariCP\5.1.0\HikariCP-5.1.0.jar;C:\Users\josey\.m2\repository\org\springframework\spring-jdbc\6.2.0\spring-jdbc-6.2.0.jar;C:\Users\josey\.m2\repository\org\springframework\data\spring-data-jpa\3.4.0\spring-data-jpa-3.4.0.jar;C:\Users\josey\.m2\repository\org\springframework\data\spring-data-commons\3.4.0\spring-data-commons-3.4.0.jar;C:\Users\josey\.m2\repository\org\springframework\spring-orm\6.2.0\spring-orm-6.2.0.jar;C:\Users\josey\.m2\repository\org\springframework\spring-tx\6.2.0\spring-tx-6.2.0.jar;C:\Users\josey\.m2\repository\org\springframework\spring-aspects\6.2.0\spring-aspects-6.2.0.jar;C:\Users\josey\.m2\repository\org\aspectj\aspectjweaver\1.9.22.1\aspectjweaver-1.9.22.1.jar;C:\Users\josey\.m2\repository\com\oracle\database\jdbc\ojdbc11\23.5.0.24.07\ojdbc11-23.5.0.24.07.jar;C:\Users\josey\.m2\repository\com\oracle\database\jdbc\ucp11\23.5.0.24.07\ucp11-23.5.0.24.07.jar;C:\Users\josey\.m2\repository\com\oracle\database\jdbc\rsi\23.5.0.24.07\rsi-23.5.0.24.07.jar;C:\Users\josey\.m2\repository\com\oracle\database\security\oraclepki\23.5.0.24.07\oraclepki-23.5.0.24.07.jar;C:\Users\josey\.m2\repository\com\oracle\database\security\osdt_core\21.5.0.0\osdt_core-21.5.0.0.jar;C:\Users\josey\.m2\repository\com\oracle\database\security\osdt_cert\21.5.0.0\osdt_cert-21.5.0.0.jar;C:\Users\josey\.m2\repository\com\oracle\database\ha\simplefan\23.5.0.24.07\simplefan-23.5.0.24.07.jar;C:\Users\josey\.m2\repository\com\oracle\database\ha\ons\23.5.0.24.07\ons-23.5.0.24.07.jar;C:\Users\josey\.m2\repository\com\oracle\database\nls\orai18n\23.5.0.24.07\orai18n-23.5.0.24.07.jar;C:\Users\josey\.m2\repository\com\oracle\database\xml\xdb\23.5.0.24.07\xdb-23.5.0.24.07.jar;C:\Users\josey\.m2\repository\com\oracle\database\xml\xmlparserv2\23.5.0.24.07\xmlparserv2-23.5.0.24.07.jar;C:\Users\josey\.m2\repository\org\hibernate\orm\hibernate-core\6.4.4.Final\hibernate-core-6.4.4.Final.jar;C:\Users\josey\.m2\repository\jakarta\persistence\jakarta.persistence-api\3.1.0\jakarta.persistence-api-3.1.0.jar;C:\Users\josey\.m2\repository\jakarta\transaction\jakarta.transaction-api\2.0.1\jakarta.transaction-api-2.0.1.jar;C:\Users\josey\.m2\repository\org\jboss\logging\jboss-logging\3.6.1.Final\jboss-logging-3.6.1.Final.jar;C:\Users\josey\.m2\repository\org\hibernate\common\hibernate-commons-annotations\6.0.6.Final\hibernate-commons-annotations-6.0.6.Final.jar;C:\Users\josey\.m2\repository\io\smallrye\jandex\3.1.2\jandex-3.1.2.jar;C:\Users\josey\.m2\repository\com\fasterxml\classmate\1.7.0\classmate-1.7.0.jar;C:\Users\josey\.m2\repository\net\bytebuddy\byte-buddy\1.15.10\byte-buddy-1.15.10.jar;C:\Users\josey\.m2\repository\org\glassfish\jaxb\jaxb-runtime\4.0.5\jaxb-runtime-4.0.5.jar;C:\Users\josey\.m2\repository\org\glassfish\jaxb\jaxb-core\4.0.5\jaxb-core-4.0.5.jar;C:\Users\josey\.m2\repository\org\eclipse\angus\angus-activation\2.0.2\angus-activation-2.0.2.jar;C:\Users\josey\.m2\repository\org\glassfish\jaxb\txw2\4.0.5\txw2-4.0.5.jar;C:\Users\josey\.m2\repository\com\sun\istack\istack-commons-runtime\4.1.2\istack-commons-runtime-4.1.2.jar;C:\Users\josey\.m2\repository\jakarta\inject\jakarta.inject-api\2.0.1\jakarta.inject-api-2.0.1.jar;C:\Users\josey\.m2\repository\org\antlr\antlr4-runtime\4.13.0\antlr4-runtime-4.13.0.jar
Launcher Type: SUN_STANDARD

[Global flags]
     intx CICompilerCount                          = 4                                         {product} {ergonomic}
     uint ConcGCThreads                            = 2                                         {product} {ergonomic}
     uint G1ConcRefinementThreads                  = 8                                         {product} {ergonomic}
   size_t G1HeapRegionSize                         = 1048576                                   {product} {ergonomic}
   size_t InitialHeapSize                          = 132120576                                 {product} {ergonomic}
     bool ManagementServer                         = true                                      {product} {command line}
   size_t MarkStackSize                            = 4194304                                   {product} {ergonomic}
   size_t MaxHeapSize                              = 2103443456                                {product} {ergonomic}
   size_t MaxNewSize                               = 1261436928                                {product} {ergonomic}
   size_t MinHeapDeltaBytes                        = 1048576                                   {product} {ergonomic}
   size_t MinHeapSize                              = 8388608                                   {product} {ergonomic}
    uintx NonNMethodCodeHeapSize                   = 4096                                   {pd product} {ergonomic}
    uintx NonProfiledCodeHeapSize                  = 0                                      {pd product} {ergonomic}
     bool ProfileInterpreter                       = false                                  {pd product} {command line}
    uintx ProfiledCodeHeapSize                     = 0                                      {pd product} {ergonomic}
   size_t SoftMaxHeapSize                          = 2103443456                             {manageable} {ergonomic}
     intx TieredStopAtLevel                        = 1                                         {product} {command line}
     bool UseCompressedOops                        = true                           {product lp64_product} {ergonomic}
     bool UseG1GC                                  = true                                      {product} {ergonomic}
     bool UseLargePagesIndividualAllocation        = false                                  {pd product} {ergonomic}

Logging:
Log output configuration:
 #0: stdout all=warning uptime,level,tags foldmultilines=false
 #1: stderr all=off uptime,level,tags foldmultilines=false

Environment Variables:
JAVA_HOME=C:\Program Files\Java\jdk-11
PATH=C:\Python311\Scripts\;C:\Python311\;C:\Program Files\Common Files\Oracle\Java\javapath;C:\WINDOWS\system32;C:\WINDOWS;C:\WINDOWS\System32\Wbem;C:\WINDOWS\System32\WindowsPowerShell\v1.0\;C:\WINDOWS\System32\OpenSSH\;C:\Program Files\nodejs\;C:\ProgramData\chocolatey\bin;C:\Program Files\Git\cmd;C:\Users\josey\AppData\Local\Programs\Python\Python312\Scripts\;C:\Users\josey\AppData\Local\Programs\Python\Python312\;C:\Users\josey\.console-ninja\.bin;C:\Users\josey\AppData\Local\Microsoft\WindowsApps;C:\Users\josey\AppData\Roaming\npm;C:\Users\josey\AppData\Local\Programs\Microsoft VS Code\bin;C:\Users\josey\AppData\Local\JetBrains\Toolbox\scripts;C:\flutter\bin;;%USERPROFILE%\AppData\Local\Microsoft\WindowsApps
USERNAME=josey
OS=Windows_NT
PROCESSOR_IDENTIFIER=Intel64 Family 6 Model 142 Stepping 10, GenuineIntel
TMP=C:\Users\josey\AppData\Local\Temp
TEMP=C:\Users\josey\AppData\Local\Temp




Periodic native trim disabled

---------------  S Y S T E M  ---------------

OS:
 Windows 11 , 64 bit Build 26100 (10.0.26100.2454)
OS uptime: 1 days 0:41 hours
Hyper-V role detected

CPU: total 8 (initial active 8) (4 cores per cpu, 2 threads per core) family 6 model 142 stepping 10 microcode 0xea, cx8, cmov, fxsr, ht, mmx, 3dnowpref, sse, sse2, sse3, ssse3, sse4.1, sse4.2, popcnt, lzcnt, tsc, tscinvbit, avx, avx2, aes, erms, clmul, bmi1, bmi2, adx, fma, vzeroupper, clflush, clflushopt, hv, rdtscp, f16c
Processor Information for all 8 processors :
  Max Mhz: 1801, Current Mhz: 1801, Mhz Limit: 1801

Memory: 4k page, system-wide physical 8023M (795M free)
TotalPageFile size 12119M (AvailPageFile size 2M)
current process WorkingSet (physical memory assigned to process): 222M, peak: 240M
current process commit charge ("private bytes"): 289M, peak: 293M

vm_info: OpenJDK 64-Bit Server VM (22.0.2+9-70) for windows-amd64 JRE (22.0.2+9-70), built on 2024-06-04T16:52:23Z by "mach5one" with MS VC++ 17.6 (VS2022)

END.
