#
# There is insufficient memory for the Java Runtime Environment to continue.
# Native memory allocation (malloc) failed to allocate 1048576 bytes. Error detail: AllocateHeap
# Possible reasons:
#   The system is out of physical RAM or swap space
#   This process is running with CompressedOops enabled, and the Java Heap may be blocking the growth of the native heap
# Possible solutions:
#   Reduce memory load on the system
#   Increase physical memory or swap space
#   Check if swap backing store is full
#   Decrease Java heap size (-Xmx/-Xms)
#   Decrease number of Java threads
#   Decrease Java thread stack sizes (-Xss)
#   Set larger code cache with -XX:ReservedCodeCacheSize=
#   JVM is running with Unscaled Compressed Oops mode in which the Java heap is
#     placed in the first 4GB address space. The Java Heap base address is the
#     maximum limit for the native heap growth. Please use -XX:HeapBaseMinAddress
#     to set the Java Heap base and to place the Java Heap above 4GB virtual address.
# This output file may be truncated or incomplete.
#
#  Out of Memory Error (allocation.cpp:44), pid=5260, tid=15096
#
# JRE version: OpenJDK Runtime Environment (22.0.2+9) (build 22.0.2+9-70)
# Java VM: OpenJDK 64-Bit Server VM (22.0.2+9-70, mixed mode, emulated-client, sharing, tiered, compressed oops, compressed class ptrs, g1 gc, windows-amd64)
# No core dump will be written. Minidumps are not enabled by default on client versions of Windows
#

---------------  S U M M A R Y ------------

Command Line: -XX:TieredStopAtLevel=1 -Dspring.output.ansi.enabled=always -Dcom.sun.management.jmxremote -Dspring.jmx.enabled=true -Dspring.liveBeansView.mbeanDomain -Dspring.application.admin.enabled=true -Dmanagement.endpoints.jmx.exposure.include=* -javaagent:C:\Program Files\JetBrains\IntelliJ IDEA 2024.3\lib\idea_rt.jar=64824:C:\Program Files\JetBrains\IntelliJ IDEA 2024.3\bin -Dfile.encoding=UTF-8 -Dsun.stdout.encoding=UTF-8 -Dsun.stderr.encoding=UTF-8 vallegrande.edu.pe.recuperacion.RecuperacionApplication

Host: Intel(R) Core(TM) i5-8250U CPU @ 1.60GHz, 8 cores, 7G,  Windows 11 , 64 bit Build 26100 (10.0.26100.2454)
Time: Tue Dec 17 13:25:20 2024 Hora est. Pacífico, Sudamérica elapsed time: 124.609421 seconds (0d 0h 2m 4s)

---------------  T H R E A D  ---------------

Current thread (0x00000223f0da2780):  VMThread "VM Thread"          [id=15096, stack(0x0000007c96e00000,0x0000007c96f00000) (1024K)]

Stack: [0x0000007c96e00000,0x0000007c96f00000]
Native frames: (J=compiled Java code, j=interpreted, Vv=VM code, C=native code)
V  [jvm.dll+0x6e26e9]  (no source info available)
V  [jvm.dll+0x875753]  (no source info available)
V  [jvm.dll+0x877b7e]  (no source info available)
V  [jvm.dll+0x878253]  (no source info available)
V  [jvm.dll+0x27fc86]  (no source info available)
V  [jvm.dll+0xbe877]  (no source info available)
V  [jvm.dll+0x348faf]  (no source info available)
V  [jvm.dll+0x34395e]  (no source info available)
V  [jvm.dll+0x32c01c]  (no source info available)
V  [jvm.dll+0x370394]  (no source info available)
V  [jvm.dll+0x87e0f0]  (no source info available)
V  [jvm.dll+0x87f477]  (no source info available)
V  [jvm.dll+0x87f9f0]  (no source info available)
V  [jvm.dll+0x87fc93]  (no source info available)
V  [jvm.dll+0x81dc0b]  (no source info available)
V  [jvm.dll+0x6e0d85]  (no source info available)
C  [ucrtbase.dll+0x14ea0]  (no source info available)
C  [KERNEL32.DLL+0x2e8d7]  (no source info available)
C  [ntdll.dll+0xdfbcc]  (no source info available)

VM_Operation (0x0000007c964fefa0): G1CollectFull, mode: safepoint, requested by thread 0x00000223c924ba40


---------------  P R O C E S S  ---------------

Threads class SMR info:
_java_thread_list=0x00000223c9230980, length=22, elements={
0x00000223f0dc08a0, 0x00000223f0dc35c0, 0x00000223f0dcdb50, 0x00000223f0dcfa50,
0x00000223f0dd0fb0, 0x00000223f0dd22e0, 0x00000223f0dd6700, 0x00000223f0d8c500,
0x00000223c5618690, 0x00000223c561c210, 0x00000223c59a1d70, 0x00000223c5a270e0,
0x00000223c59fa000, 0x00000223c5a41e10, 0x00000223c74ac920, 0x00000223c74ab570,
0x00000223c74acfb0, 0x00000223c80d25d0, 0x00000223c9249970, 0x00000223c924b3b0,
0x00000223c924ba40, 0x00000223c6c88810
}

Java Threads: ( => current thread )
  0x00000223f0dc08a0 JavaThread "Reference Handler"          daemon [_thread_blocked, id=16120, stack(0x0000007c96f00000,0x0000007c97000000) (1024K)]
  0x00000223f0dc35c0 JavaThread "Finalizer"                  daemon [_thread_blocked, id=4968, stack(0x0000007c97000000,0x0000007c97100000) (1024K)]
  0x00000223f0dcdb50 JavaThread "Signal Dispatcher"          daemon [_thread_blocked, id=13540, stack(0x0000007c97100000,0x0000007c97200000) (1024K)]
  0x00000223f0dcfa50 JavaThread "Attach Listener"            daemon [_thread_blocked, id=14840, stack(0x0000007c97200000,0x0000007c97300000) (1024K)]
  0x00000223f0dd0fb0 JavaThread "Service Thread"             daemon [_thread_blocked, id=15400, stack(0x0000007c97300000,0x0000007c97400000) (1024K)]
  0x00000223f0dd22e0 JavaThread "Monitor Deflation Thread"   daemon [_thread_blocked, id=12632, stack(0x0000007c97400000,0x0000007c97500000) (1024K)]
  0x00000223f0dd6700 JavaThread "C1 CompilerThread0"         daemon [_thread_blocked, id=14052, stack(0x0000007c97500000,0x0000007c97600000) (1024K)]
  0x00000223f0d8c500 JavaThread "Common-Cleaner"             daemon [_thread_blocked, id=14544, stack(0x0000007c97600000,0x0000007c97700000) (1024K)]
  0x00000223c5618690 JavaThread "Monitor Ctrl-Break"         daemon [_thread_in_native, id=16132, stack(0x0000007c97800000,0x0000007c97900000) (1024K)]
  0x00000223c561c210 JavaThread "Notification Thread"        daemon [_thread_blocked, id=15500, stack(0x0000007c97900000,0x0000007c97a00000) (1024K)]
  0x00000223c59a1d70 JavaThread "RMI TCP Accept-0"           daemon [_thread_in_native, id=11872, stack(0x0000007c97c00000,0x0000007c97d00000) (1024K)]
  0x00000223c5a270e0 JavaThread "RMI Scheduler(0)"           daemon [_thread_blocked, id=10724, stack(0x0000007c97e00000,0x0000007c97f00000) (1024K)]
  0x00000223c59fa000 JavaThread "JMX server connection timeout 26" daemon [_thread_blocked, id=11676, stack(0x0000007c97f00000,0x0000007c98000000) (1024K)]
  0x00000223c5a41e10 JavaThread "RMI TCP Connection(2)-192.168.18.25" daemon [_thread_blocked, id=2544, stack(0x0000007c98000000,0x0000007c98100000) (1024K)]
  0x00000223c74ac920 JavaThread "oracle.jdbc.diagnostics.Diagnostic.CLOCK" daemon [_thread_blocked, id=5768, stack(0x0000007c98e00000,0x0000007c98f00000) (1024K)]
  0x00000223c74ab570 JavaThread "oracle.jdbc.driver.BlockSource.ThreadedCachingBlockSource.BlockReleaser" daemon [_thread_blocked, id=9940, stack(0x0000007c98f00000,0x0000007c99000000) (1024K)]
  0x00000223c74acfb0 JavaThread "InterruptTimer"             daemon [_thread_blocked, id=11772, stack(0x0000007c99100000,0x0000007c99200000) (1024K)]
  0x00000223c80d25d0 JavaThread "Live Reload Server"         daemon [_thread_in_native, id=13168, stack(0x0000007c9a100000,0x0000007c9a200000) (1024K)]
  0x00000223c9249970 JavaThread "DestroyJavaVM"                     [_thread_blocked, id=4992, stack(0x0000007c96700000,0x0000007c96800000) (1024K)]
  0x00000223c924b3b0 JavaThread "ONS-task-thread-152"        daemon [_thread_blocked, id=6668, stack(0x0000007c97700000,0x0000007c97800000) (1024K)]
  0x00000223c924ba40 JavaThread "Thread-10"                         [_thread_blocked, id=12384, stack(0x0000007c96400000,0x0000007c96500000) (1024K)]
  0x00000223c6c88810 JavaThread "C1 CompilerThread1"         daemon [_thread_blocked, id=15004, stack(0x0000007c96600000,0x0000007c96700000) (1024K)]
Total: 22

Other Threads:
=>0x00000223f0da2780 VMThread "VM Thread"                           [id=15096, stack(0x0000007c96e00000,0x0000007c96f00000) (1024K)]
  0x00000223f0d8bd80 WatcherThread "VM Periodic Task Thread"        [id=3648, stack(0x0000007c96d00000,0x0000007c96e00000) (1024K)]
  0x00000223e0e8f7a0 WorkerThread "GC Thread#0"                     [id=15936, stack(0x0000007c96800000,0x0000007c96900000) (1024K)]
  0x00000223c5a5d670 WorkerThread "GC Thread#1"                     [id=13252, stack(0x0000007c98100000,0x0000007c98200000) (1024K)]
  0x00000223c5a5c7b0 WorkerThread "GC Thread#2"                     [id=13376, stack(0x0000007c98200000,0x0000007c98300000) (1024K)]
  0x00000223c5a81ce0 WorkerThread "GC Thread#3"                     [id=15320, stack(0x0000007c98300000,0x0000007c98400000) (1024K)]
  0x00000223c5a84570 WorkerThread "GC Thread#4"                     [id=14464, stack(0x0000007c98400000,0x0000007c98500000) (1024K)]
  0x00000223c5a82440 WorkerThread "GC Thread#5"                     [id=9564, stack(0x0000007c98500000,0x0000007c98600000) (1024K)]
  0x00000223c5a811d0 WorkerThread "GC Thread#6"                     [id=14380, stack(0x0000007c98600000,0x0000007c98700000) (1024K)]
  0x00000223c5a82090 WorkerThread "GC Thread#7"                     [id=14516, stack(0x0000007c98700000,0x0000007c98800000) (1024K)]
  0x00000223e0ea1080 ConcurrentGCThread "G1 Main Marker"            [id=2232, stack(0x0000007c96900000,0x0000007c96a00000) (1024K)]
  0x00000223e0ea3a60 WorkerThread "G1 Conc#0"                       [id=12704, stack(0x0000007c96a00000,0x0000007c96b00000) (1024K)]
  0x00000223c5a80e20 WorkerThread "G1 Conc#1"                       [id=16688, stack(0x0000007c98b00000,0x0000007c98c00000) (1024K)]
  0x00000223e0eee570 ConcurrentGCThread "G1 Refine#0"               [id=6708, stack(0x0000007c96b00000,0x0000007c96c00000) (1024K)]
  0x00000223f0c59e80 ConcurrentGCThread "G1 Service"                [id=3728, stack(0x0000007c96c00000,0x0000007c96d00000) (1024K)]
Total: 15

Threads with active compile tasks:
Total: 0

VM state: at safepoint (normal execution)

VM Mutex/Monitor currently owned by a thread:  ([mutex/lock_event])
[0x00007ff9c638cb80] Threads_lock - owner thread: 0x00000223f0da2780
[0x00007ff9c638cc80] Heap_lock - owner thread: 0x00000223c924ba40

Heap address: 0x0000000082a00000, size: 2006 MB, Compressed Oops mode: 32-bit

CDS archive(s) mapped at: [0x0000022380000000-0x0000022380c60000-0x0000022380c60000), size 12976128, SharedBaseAddress: 0x0000022380000000, ArchiveRelocationMode: 1.
Compressed class space mapped at: 0x0000022381000000-0x00000223c1000000, reserved size: 1073741824
Narrow klass base: 0x0000022380000000, Narrow klass shift: 0, Narrow klass range: 0x41000000

GC Precious Log:
 CardTable entry size: 512
 Card Set container configuration: InlinePtr #cards 5 size 8 Array Of Cards #cards 12 size 40 Howl #buckets 4 coarsen threshold 1843 Howl Bitmap #cards 512 size 80 coarsen threshold 460 Card regions per heap region 1 cards per card region 2048
 CPUs: 8 total, 8 available
 Memory: 8023M
 Large Page Support: Disabled
 NUMA Support: Disabled
 Compressed Oops: Enabled (32-bit)
 Heap Region Size: 1M
 Heap Min Capacity: 8M
 Heap Initial Capacity: 126M
 Heap Max Capacity: 2006M
 Pre-touch: Disabled
 Parallel Workers: 8
 Concurrent Workers: 2
 Concurrent Refinement Workers: 8
 Periodic GC: Disabled

Heap:
 garbage-first heap   total reserved 2054144K, committed 66560K, used 53488K [0x0000000082a00000, 0x0000000100000000)
  region size 1024K, 17 young (17408K), 2 survivors (2048K)
 Metaspace       used 80697K, committed 81408K, reserved 1179648K
  class space    used 11577K, committed 11904K, reserved 1048576K

Heap Regions: E=young(eden), S=young(survivor), O=old, HS=humongous(starts), HC=humongous(continues), CS=collection set, F=free, TAMS=top-at-mark-start, PB=parsable bottom
|   0|0x0000000082a00000, 0x0000000082b00000, 0x0000000082b00000|100%|HS|  |TAMS 0x0000000082a00000| PB 0x0000000082a00000| Complete |  0
|   1|0x0000000082b00000, 0x0000000082c00000, 0x0000000082c00000|100%|HS|  |TAMS 0x0000000082b00000| PB 0x0000000082b00000| Complete |  0
|   2|0x0000000082c00000, 0x0000000082d00000, 0x0000000082d00000|100%| O|  |TAMS 0x0000000082c00000| PB 0x0000000082c00000| Untracked |  0
|   3|0x0000000082d00000, 0x0000000082e00000, 0x0000000082e00000|100%| O|  |TAMS 0x0000000082d00000| PB 0x0000000082d00000| Untracked |  0
|   4|0x0000000082e00000, 0x0000000082f00000, 0x0000000082f00000|100%| O|  |TAMS 0x0000000082e00000| PB 0x0000000082e00000| Untracked |  0
|   5|0x0000000082f00000, 0x0000000083000000, 0x0000000083000000|100%| O|  |TAMS 0x0000000082f00000| PB 0x0000000082f00000| Untracked |  0
|   6|0x0000000083000000, 0x0000000083100000, 0x0000000083100000|100%| O|  |TAMS 0x0000000083000000| PB 0x0000000083000000| Untracked |  0
|   7|0x0000000083100000, 0x0000000083200000, 0x0000000083200000|100%| O|  |TAMS 0x0000000083100000| PB 0x0000000083100000| Untracked |  0
|   8|0x0000000083200000, 0x0000000083300000, 0x0000000083300000|100%| O|  |TAMS 0x0000000083200000| PB 0x0000000083200000| Untracked |  0
|   9|0x0000000083300000, 0x0000000083400000, 0x0000000083400000|100%| O|  |TAMS 0x0000000083300000| PB 0x0000000083300000| Untracked |  0
|  10|0x0000000083400000, 0x0000000083500000, 0x0000000083500000|100%| O|  |TAMS 0x0000000083400000| PB 0x0000000083400000| Untracked |  0
|  11|0x0000000083500000, 0x0000000083600000, 0x0000000083600000|100%| O|  |TAMS 0x0000000083500000| PB 0x0000000083500000| Untracked |  0
|  12|0x0000000083600000, 0x0000000083700000, 0x0000000083700000|100%| O|  |TAMS 0x0000000083600000| PB 0x0000000083600000| Untracked |  0
|  13|0x0000000083700000, 0x0000000083800000, 0x0000000083800000|100%| O|Cm|TAMS 0x0000000083700000| PB 0x0000000083700000| Complete |  0
|  14|0x0000000083800000, 0x0000000083900000, 0x0000000083900000|100%| O|  |TAMS 0x0000000083800000| PB 0x0000000083800000| Untracked |  0
|  15|0x0000000083900000, 0x0000000083a00000, 0x0000000083a00000|100%| O|  |TAMS 0x0000000083900000| PB 0x0000000083900000| Untracked |  0
|  16|0x0000000083a00000, 0x0000000083b00000, 0x0000000083b00000|100%| O|  |TAMS 0x0000000083a00000| PB 0x0000000083a00000| Untracked |  0
|  17|0x0000000083b00000, 0x0000000083c00000, 0x0000000083c00000|100%| O|  |TAMS 0x0000000083b00000| PB 0x0000000083b00000| Untracked |  0
|  18|0x0000000083c00000, 0x0000000083d00000, 0x0000000083d00000|100%| O|  |TAMS 0x0000000083c00000| PB 0x0000000083c00000| Untracked |  0
|  19|0x0000000083d00000, 0x0000000083e00000, 0x0000000083e00000|100%| O|  |TAMS 0x0000000083d00000| PB 0x0000000083d00000| Untracked |  0
|  20|0x0000000083e00000, 0x0000000083f00000, 0x0000000083f00000|100%| O|  |TAMS 0x0000000083e00000| PB 0x0000000083e00000| Untracked |  0
|  21|0x0000000083f00000, 0x0000000083f84c90, 0x0000000084000000| 51%| O|  |TAMS 0x0000000083f00000| PB 0x0000000083f00000| Untracked |  0
|  22|0x0000000084000000, 0x0000000084100000, 0x0000000084100000|100%| O|  |TAMS 0x0000000084000000| PB 0x0000000084000000| Untracked |  0
|  23|0x0000000084100000, 0x0000000084200000, 0x0000000084200000|100%| O|  |TAMS 0x0000000084100000| PB 0x0000000084100000| Untracked |  0
|  24|0x0000000084200000, 0x0000000084300000, 0x0000000084300000|100%| O|  |TAMS 0x0000000084200000| PB 0x0000000084200000| Untracked |  0
|  25|0x0000000084300000, 0x0000000084400000, 0x0000000084400000|100%| O|  |TAMS 0x0000000084300000| PB 0x0000000084300000| Untracked |  0
|  26|0x0000000084400000, 0x0000000084500000, 0x0000000084500000|100%| O|  |TAMS 0x0000000084400000| PB 0x0000000084400000| Untracked |  0
|  27|0x0000000084500000, 0x0000000084600000, 0x0000000084600000|100%| O|Cm|TAMS 0x0000000084500000| PB 0x0000000084500000| Complete |  0
|  28|0x0000000084600000, 0x0000000084700000, 0x0000000084700000|100%| O|  |TAMS 0x0000000084600000| PB 0x0000000084600000| Untracked |  0
|  29|0x0000000084700000, 0x0000000084800000, 0x0000000084800000|100%| O|  |TAMS 0x0000000084700000| PB 0x0000000084700000| Untracked |  0
|  30|0x0000000084800000, 0x0000000084900000, 0x0000000084900000|100%| O|  |TAMS 0x0000000084800000| PB 0x0000000084800000| Untracked |  0
|  31|0x0000000084900000, 0x0000000084a00000, 0x0000000084a00000|100%| O|  |TAMS 0x0000000084900000| PB 0x0000000084900000| Untracked |  0
|  32|0x0000000084a00000, 0x0000000084b00000, 0x0000000084b00000|100%| O|  |TAMS 0x0000000084a00000| PB 0x0000000084a00000| Untracked |  0
|  33|0x0000000084b00000, 0x0000000084c00000, 0x0000000084c00000|100%| O|  |TAMS 0x0000000084b00000| PB 0x0000000084b00000| Untracked |  0
|  34|0x0000000084c00000, 0x0000000084c00000, 0x0000000084d00000|  0%| F|  |TAMS 0x0000000084c00000| PB 0x0000000084c00000| Untracked |  0
|  35|0x0000000084d00000, 0x0000000084e00000, 0x0000000084e00000|100%| O|  |TAMS 0x0000000084d00000| PB 0x0000000084d00000| Untracked |  0
|  36|0x0000000084e00000, 0x0000000084f00000, 0x0000000084f00000|100%| O|Cm|TAMS 0x0000000084e00000| PB 0x0000000084e00000| Complete |  0
|  37|0x0000000084f00000, 0x0000000084f00000, 0x0000000085000000|  0%| F|  |TAMS 0x0000000084f00000| PB 0x0000000084f00000| Untracked |  0
|  38|0x0000000085000000, 0x0000000085000000, 0x0000000085100000|  0%| F|  |TAMS 0x0000000085000000| PB 0x0000000085000000| Untracked |  0
|  39|0x0000000085100000, 0x0000000085100000, 0x0000000085200000|  0%| F|  |TAMS 0x0000000085100000| PB 0x0000000085100000| Untracked |  0
|  40|0x0000000085200000, 0x0000000085200000, 0x0000000085300000|  0%| F|  |TAMS 0x0000000085200000| PB 0x0000000085200000| Untracked |  0
|  41|0x0000000085300000, 0x00000000853b74d0, 0x0000000085400000| 71%| S|CS|TAMS 0x0000000085300000| PB 0x0000000085300000| Complete |  0
|  42|0x0000000085400000, 0x0000000085500000, 0x0000000085500000|100%| S|CS|TAMS 0x0000000085400000| PB 0x0000000085400000| Complete |  0
|  43|0x0000000085500000, 0x0000000085500000, 0x0000000085600000|  0%| F|  |TAMS 0x0000000085500000| PB 0x0000000085500000| Untracked |  0
|  44|0x0000000085600000, 0x0000000085600000, 0x0000000085700000|  0%| F|  |TAMS 0x0000000085600000| PB 0x0000000085600000| Untracked |  0
|  45|0x0000000085700000, 0x0000000085700000, 0x0000000085800000|  0%| F|  |TAMS 0x0000000085700000| PB 0x0000000085700000| Untracked |  0
|  46|0x0000000085800000, 0x0000000085800000, 0x0000000085900000|  0%| F|  |TAMS 0x0000000085800000| PB 0x0000000085800000| Untracked |  0
|  47|0x0000000085900000, 0x0000000085900000, 0x0000000085a00000|  0%| F|  |TAMS 0x0000000085900000| PB 0x0000000085900000| Untracked |  0
|  48|0x0000000085a00000, 0x0000000085a00000, 0x0000000085b00000|  0%| F|  |TAMS 0x0000000085a00000| PB 0x0000000085a00000| Untracked |  0
|  49|0x0000000085b00000, 0x0000000085b896b8, 0x0000000085c00000| 53%| E|  |TAMS 0x0000000085b00000| PB 0x0000000085b00000| Complete |  0
|  50|0x0000000085c00000, 0x0000000085d00000, 0x0000000085d00000|100%| E|CS|TAMS 0x0000000085c00000| PB 0x0000000085c00000| Complete |  0
|  51|0x0000000085d00000, 0x0000000085e00000, 0x0000000085e00000|100%| E|CS|TAMS 0x0000000085d00000| PB 0x0000000085d00000| Complete |  0
|  52|0x0000000085e00000, 0x0000000085f00000, 0x0000000085f00000|100%| E|CS|TAMS 0x0000000085e00000| PB 0x0000000085e00000| Complete |  0
|  53|0x0000000085f00000, 0x0000000086000000, 0x0000000086000000|100%| E|CS|TAMS 0x0000000085f00000| PB 0x0000000085f00000| Complete |  0
|  54|0x0000000086000000, 0x0000000086100000, 0x0000000086100000|100%| E|CS|TAMS 0x0000000086000000| PB 0x0000000086000000| Complete |  0
|  55|0x0000000086100000, 0x0000000086200000, 0x0000000086200000|100%| E|CS|TAMS 0x0000000086100000| PB 0x0000000086100000| Complete |  0
|  72|0x0000000087200000, 0x0000000087300000, 0x0000000087300000|100%| E|CS|TAMS 0x0000000087200000| PB 0x0000000087200000| Complete |  0
|  73|0x0000000087300000, 0x0000000087400000, 0x0000000087400000|100%| E|CS|TAMS 0x0000000087300000| PB 0x0000000087300000| Complete |  0
|  74|0x0000000087400000, 0x0000000087500000, 0x0000000087500000|100%| E|CS|TAMS 0x0000000087400000| PB 0x0000000087400000| Complete |  0
|  75|0x0000000087500000, 0x0000000087600000, 0x0000000087600000|100%| E|CS|TAMS 0x0000000087500000| PB 0x0000000087500000| Complete |  0
|  76|0x0000000087600000, 0x0000000087700000, 0x0000000087700000|100%| E|CS|TAMS 0x0000000087600000| PB 0x0000000087600000| Complete |  0
|  77|0x0000000087700000, 0x0000000087800000, 0x0000000087800000|100%| E|CS|TAMS 0x0000000087700000| PB 0x0000000087700000| Complete |  0
| 124|0x000000008a600000, 0x000000008a700000, 0x000000008a700000|100%| E|CS|TAMS 0x000000008a600000| PB 0x000000008a600000| Complete |  0
| 125|0x000000008a700000, 0x000000008a800000, 0x000000008a800000|100%| E|CS|TAMS 0x000000008a700000| PB 0x000000008a700000| Complete |  0
|2005|0x00000000fff00000, 0x0000000100000000, 0x0000000100000000|100%| O|  |TAMS 0x00000000fff00000| PB 0x00000000fff00000| Untracked |  0

Card table byte_map: [0x00000223ec670000,0x00000223eca60000] _byte_map_base: 0x00000223ec25b000

Marking Bits: (CMBitMap*) 0x00000223e0e8fdc0
 Bits: [0x00000223eca60000, 0x00000223ee9b8000)

Polling page: 0x00000223ded60000

Metaspace:

Usage:
  Non-class:     67.50 MB used.
      Class:     11.31 MB used.
       Both:     78.81 MB used.

Virtual space:
  Non-class space:      128.00 MB reserved,      67.88 MB ( 53%) committed,  2 nodes.
      Class space:        1.00 GB reserved,      11.62 MB (  1%) committed,  1 nodes.
             Both:        1.12 GB reserved,      79.50 MB (  7%) committed. 

Chunk freelists:
   Non-Class:  11.72 MB
       Class:  4.38 MB
        Both:  16.10 MB

MaxMetaspaceSize: unlimited
CompressedClassSpaceSize: 1.00 GB
Initial GC threshold: 21.00 MB
Current GC threshold: 130.12 MB
CDS: on
 - commit_granule_bytes: 65536.
 - commit_granule_words: 8192.
 - virtual_space_node_default_size: 8388608.
 - enlarge_chunks_in_place: 1.
 - use_allocation_guard: 0.


Internal statistics:

num_allocs_failed_limit: 9.
num_arena_births: 1248.
num_arena_deaths: 308.
num_vsnodes_births: 3.
num_vsnodes_deaths: 0.
num_space_committed: 1272.
num_space_uncommitted: 0.
num_chunks_returned_to_freelist: 371.
num_chunks_taken_from_freelist: 4264.
num_chunk_merges: 89.
num_chunk_splits: 2913.
num_chunks_enlarged: 2248.
num_inconsistent_stats: 0.

CodeCache: size=49152Kb used=13759Kb max_used=15179Kb free=35392Kb
 bounds [0x00000223e9170000, 0x00000223ea050000, 0x00000223ec170000]
 total_blobs=8042 nmethods=7202 adapters=761
 compilation: enabled
              stopped_count=0, restarted_count=0
 full_count=0

Compilation events (20 events):
Event: 123.486 Thread 0x00000223f0dd6700 nmethod 8346 0x00000223e96d0710 code [0x00000223e96d08a0, 0x00000223e96d09f0]
Event: 123.486 Thread 0x00000223f0dd6700 8345       1       java.time.format.DateTimeFormatterBuilder$NumberPrinterParser::getValue (2 bytes)
Event: 123.486 Thread 0x00000223f0dd6700 nmethod 8345 0x00000223e973e510 code [0x00000223e973e6a0, 0x00000223e973e768]
Event: 123.486 Thread 0x00000223f0dd6700 8347       1       java.time.format.DateTimeFormatterBuilder$CharLiteralPrinterParser::format (11 bytes)
Event: 123.486 Thread 0x00000223f0dd6700 nmethod 8347 0x00000223e96d4610 code [0x00000223e96d47a0, 0x00000223e96d48a0]
Event: 123.489 Thread 0x00000223c6c88810 nmethod 8344 0x00000223e9891290 code [0x00000223e9891620, 0x00000223e9892320]
Event: 123.498 Thread 0x00000223c6c88810 8348       1       org.apache.catalina.util.LifecycleBase::getState (5 bytes)
Event: 123.498 Thread 0x00000223c6c88810 nmethod 8348 0x00000223e9743410 code [0x00000223e97435a0, 0x00000223e9743668]
Event: 123.515 Thread 0x00000223c6c88810 8349       1       java.lang.Thread::threadState (11 bytes)
Event: 123.515 Thread 0x00000223f0dd6700 8350       1       jdk.internal.misc.VM::toThreadState (68 bytes)
Event: 123.515 Thread 0x00000223f0dd6700 nmethod 8350 0x00000223e962d010 code [0x00000223e962d1e0, 0x00000223e962d418]
Event: 123.515 Thread 0x00000223c6c88810 nmethod 8349 0x00000223e9745490 code [0x00000223e9745620, 0x00000223e9745710]
Event: 123.517 Thread 0x00000223c6c88810 8351       1       org.apache.catalina.util.LifecycleBase::fireLifecycleEvent (56 bytes)
Event: 123.517 Thread 0x00000223f0dd6700 8352       1       org.apache.catalina.LifecycleEvent::<init> (16 bytes)
Event: 123.518 Thread 0x00000223f0dd6700 nmethod 8352 0x00000223e9758310 code [0x00000223e97584c0, 0x00000223e9758750]
Event: 123.518 Thread 0x00000223c6c88810 nmethod 8351 0x00000223e9929f90 code [0x00000223e992a180, 0x00000223e992a500]
Event: 123.520 Thread 0x00000223c6c88810 8354       1       org.apache.juli.logging.DirectJDKLog::isDebugEnabled (11 bytes)
Event: 123.520 Thread 0x00000223f0dd6700 8355  s    1       org.apache.catalina.util.LifecycleBase::setStateInternal (144 bytes)
Event: 123.521 Thread 0x00000223c6c88810 nmethod 8354 0x00000223e9757a10 code [0x00000223e9757ba0, 0x00000223e9757cb0]
Event: 123.521 Thread 0x00000223f0dd6700 nmethod 8355 0x00000223e9974210 code [0x00000223e9974440, 0x00000223e9974b70]

GC Heap History (20 events):
Event: 9.899 GC heap after
{Heap after GC invocations=12 (full 0):
 garbage-first heap   total reserved 2054144K, committed 61440K, used 26836K [0x0000000082a00000, 0x0000000100000000)
  region size 1024K, 4 young (4096K), 4 survivors (4096K)
 Metaspace       used 50689K, committed 51264K, reserved 1114112K
  class space    used 6865K, committed 7104K, reserved 1048576K
}
Event: 10.881 GC heap before
{Heap before GC invocations=12 (full 0):
 garbage-first heap   total reserved 2054144K, committed 61440K, used 52436K [0x0000000082a00000, 0x0000000100000000)
  region size 1024K, 30 young (30720K), 4 survivors (4096K)
 Metaspace       used 56531K, committed 57152K, reserved 1114112K
  class space    used 7810K, committed 8064K, reserved 1048576K
}
Event: 10.886 GC heap after
{Heap after GC invocations=13 (full 0):
 garbage-first heap   total reserved 2054144K, committed 61440K, used 27790K [0x0000000082a00000, 0x0000000100000000)
  region size 1024K, 2 young (2048K), 2 survivors (2048K)
 Metaspace       used 56531K, committed 57152K, reserved 1114112K
  class space    used 7810K, committed 8064K, reserved 1048576K
}
Event: 11.326 GC heap before
{Heap before GC invocations=13 (full 0):
 garbage-first heap   total reserved 2054144K, committed 61440K, used 50318K [0x0000000082a00000, 0x0000000100000000)
  region size 1024K, 26 young (26624K), 2 survivors (2048K)
 Metaspace       used 60173K, committed 60800K, reserved 1114112K
  class space    used 8278K, committed 8576K, reserved 1048576K
}
Event: 11.330 GC heap after
{Heap after GC invocations=14 (full 0):
 garbage-first heap   total reserved 2054144K, committed 61440K, used 28918K [0x0000000082a00000, 0x0000000100000000)
  region size 1024K, 3 young (3072K), 3 survivors (3072K)
 Metaspace       used 60173K, committed 60800K, reserved 1114112K
  class space    used 8278K, committed 8576K, reserved 1048576K
}
Event: 11.896 GC heap before
{Heap before GC invocations=15 (full 0):
 garbage-first heap   total reserved 2054144K, committed 61440K, used 53494K [0x0000000082a00000, 0x0000000100000000)
  region size 1024K, 28 young (28672K), 3 survivors (3072K)
 Metaspace       used 65914K, committed 66624K, reserved 1114112K
  class space    used 9351K, committed 9664K, reserved 1048576K
}
Event: 11.899 GC heap after
{Heap after GC invocations=16 (full 0):
 garbage-first heap   total reserved 2054144K, committed 61440K, used 29727K [0x0000000082a00000, 0x0000000100000000)
  region size 1024K, 3 young (3072K), 3 survivors (3072K)
 Metaspace       used 65914K, committed 66624K, reserved 1114112K
  class space    used 9351K, committed 9664K, reserved 1048576K
}
Event: 12.427 GC heap before
{Heap before GC invocations=16 (full 0):
 garbage-first heap   total reserved 2054144K, committed 61440K, used 53279K [0x0000000082a00000, 0x0000000100000000)
  region size 1024K, 27 young (27648K), 3 survivors (3072K)
 Metaspace       used 69349K, committed 70080K, reserved 1114112K
  class space    used 9907K, committed 10240K, reserved 1048576K
}
Event: 12.431 GC heap after
{Heap after GC invocations=17 (full 0):
 garbage-first heap   total reserved 2054144K, committed 61440K, used 30205K [0x0000000082a00000, 0x0000000100000000)
  region size 1024K, 3 young (3072K), 3 survivors (3072K)
 Metaspace       used 69349K, committed 70080K, reserved 1114112K
  class space    used 9907K, committed 10240K, reserved 1048576K
}
Event: 19.968 GC heap before
{Heap before GC invocations=17 (full 0):
 garbage-first heap   total reserved 2054144K, committed 61440K, used 53757K [0x0000000082a00000, 0x0000000100000000)
  region size 1024K, 27 young (27648K), 3 survivors (3072K)
 Metaspace       used 70107K, committed 70912K, reserved 1114112K
  class space    used 10056K, committed 10432K, reserved 1048576K
}
Event: 19.972 GC heap after
{Heap after GC invocations=18 (full 0):
 garbage-first heap   total reserved 2054144K, committed 61440K, used 31949K [0x0000000082a00000, 0x0000000100000000)
  region size 1024K, 4 young (4096K), 4 survivors (4096K)
 Metaspace       used 70107K, committed 70912K, reserved 1114112K
  class space    used 10056K, committed 10432K, reserved 1048576K
}
Event: 35.940 GC heap before
{Heap before GC invocations=18 (full 0):
 garbage-first heap   total reserved 2054144K, committed 61440K, used 52429K [0x0000000082a00000, 0x0000000100000000)
  region size 1024K, 25 young (25600K), 4 survivors (4096K)
 Metaspace       used 72291K, committed 73088K, reserved 1114112K
  class space    used 10292K, committed 10624K, reserved 1048576K
}
Event: 35.945 GC heap after
{Heap after GC invocations=19 (full 0):
 garbage-first heap   total reserved 2054144K, committed 61440K, used 33581K [0x0000000082a00000, 0x0000000100000000)
  region size 1024K, 4 young (4096K), 4 survivors (4096K)
 Metaspace       used 72291K, committed 73088K, reserved 1114112K
  class space    used 10292K, committed 10624K, reserved 1048576K
}
Event: 36.515 GC heap before
{Heap before GC invocations=20 (full 0):
 garbage-first heap   total reserved 2054144K, committed 61440K, used 53037K [0x0000000082a00000, 0x0000000100000000)
  region size 1024K, 23 young (23552K), 4 survivors (4096K)
 Metaspace       used 73120K, committed 73856K, reserved 1114112K
  class space    used 10488K, committed 10816K, reserved 1048576K
}
Event: 36.519 GC heap after
{Heap after GC invocations=21 (full 0):
 garbage-first heap   total reserved 2054144K, committed 61440K, used 35363K [0x0000000082a00000, 0x0000000100000000)
  region size 1024K, 3 young (3072K), 3 survivors (3072K)
 Metaspace       used 73120K, committed 73856K, reserved 1114112K
  class space    used 10488K, committed 10816K, reserved 1048576K
}
Event: 37.280 GC heap before
{Heap before GC invocations=21 (full 0):
 garbage-first heap   total reserved 2054144K, committed 61440K, used 54819K [0x0000000082a00000, 0x0000000100000000)
  region size 1024K, 22 young (22528K), 3 survivors (3072K)
 Metaspace       used 75312K, committed 76096K, reserved 1179648K
  class space    used 10806K, committed 11136K, reserved 1048576K
}
Event: 37.286 GC heap after
{Heap after GC invocations=22 (full 0):
 garbage-first heap   total reserved 2054144K, committed 63488K, used 37388K [0x0000000082a00000, 0x0000000100000000)
  region size 1024K, 3 young (3072K), 3 survivors (3072K)
 Metaspace       used 75312K, committed 76096K, reserved 1179648K
  class space    used 10806K, committed 11136K, reserved 1048576K
}
Event: 45.533 GC heap before
{Heap before GC invocations=22 (full 0):
 garbage-first heap   total reserved 2054144K, committed 63488K, used 53772K [0x0000000082a00000, 0x0000000100000000)
  region size 1024K, 20 young (20480K), 3 survivors (3072K)
 Metaspace       used 78723K, committed 79488K, reserved 1179648K
  class space    used 11317K, committed 11648K, reserved 1048576K
}
Event: 45.540 GC heap after
{Heap after GC invocations=23 (full 0):
 garbage-first heap   total reserved 2054144K, committed 63488K, used 39152K [0x0000000082a00000, 0x0000000100000000)
  region size 1024K, 2 young (2048K), 2 survivors (2048K)
 Metaspace       used 78723K, committed 79488K, reserved 1179648K
  class space    used 11317K, committed 11648K, reserved 1048576K
}
Event: 123.525 GC heap before
{Heap before GC invocations=24 (full 0):
 garbage-first heap   total reserved 2054144K, committed 66560K, used 53488K [0x0000000082a00000, 0x0000000100000000)
  region size 1024K, 17 young (17408K), 2 survivors (2048K)
 Metaspace       used 80697K, committed 81408K, reserved 1179648K
  class space    used 11577K, committed 11904K, reserved 1048576K
}

Dll operation events (13 events):
Event: 0.052 Loaded shared library C:\Users\josey\.jdks\openjdk-22.0.2\bin\java.dll
Event: 0.200 Loaded shared library C:\Users\josey\.jdks\openjdk-22.0.2\bin\zip.dll
Event: 0.208 Loaded shared library C:\Users\josey\.jdks\openjdk-22.0.2\bin\instrument.dll
Event: 0.215 Loaded shared library C:\Users\josey\.jdks\openjdk-22.0.2\bin\net.dll
Event: 0.218 Loaded shared library C:\Users\josey\.jdks\openjdk-22.0.2\bin\nio.dll
Event: 0.224 Loaded shared library C:\Users\josey\.jdks\openjdk-22.0.2\bin\zip.dll
Event: 1.142 Loaded shared library C:\Program Files\JetBrains\IntelliJ IDEA 2024.3\bin\breakgen64.dll
Event: 1.180 Loaded shared library C:\Users\josey\.jdks\openjdk-22.0.2\bin\extnet.dll
Event: 1.198 Loaded shared library C:\Users\josey\.jdks\openjdk-22.0.2\bin\jimage.dll
Event: 1.248 Loaded shared library C:\Users\josey\.jdks\openjdk-22.0.2\bin\management.dll
Event: 1.334 Loaded shared library C:\Users\josey\.jdks\openjdk-22.0.2\bin\management_ext.dll
Event: 4.374 Loaded shared library C:\Users\josey\.jdks\openjdk-22.0.2\bin\sunmscapi.dll
Event: 6.695 Loaded shared library C:\Users\josey\.jdks\openjdk-22.0.2\bin\verify.dll

Deoptimization events (0 events):
No events

Classes loaded (20 events):
Event: 45.861 Loading class java/math/MathContext
Event: 45.862 Loading class java/math/MathContext done
Event: 47.069 Loading class java/time/format/DateTimeFormatterBuilder$ZoneTextPrinterParser
Event: 47.070 Loading class java/time/format/DateTimeFormatterBuilder$ZoneTextPrinterParser done
Event: 47.071 Loading class java/time/format/DateTimeFormatterBuilder$ReducedPrinterParser
Event: 47.071 Loading class java/time/format/DateTimeFormatterBuilder$ReducedPrinterParser done
Event: 47.142 Loading class java/util/stream/LongStream
Event: 47.143 Loading class java/util/stream/LongStream done
Event: 47.143 Loading class java/util/stream/DoubleStream
Event: 47.144 Loading class java/util/stream/DoubleStream done
Event: 122.499 Loading class java/util/AbstractMap$2
Event: 122.508 Loading class java/util/AbstractMap$2 done
Event: 122.511 Loading class java/util/AbstractMap$ValueIterator
Event: 122.513 Loading class java/util/AbstractMap$ValueIterator done
Event: 122.620 Loading class sun/security/ssl/Alert
Event: 122.648 Loading class sun/security/ssl/Alert done
Event: 122.648 Loading class sun/security/ssl/Alert$AlertConsumer
Event: 122.665 Loading class sun/security/ssl/Alert$AlertConsumer done
Event: 122.665 Loading class sun/security/ssl/Alert$Level
Event: 122.688 Loading class sun/security/ssl/Alert$Level done

Classes unloaded (20 events):
Event: 45.580 Thread 0x00000223f0da2780 Unloading class 0x00000223813fd800 'java/lang/invoke/LambdaForm$MH+0x00000223813fd800'
Event: 45.580 Thread 0x00000223f0da2780 Unloading class 0x00000223813fd400 'java/lang/invoke/LambdaForm$MH+0x00000223813fd400'
Event: 45.580 Thread 0x00000223f0da2780 Unloading class 0x00000223813a2400 'java/lang/invoke/LambdaForm$MH+0x00000223813a2400'
Event: 45.580 Thread 0x00000223f0da2780 Unloading class 0x00000223813a1800 'java/lang/invoke/LambdaForm$MH+0x00000223813a1800'
Event: 45.580 Thread 0x00000223f0da2780 Unloading class 0x00000223813a1400 'java/lang/invoke/LambdaForm$MH+0x00000223813a1400'
Event: 45.580 Thread 0x00000223f0da2780 Unloading class 0x00000223813a1000 'java/lang/invoke/LambdaForm$MH+0x00000223813a1000'
Event: 45.580 Thread 0x00000223f0da2780 Unloading class 0x00000223813a0800 'java/lang/invoke/LambdaForm$MH+0x00000223813a0800'
Event: 45.580 Thread 0x00000223f0da2780 Unloading class 0x00000223813a0000 'java/lang/invoke/LambdaForm$MH+0x00000223813a0000'
Event: 45.580 Thread 0x00000223f0da2780 Unloading class 0x00000223811c1c00 'java/lang/invoke/LambdaForm$MH+0x00000223811c1c00'
Event: 45.580 Thread 0x00000223f0da2780 Unloading class 0x00000223811c1400 'java/lang/invoke/LambdaForm$MH+0x00000223811c1400'
Event: 45.580 Thread 0x00000223f0da2780 Unloading class 0x00000223811c0c00 'java/lang/invoke/LambdaForm$MH+0x00000223811c0c00'
Event: 45.580 Thread 0x00000223f0da2780 Unloading class 0x0000022381120400 'java/lang/invoke/LambdaForm$MH+0x0000022381120400'
Event: 45.580 Thread 0x00000223f0da2780 Unloading class 0x0000022381120000 'java/lang/invoke/LambdaForm$MH+0x0000022381120000'
Event: 45.580 Thread 0x00000223f0da2780 Unloading class 0x00000223810e1400 'java/lang/invoke/LambdaForm$MH+0x00000223810e1400'
Event: 45.580 Thread 0x00000223f0da2780 Unloading class 0x00000223810c9800 'java/lang/invoke/LambdaForm$MH+0x00000223810c9800'
Event: 45.580 Thread 0x00000223f0da2780 Unloading class 0x00000223810c9000 'java/lang/invoke/LambdaForm$MH+0x00000223810c9000'
Event: 45.580 Thread 0x00000223f0da2780 Unloading class 0x00000223810c8800 'java/lang/invoke/LambdaForm$MH+0x00000223810c8800'
Event: 45.580 Thread 0x00000223f0da2780 Unloading class 0x00000223810c8000 'java/lang/invoke/LambdaForm$MH+0x00000223810c8000'
Event: 45.580 Thread 0x00000223f0da2780 Unloading class 0x0000022381007800 'java/lang/invoke/LambdaForm$MH+0x0000022381007800'
Event: 45.580 Thread 0x00000223f0da2780 Unloading class 0x0000022381007400 'java/lang/invoke/LambdaForm$MH+0x0000022381007400'

Classes redefined (0 events):
No events

Internal exceptions (20 events):
Event: 35.783 Thread 0x00000223c63e6ca0 Exception <a 'java/lang/IncompatibleClassChangeError'{0x00000000857c4cc0}: Found class java.lang.Object, but interface was expected> (0x00000000857c4cc0) 
thrown [s\open\src\hotspot\share\interpreter\linkResolver.cpp, line 841]
Event: 35.832 Thread 0x00000223c63e6ca0 Exception <a 'java/lang/IncompatibleClassChangeError'{0x0000000085592e70}: Found class java.lang.Object, but interface was expected> (0x0000000085592e70) 
thrown [s\open\src\hotspot\share\interpreter\linkResolver.cpp, line 841]
Event: 36.033 Thread 0x00000223c63e6ca0 Exception <a 'java/lang/IncompatibleClassChangeError'{0x0000000087793728}: Found class java.lang.Object, but interface was expected> (0x0000000087793728) 
thrown [s\open\src\hotspot\share\interpreter\linkResolver.cpp, line 841]
Event: 36.321 Thread 0x00000223c63e6ca0 Exception <a 'java/lang/NoSuchMethodError'{0x0000000085b10040}: 'int java.lang.invoke.DirectMethodHandle$Holder.invokeStaticInit(java.lang.Object, int, java.lang.Object, java.lang.Object, java.lang.Object, java.lang.Object)'> (0x0000000085b10040) 
thrown [s\open\src\hotspot\share\interpreter\linkResolver.cpp, line 774]
Event: 36.419 Thread 0x00000223c63e6ca0 Exception <a 'java/lang/NoSuchMethodError'{0x000000008562b818}: 'java.lang.Object java.lang.invoke.DirectMethodHandle$Holder.invokeInterface(java.lang.Object, java.lang.Object, java.lang.Object, java.lang.Object)'> (0x000000008562b818) 
thrown [s\open\src\hotspot\share\interpreter\linkResolver.cpp, line 774]
Event: 36.485 Thread 0x00000223c63e6ca0 Exception <a 'java/lang/NoSuchMethodError'{0x000000008549b5e8}: 'java.lang.Object java.lang.invoke.DirectMethodHandle$Holder.newInvokeSpecial(java.lang.Object, java.lang.Object, java.lang.Object, java.lang.Object, java.lang.Object, java.lang.Object, java.lang.Object, java.lang.Object)'> (0x000000008549b5e8) 
thrown [s\open\src\hotspot\share\interpreter\linkResolver.cpp, line 774]
Event: 37.068 Thread 0x00000223c63e6ca0 Exception <a 'java/lang/IncompatibleClassChangeError'{0x0000000085b82370}: Found class java.lang.Object, but interface was expected> (0x0000000085b82370) 
thrown [s\open\src\hotspot\share\interpreter\linkResolver.cpp, line 841]
Event: 37.116 Thread 0x00000223c63e6ca0 Exception <a 'java/lang/NoSuchMethodError'{0x000000008593ec30}: 'void java.lang.invoke.DirectMethodHandle$Holder.invokeVirtual(java.lang.Object, java.lang.Object, long)'> (0x000000008593ec30) 
thrown [s\open\src\hotspot\share\interpreter\linkResolver.cpp, line 774]
Event: 37.185 Thread 0x00000223c63e6ca0 Exception <a 'java/lang/NoSuchMethodError'{0x00000000857b18c0}: 'int java.lang.invoke.DirectMethodHandle$Holder.invokeStaticInit(java.lang.Object, java.lang.Object, java.lang.Object, java.lang.Object)'> (0x00000000857b18c0) 
thrown [s\open\src\hotspot\share\interpreter\linkResolver.cpp, line 774]
Event: 37.249 Thread 0x00000223c63e6ca0 Exception <a 'java/lang/IncompatibleClassChangeError'{0x00000000854be810}: Found class java.lang.Object, but interface was expected> (0x00000000854be810) 
thrown [s\open\src\hotspot\share\interpreter\linkResolver.cpp, line 841]
Event: 37.293 Thread 0x00000223c63e6ca0 Exception <a 'java/lang/NoSuchMethodError'{0x000000008a74a030}: 'java.lang.Object java.lang.invoke.Invokers$Holder.invoke_MT(java.lang.Object, java.lang.Object, java.lang.Object, java.lang.Object, java.lang.Object, java.lang.Object, java.lang.Object, java.lang.Object, java.lang.Object, java.lang.Object, java.lang.Object)'> (0x000000008a74a030) 
thrown [s\open\src\hotspot\share\interpreter\linkResolver.cpp, line 774]
Event: 37.397 Thread 0x00000223c63e6ca0 Exception <a 'java/lang/NoSuchMethodError'{0x000000008756aea0}: 'java.lang.Object java.lang.invoke.DirectMethodHandle$Holder.newInvokeSpecial(java.lang.Object, java.lang.Object, int, java.lang.Object, java.lang.Object)'> (0x000000008756aea0) 
thrown [s\open\src\hotspot\share\interpreter\linkResolver.cpp, line 774]
Event: 37.485 Thread 0x00000223c5a41e10 Exception <a 'java/lang/NoSuchMethodError'{0x000000008733e870}: 'java.lang.Object java.lang.invoke.DirectMethodHandle$Holder.invokeInterface(java.lang.Object, java.lang.Object, java.lang.Object, java.lang.Object, java.lang.Object, java.lang.Object, java.lang.Object)'> (0x000000008733e870) 
thrown [s\open\src\hotspot\share\interpreter\linkResolver.cpp, line 774]
Event: 45.138 Thread 0x00000223c80cfe70 Exception <a 'java/lang/NoSuchMethodError'{0x0000000085dcb750}: 'java.lang.Object java.lang.invoke.DirectMethodHandle$Holder.invokeSpecial(java.lang.Object, java.lang.Object, java.lang.Object, java.lang.Object, java.lang.Object, long)'> (0x0000000085dcb750) 
thrown [s\open\src\hotspot\share\interpreter\linkResolver.cpp, line 774]
Event: 45.139 Thread 0x00000223c80cfe70 Exception <a 'java/lang/NoSuchMethodError'{0x0000000085dcef48}: 'java.lang.Object java.lang.invoke.Invokers$Holder.linkToTargetMethod(java.lang.Object, java.lang.Object, java.lang.Object, long, java.lang.Object)'> (0x0000000085dcef48) 
thrown [s\open\src\hotspot\share\interpreter\linkResolver.cpp, line 774]
Event: 45.787 Thread 0x00000223c80cfe70 Exception <a 'java/lang/NoSuchMethodError'{0x0000000087602f88}: 'void java.lang.invoke.Invokers$Holder.invokeExact_MT(java.lang.Object, java.lang.Object, int, java.lang.Object)'> (0x0000000087602f88) 
thrown [s\open\src\hotspot\share\interpreter\linkResolver.cpp, line 774]
Event: 45.796 Thread 0x00000223c80cfe70 Exception <a 'java/lang/IncompatibleClassChangeError'{0x00000000876421e0}: Found class java.lang.Object, but interface was expected> (0x00000000876421e0) 
thrown [s\open\src\hotspot\share\interpreter\linkResolver.cpp, line 841]
Event: 45.833 Thread 0x00000223c80cfe70 Exception <a 'java/lang/NoSuchMethodError'{0x00000000876dea38}: 'void java.lang.invoke.DirectMethodHandle$Holder.invokeSpecialIFC(java.lang.Object, java.lang.Object, int, java.lang.Object, java.lang.Object, java.lang.Object, java.lang.Object)'> (0x00000000876dea38) 
thrown [s\open\src\hotspot\share\interpreter\linkResolver.cpp, line 774]
Event: 51.899 Thread 0x00000223c80cc9f0 Exception <a 'java/net/ConnectException'{0x00000000872e9518}: Connection timed out: getsockopt> (0x00000000872e9518) 
thrown [s\open\src\hotspot\share\prims\jni.cpp, line 539]
Event: 123.520 Thread 0x00000223c74ac290 Exception <a 'java/lang/InterruptedException'{0x0000000085b83ac0}: sleep interrupted> (0x0000000085b83ac0) 
thrown [s\open\src\hotspot\share\prims\jvm.cpp, line 3093]

ZGC Phase Switch (0 events):
No events

VM Operations (20 events):
Event: 60.298 Executing VM operation: HandshakeAllThreads (HandshakeForDeflation) done
Event: 60.298 Executing VM operation: RendezvousGCThreads
Event: 60.298 Executing VM operation: RendezvousGCThreads done
Event: 64.300 Executing VM operation: Cleanup
Event: 64.300 Executing VM operation: Cleanup done
Event: 68.304 Executing VM operation: Cleanup
Event: 68.304 Executing VM operation: Cleanup done
Event: 69.305 Executing VM operation: Cleanup
Event: 69.305 Executing VM operation: Cleanup done
Event: 87.315 Executing VM operation: Cleanup
Event: 87.315 Executing VM operation: Cleanup done
Event: 90.316 Executing VM operation: Cleanup
Event: 90.316 Executing VM operation: Cleanup done
Event: 91.316 Executing VM operation: Cleanup
Event: 91.316 Executing VM operation: Cleanup done
Event: 122.332 Executing VM operation: Cleanup
Event: 122.333 Executing VM operation: Cleanup done
Event: 123.333 Executing VM operation: Cleanup
Event: 123.333 Executing VM operation: Cleanup done
Event: 123.522 Executing VM operation: G1CollectFull (System.gc())

Memory protections (0 events):
No events

Nmethod flushes (20 events):
Event: 45.592 Thread 0x00000223f0da2780 flushing  nmethod 0x00000223e99cfe10
Event: 45.592 Thread 0x00000223f0da2780 flushing  nmethod 0x00000223e99d0d10
Event: 45.592 Thread 0x00000223f0da2780 flushing  nmethod 0x00000223e99dea10
Event: 45.592 Thread 0x00000223f0da2780 flushing  nmethod 0x00000223e99ded10
Event: 45.592 Thread 0x00000223f0da2780 flushing  nmethod 0x00000223e99dfb90
Event: 45.592 Thread 0x00000223f0da2780 flushing  nmethod 0x00000223e99e0e90
Event: 45.592 Thread 0x00000223f0da2780 flushing  nmethod 0x00000223e99e5390
Event: 45.592 Thread 0x00000223f0da2780 flushing  nmethod 0x00000223e9a11090
Event: 45.592 Thread 0x00000223f0da2780 flushing  nmethod 0x00000223e9a11410
Event: 45.592 Thread 0x00000223f0da2780 flushing  nmethod 0x00000223e9a14c10
Event: 45.592 Thread 0x00000223f0da2780 flushing  nmethod 0x00000223e9a16210
Event: 45.592 Thread 0x00000223f0da2780 flushing  nmethod 0x00000223e9a18f90
Event: 45.592 Thread 0x00000223f0da2780 flushing  nmethod 0x00000223e9a34e90
Event: 45.592 Thread 0x00000223f0da2780 flushing  nmethod 0x00000223e9a36510
Event: 45.592 Thread 0x00000223f0da2780 flushing  nmethod 0x00000223e9a37010
Event: 45.592 Thread 0x00000223f0da2780 flushing  nmethod 0x00000223e9a38b10
Event: 45.592 Thread 0x00000223f0da2780 flushing  nmethod 0x00000223e9a39590
Event: 45.592 Thread 0x00000223f0da2780 flushing  nmethod 0x00000223e9a49290
Event: 45.592 Thread 0x00000223f0da2780 flushing  nmethod 0x00000223e9a4ae10
Event: 45.592 Thread 0x00000223f0da2780 flushing  nmethod 0x00000223e9c9ab90

Events (20 events):
Event: 122.420 Thread 0x00000223c92492e0 Thread exited: 0x00000223c92492e0
Event: 122.421 Thread 0x00000223c92485c0 Thread exited: 0x00000223c92485c0
Event: 122.453 Thread 0x00000223c924ad20 Thread exited: 0x00000223c924ad20
Event: 122.456 Thread 0x00000223c80d1220 Thread exited: 0x00000223c80d1220
Event: 122.456 Thread 0x00000223c80d0b90 Thread exited: 0x00000223c80d0b90
Event: 122.456 Thread 0x00000223c80d0500 Thread exited: 0x00000223c80d0500
Event: 122.456 Thread 0x00000223c9248c50 Thread exited: 0x00000223c9248c50
Event: 122.457 Thread 0x00000223c80d18b0 Thread exited: 0x00000223c80d18b0
Event: 122.457 Thread 0x00000223c924a690 Thread exited: 0x00000223c924a690
Event: 122.457 Thread 0x00000223c80cf7e0 Thread exited: 0x00000223c80cf7e0
Event: 122.457 Thread 0x00000223c80cfe70 Thread exited: 0x00000223c80cfe70
Event: 122.457 Thread 0x00000223c924a000 Thread exited: 0x00000223c924a000
Event: 122.458 Thread 0x00000223c9247f30 Thread exited: 0x00000223c9247f30
Event: 122.525 Thread 0x00000223c924ba40 Thread added: 0x00000223c924a000
Event: 122.526 Thread 0x00000223c74abc00 Thread exited: 0x00000223c74abc00
Event: 123.397 Thread 0x00000223f0dd6700 Thread added: 0x00000223c6c88810
Event: 123.485 Thread 0x00000223c924a000 Thread exited: 0x00000223c924a000
Event: 123.518 Thread 0x00000223c74ad640 Thread exited: 0x00000223c74ad640
Event: 123.519 Thread 0x00000223c74aa850 Thread exited: 0x00000223c74aa850
Event: 123.520 Thread 0x00000223c74ac290 Thread exited: 0x00000223c74ac290


Dynamic libraries:
0x00007ff6fdf10000 - 0x00007ff6fdf1e000 	C:\Users\josey\.jdks\openjdk-22.0.2\bin\java.exe
0x00007ffa09f80000 - 0x00007ffa0a1e3000 	C:\WINDOWS\SYSTEM32\ntdll.dll
0x00007ffa08ee0000 - 0x00007ffa08fa8000 	C:\WINDOWS\System32\KERNEL32.DLL
0x00007ffa07540000 - 0x00007ffa078f2000 	C:\WINDOWS\System32\KERNELBASE.dll
0x00007ffa07900000 - 0x00007ffa07a4b000 	C:\WINDOWS\System32\ucrtbase.dll
0x00007ffa021f0000 - 0x00007ffa02207000 	C:\Users\josey\.jdks\openjdk-22.0.2\bin\jli.dll
0x00007ffa02d20000 - 0x00007ffa02d3b000 	C:\Users\josey\.jdks\openjdk-22.0.2\bin\VCRUNTIME140.dll
0x00007ffa09180000 - 0x00007ffa09348000 	C:\WINDOWS\System32\USER32.dll
0x00007ff9e8e40000 - 0x00007ff9e90d0000 	C:\WINDOWS\WinSxS\amd64_microsoft.windows.common-controls_6595b64144ccf1df_6.0.26100.2454_none_3e0b68a2e331ad60\COMCTL32.dll
0x00007ffa07db0000 - 0x00007ffa07dd7000 	C:\WINDOWS\System32\win32u.dll
0x00007ffa08d00000 - 0x00007ffa08da9000 	C:\WINDOWS\System32\msvcrt.dll
0x00007ffa09d40000 - 0x00007ffa09d6a000 	C:\WINDOWS\System32\GDI32.dll
0x00007ffa07c80000 - 0x00007ffa07dab000 	C:\WINDOWS\System32\gdi32full.dll
0x00007ffa07bd0000 - 0x00007ffa07c73000 	C:\WINDOWS\System32\msvcp_win.dll
0x00007ffa07f40000 - 0x00007ffa07f6f000 	C:\WINDOWS\System32\IMM32.DLL
0x00007ffa02d10000 - 0x00007ffa02d1c000 	C:\Users\josey\.jdks\openjdk-22.0.2\bin\vcruntime140_1.dll
0x00007ffa01010000 - 0x00007ffa0109e000 	C:\Users\josey\.jdks\openjdk-22.0.2\bin\msvcp140.dll
0x00007ff9c5720000 - 0x00007ff9c6469000 	C:\Users\josey\.jdks\openjdk-22.0.2\bin\server\jvm.dll
0x00007ffa08b60000 - 0x00007ffa08c14000 	C:\WINDOWS\System32\ADVAPI32.dll
0x00007ffa08e00000 - 0x00007ffa08ea6000 	C:\WINDOWS\System32\sechost.dll
0x00007ffa09410000 - 0x00007ffa09526000 	C:\WINDOWS\System32\RPCRT4.dll
0x00007ffa07ec0000 - 0x00007ffa07f34000 	C:\WINDOWS\System32\WS2_32.dll
0x00007ffa06200000 - 0x00007ffa0624e000 	C:\WINDOWS\SYSTEM32\POWRPROF.dll
0x00007ff9ec920000 - 0x00007ff9ec956000 	C:\WINDOWS\SYSTEM32\WINMM.dll
0x00007ff9f7550000 - 0x00007ff9f755b000 	C:\WINDOWS\SYSTEM32\VERSION.dll
0x00007ffa06140000 - 0x00007ffa06154000 	C:\WINDOWS\SYSTEM32\UMPDC.dll
0x00007ffa06260000 - 0x00007ffa0627a000 	C:\WINDOWS\SYSTEM32\kernel.appcore.dll
0x00007ffa021e0000 - 0x00007ffa021ea000 	C:\Users\josey\.jdks\openjdk-22.0.2\bin\jimage.dll
0x00007ffa04d00000 - 0x00007ffa04f41000 	C:\WINDOWS\SYSTEM32\DBGHELP.DLL
0x00007ffa087d0000 - 0x00007ffa08b4e000 	C:\WINDOWS\System32\combase.dll
0x00007ffa07de0000 - 0x00007ffa07eb6000 	C:\WINDOWS\System32\OLEAUT32.dll
0x00007ff9f4ab0000 - 0x00007ff9f4ae9000 	C:\WINDOWS\SYSTEM32\dbgcore.DLL
0x00007ffa07350000 - 0x00007ffa073e9000 	C:\WINDOWS\System32\bcryptPrimitives.dll
0x00007ffa020f0000 - 0x00007ffa020ff000 	C:\Users\josey\.jdks\openjdk-22.0.2\bin\instrument.dll
0x00007ffa021c0000 - 0x00007ffa021de000 	C:\Users\josey\.jdks\openjdk-22.0.2\bin\java.dll
0x00007ffa09540000 - 0x00007ffa09c40000 	C:\WINDOWS\System32\SHELL32.dll
0x00007ffa07f90000 - 0x00007ffa08129000 	C:\WINDOWS\System32\ole32.dll
0x00007ffa05040000 - 0x00007ffa05871000 	C:\WINDOWS\SYSTEM32\windows.storage.dll
0x00007ffa090a0000 - 0x00007ffa0917a000 	C:\WINDOWS\System32\SHCORE.dll
0x00007ffa08fb0000 - 0x00007ffa0900d000 	C:\WINDOWS\System32\shlwapi.dll
0x00007ffa07260000 - 0x00007ffa0728e000 	C:\WINDOWS\SYSTEM32\profapi.dll
0x00007ffa01860000 - 0x00007ffa01877000 	C:\Users\josey\.jdks\openjdk-22.0.2\bin\zip.dll
0x00007ffa02100000 - 0x00007ffa02110000 	C:\Users\josey\.jdks\openjdk-22.0.2\bin\net.dll
0x00007ffa06740000 - 0x00007ffa067a8000 	C:\WINDOWS\system32\mswsock.dll
0x00007ffa01db0000 - 0x00007ffa01dc6000 	C:\Users\josey\.jdks\openjdk-22.0.2\bin\nio.dll
0x00007ffa017a0000 - 0x00007ffa017ba000 	C:\Program Files\JetBrains\IntelliJ IDEA 2024.3\bin\breakgen64.dll
0x00007ffa01750000 - 0x00007ffa01759000 	C:\Users\josey\.jdks\openjdk-22.0.2\bin\extnet.dll
0x00007ffa05bb0000 - 0x00007ffa05cd5000 	C:\WINDOWS\SYSTEM32\DNSAPI.dll
0x00007ffa05b70000 - 0x00007ffa05ba2000 	C:\WINDOWS\SYSTEM32\IPHLPAPI.DLL
0x00007ffa087c0000 - 0x00007ffa087ca000 	C:\WINDOWS\System32\NSI.dll
0x00007ff9fb650000 - 0x00007ff9fb65b000 	C:\Windows\System32\rasadhlp.dll
0x00007ff9fd0c0000 - 0x00007ff9fd145000 	C:\WINDOWS\System32\fwpuclnt.dll
0x00007ffa014e0000 - 0x00007ffa014ea000 	C:\Users\josey\.jdks\openjdk-22.0.2\bin\management.dll
0x00007ffa014d0000 - 0x00007ffa014db000 	C:\Users\josey\.jdks\openjdk-22.0.2\bin\management_ext.dll
0x00007ffa07f80000 - 0x00007ffa07f88000 	C:\WINDOWS\System32\PSAPI.DLL
0x00007ffa06af0000 - 0x00007ffa06b0c000 	C:\WINDOWS\SYSTEM32\CRYPTSP.dll
0x00007ffa06160000 - 0x00007ffa06198000 	C:\WINDOWS\system32\rsaenh.dll
0x00007ffa067e0000 - 0x00007ffa0680b000 	C:\WINDOWS\SYSTEM32\USERENV.dll
0x00007ffa06c80000 - 0x00007ffa06ca6000 	C:\WINDOWS\SYSTEM32\bcrypt.dll
0x00007ffa06970000 - 0x00007ffa0697c000 	C:\WINDOWS\SYSTEM32\CRYPTBASE.dll
0x00007ff9e98c0000 - 0x00007ff9e98d8000 	C:\WINDOWS\system32\napinsp.dll
0x00007ff9e98e0000 - 0x00007ff9e98f2000 	C:\WINDOWS\System32\winrnr.dll
0x00007ff9e9900000 - 0x00007ff9e9922000 	C:\WINDOWS\system32\nlansp_c.dll
0x00007ff9fe4c0000 - 0x00007ff9fe4d6000 	C:\WINDOWS\system32\wshbth.dll
0x00007ff9ee9c0000 - 0x00007ff9eea16000 	C:\WINDOWS\SYSTEM32\pdh.dll
0x00007ffa01970000 - 0x00007ffa0197e000 	C:\Users\josey\.jdks\openjdk-22.0.2\bin\sunmscapi.dll
0x00007ffa07a50000 - 0x00007ffa07bc6000 	C:\WINDOWS\System32\CRYPT32.dll
0x00007ffa06c40000 - 0x00007ffa06c70000 	C:\WINDOWS\SYSTEM32\ncrypt.dll
0x00007ffa06bf0000 - 0x00007ffa06c2f000 	C:\WINDOWS\SYSTEM32\NTASN1.dll
0x00007ff9e98a0000 - 0x00007ff9e98b2000 	C:\WINDOWS\System32\perfproc.dll
0x00007ff9feac0000 - 0x00007ff9fead1000 	C:\WINDOWS\System32\perfos.dll
0x00007ffa040a0000 - 0x00007ffa040b2000 	C:\WINDOWS\SYSTEM32\pfclient.dll
0x00007ffa01960000 - 0x00007ffa01970000 	C:\Users\josey\.jdks\openjdk-22.0.2\bin\verify.dll
0x00007ff9d3a00000 - 0x00007ff9d3a08000 	C:\WINDOWS\system32\wshunix.dll

dbghelp: loaded successfully - version: 4.0.5 - missing functions: none
symbol engine: initialized successfully - sym options: 0x614 - pdb path: .;C:\Users\josey\.jdks\openjdk-22.0.2\bin;C:\WINDOWS\SYSTEM32;C:\WINDOWS\WinSxS\amd64_microsoft.windows.common-controls_6595b64144ccf1df_6.0.26100.2454_none_3e0b68a2e331ad60;C:\Users\josey\.jdks\openjdk-22.0.2\bin\server;C:\Program Files\JetBrains\IntelliJ IDEA 2024.3\bin

VM Arguments:
jvm_args: -XX:TieredStopAtLevel=1 -Dspring.output.ansi.enabled=always -Dcom.sun.management.jmxremote -Dspring.jmx.enabled=true -Dspring.liveBeansView.mbeanDomain -Dspring.application.admin.enabled=true -Dmanagement.endpoints.jmx.exposure.include=* -javaagent:C:\Program Files\JetBrains\IntelliJ IDEA 2024.3\lib\idea_rt.jar=64824:C:\Program Files\JetBrains\IntelliJ IDEA 2024.3\bin -Dfile.encoding=UTF-8 -Dsun.stdout.encoding=UTF-8 -Dsun.stderr.encoding=UTF-8 
java_command: vallegrande.edu.pe.recuperacion.RecuperacionApplication
java_class_path (initial): C:\Users\josey\OneDrive\Escritorio\presentacion\backend\recuperacion\target\classes;C:\Users\josey\.m2\repository\org\springframework\boot\spring-boot-starter-web\3.4.0\spring-boot-starter-web-3.4.0.jar;C:\Users\josey\.m2\repository\org\springframework\boot\spring-boot-starter-json\3.4.0\spring-boot-starter-json-3.4.0.jar;C:\Users\josey\.m2\repository\com\fasterxml\jackson\core\jackson-databind\2.18.1\jackson-databind-2.18.1.jar;C:\Users\josey\.m2\repository\com\fasterxml\jackson\core\jackson-annotations\2.18.1\jackson-annotations-2.18.1.jar;C:\Users\josey\.m2\repository\com\fasterxml\jackson\core\jackson-core\2.18.1\jackson-core-2.18.1.jar;C:\Users\josey\.m2\repository\com\fasterxml\jackson\datatype\jackson-datatype-jdk8\2.18.1\jackson-datatype-jdk8-2.18.1.jar;C:\Users\josey\.m2\repository\com\fasterxml\jackson\datatype\jackson-datatype-jsr310\2.18.1\jackson-datatype-jsr310-2.18.1.jar;C:\Users\josey\.m2\repository\com\fasterxml\jackson\module\jackson-module-parameter-names\2.18.1\jackson-module-parameter-names-2.18.1.jar;C:\Users\josey\.m2\repository\org\springframework\boot\spring-boot-starter-tomcat\3.4.0\spring-boot-starter-tomcat-3.4.0.jar;C:\Users\josey\.m2\repository\org\apache\tomcat\embed\tomcat-embed-core\10.1.33\tomcat-embed-core-10.1.33.jar;C:\Users\josey\.m2\repository\org\apache\tomcat\embed\tomcat-embed-websocket\10.1.33\tomcat-embed-websocket-10.1.33.jar;C:\Users\josey\.m2\repository\org\springframework\spring-web\6.2.0\spring-web-6.2.0.jar;C:\Users\josey\.m2\repository\org\springframework\spring-beans\6.2.0\spring-beans-6.2.0.jar;C:\Users\josey\.m2\repository\io\micrometer\micrometer-observation\1.14.1\micrometer-observation-1.14.1.jar;C:\Users\josey\.m2\repository\io\micrometer\micrometer-commons\1.14.1\micrometer-commons-1.14.1.jar;C:\Users\josey\.m2\repository\org\springframework\spring-webmvc\6.2.0\spring-webmvc-6.2.0.jar;C:\Users\josey\.m2\repository\org\springframework\spring-aop\6.2.0\spring-aop-6.2.0.jar;C:\Users\josey\.m2\repository\org\springframework\spring-context\6.2.0\spring-context-6.2.0.jar;C:\Users\josey\.m2\repository\org\springframework\spring-expression\6.2.0\spring-expression-6.2.0.jar;C:\Users\josey\.m2\repository\org\springframework\boot\spring-boot-starter\3.4.0\spring-boot-starter-3.4.0.jar;C:\Users\josey\.m2\repository\org\springframework\boot\spring-boot\3.4.0\spring-boot-3.4.0.jar;C:\Users\josey\.m2\repository\org\springframework\boot\spring-boot-autoconfigure\3.4.0\spring-boot-autoconfigure-3.4.0.jar;C:\Users\josey\.m2\repository\org\springframework\boot\spring-boot-starter-logging\3.4.0\spring-boot-starter-logging-3.4.0.jar;C:\Users\josey\.m2\repository\ch\qos\logback\logback-classic\1.5.12\logback-classic-1.5.12.jar;C:\Users\josey\.m2\repository\ch\qos\logback\logback-core\1.5.12\logback-core-1.5.12.jar;C:\Users\josey\.m2\repository\org\apache\logging\log4j\log4j-to-slf4j\2.24.1\log4j-to-slf4j-2.24.1.jar;C:\Users\josey\.m2\repository\org\apache\logging\log4j\log4j-api\2.24.1\log4j-api-2.24.1.jar;C:\Users\josey\.m2\repository\org\slf4j\jul-to-slf4j\2.0.16\jul-to-slf4j-2.0.16.jar;C:\Users\josey\.m2\repository\jakarta\annotation\jakarta.annotation-api\2.1.1\jakarta.annotation-api-2.1.1.jar;C:\Users\josey\.m2\repository\org\springframework\spring-core\6.2.0\spring-core-6.2.0.jar;C:\Users\josey\.m2\repository\org\springframework\spring-jcl\6.2.0\spring-jcl-6.2.0.jar;C:\Users\josey\.m2\repository\org\yaml\snakeyaml\2.3\snakeyaml-2.3.jar;C:\Users\josey\.m2\repository\org\springframework\boot\spring-boot-devtools\3.4.0\spring-boot-devtools-3.4.0.jar;C:\Users\josey\.m2\repository\org\projectlombok\lombok\1.18.36\lombok-1.18.36.jar;C:\Users\josey\.m2\repository\org\slf4j\slf4j-api\2.0.16\slf4j-api-2.0.16.jar;C:\Users\josey\.m2\repository\jakarta\xml\bind\jakarta.xml.bind-api\4.0.2\jakarta.xml.bind-api-4.0.2.jar;C:\Users\josey\.m2\repository\jakarta\activation\jakarta.activation-api\2.1.3\jakarta.activation-api-2.1.3.jar;C:\Users\josey\.m2\repository\org\springframework\boot\spring-boot-starter-validation\3.4.0\spring-boot-starter-validation-3.4.0.jar;C:\Users\josey\.m2\repository\org\apache\tomcat\embed\tomcat-embed-el\10.1.33\tomcat-embed-el-10.1.33.jar;C:\Users\josey\.m2\repository\org\hibernate\validator\hibernate-validator\8.0.1.Final\hibernate-validator-8.0.1.Final.jar;C:\Users\josey\.m2\repository\jakarta\validation\jakarta.validation-api\3.0.2\jakarta.validation-api-3.0.2.jar;C:\Users\josey\.m2\repository\org\springframework\boot\spring-boot-starter-data-jpa\3.4.0\spring-boot-starter-data-jpa-3.4.0.jar;C:\Users\josey\.m2\repository\org\springframework\boot\spring-boot-starter-jdbc\3.4.0\spring-boot-starter-jdbc-3.4.0.jar;C:\Users\josey\.m2\repository\com\zaxxer\HikariCP\5.1.0\HikariCP-5.1.0.jar;C:\Users\josey\.m2\repository\org\springframework\spring-jdbc\6.2.0\spring-jdbc-6.2.0.jar;C:\Users\josey\.m2\repository\org\springframework\data\spring-data-jpa\3.4.0\spring-data-jpa-3.4.0.jar;C:\Users\josey\.m2\repository\org\springframework\data\spring-data-commons\3.4.0\spring-data-commons-3.4.0.jar;C:\Users\josey\.m2\repository\org\springframework\spring-orm\6.2.0\spring-orm-6.2.0.jar;C:\Users\josey\.m2\repository\org\springframework\spring-tx\6.2.0\spring-tx-6.2.0.jar;C:\Users\josey\.m2\repository\org\springframework\spring-aspects\6.2.0\spring-aspects-6.2.0.jar;C:\Users\josey\.m2\repository\org\aspectj\aspectjweaver\1.9.22.1\aspectjweaver-1.9.22.1.jar;C:\Users\josey\.m2\repository\com\oracle\database\jdbc\ojdbc11\23.5.0.24.07\ojdbc11-23.5.0.24.07.jar;C:\Users\josey\.m2\repository\com\oracle\database\jdbc\ucp11\23.5.0.24.07\ucp11-23.5.0.24.07.jar;C:\Users\josey\.m2\repository\com\oracle\database\jdbc\rsi\23.5.0.24.07\rsi-23.5.0.24.07.jar;C:\Users\josey\.m2\repository\com\oracle\database\security\oraclepki\23.5.0.24.07\oraclepki-23.5.0.24.07.jar;C:\Users\josey\.m2\repository\com\oracle\database\security\osdt_core\21.5.0.0\osdt_core-21.5.0.0.jar;C:\Users\josey\.m2\repository\com\oracle\database\security\osdt_cert\21.5.0.0\osdt_cert-21.5.0.0.jar;C:\Users\josey\.m2\repository\com\oracle\database\ha\simplefan\23.5.0.24.07\simplefan-23.5.0.24.07.jar;C:\Users\josey\.m2\repository\com\oracle\database\ha\ons\23.5.0.24.07\ons-23.5.0.24.07.jar;C:\Users\josey\.m2\repository\com\oracle\database\nls\orai18n\23.5.0.24.07\orai18n-23.5.0.24.07.jar;C:\Users\josey\.m2\repository\com\oracle\database\xml\xdb\23.5.0.24.07\xdb-23.5.0.24.07.jar;C:\Users\josey\.m2\repository\com\oracle\database\xml\xmlparserv2\23.5.0.24.07\xmlparserv2-23.5.0.24.07.jar;C:\Users\josey\.m2\repository\org\hibernate\orm\hibernate-core\6.4.4.Final\hibernate-core-6.4.4.Final.jar;C:\Users\josey\.m2\repository\jakarta\persistence\jakarta.persistence-api\3.1.0\jakarta.persistence-api-3.1.0.jar;C:\Users\josey\.m2\repository\jakarta\transaction\jakarta.transaction-api\2.0.1\jakarta.transaction-api-2.0.1.jar;C:\Users\josey\.m2\repository\org\jboss\logging\jboss-logging\3.6.1.Final\jboss-logging-3.6.1.Final.jar;C:\Users\josey\.m2\repository\org\hibernate\common\hibernate-commons-annotations\6.0.6.Final\hibernate-commons-annotations-6.0.6.Final.jar;C:\Users\josey\.m2\repository\io\smallrye\jandex\3.1.2\jandex-3.1.2.jar;C:\Users\josey\.m2\repository\com\fasterxml\classmate\1.7.0\classmate-1.7.0.jar;C:\Users\josey\.m2\repository\net\bytebuddy\byte-buddy\1.15.10\byte-buddy-1.15.10.jar;C:\Users\josey\.m2\repository\org\glassfish\jaxb\jaxb-runtime\4.0.5\jaxb-runtime-4.0.5.jar;C:\Users\josey\.m2\repository\org\glassfish\jaxb\jaxb-core\4.0.5\jaxb-core-4.0.5.jar;C:\Users\josey\.m2\repository\org\eclipse\angus\angus-activation\2.0.2\angus-activation-2.0.2.jar;C:\Users\josey\.m2\repository\org\glassfish\jaxb\txw2\4.0.5\txw2-4.0.5.jar;C:\Users\josey\.m2\repository\com\sun\istack\istack-commons-runtime\4.1.2\istack-commons-runtime-4.1.2.jar;C:\Users\josey\.m2\repository\jakarta\inject\jakarta.inject-api\2.0.1\jakarta.inject-api-2.0.1.jar;C:\Users\josey\.m2\repository\org\antlr\antlr4-runtime\4.13.0\antlr4-runtime-4.13.0.jar
Launcher Type: SUN_STANDARD

[Global flags]
     intx CICompilerCount                          = 4                                         {product} {ergonomic}
     uint ConcGCThreads                            = 2                                         {product} {ergonomic}
     uint G1ConcRefinementThreads                  = 8                                         {product} {ergonomic}
   size_t G1HeapRegionSize                         = 1048576                                   {product} {ergonomic}
   size_t InitialHeapSize                          = 132120576                                 {product} {ergonomic}
     bool ManagementServer                         = true                                      {product} {command line}
   size_t MarkStackSize                            = 4194304                                   {product} {ergonomic}
   size_t MaxHeapSize                              = 2103443456                                {product} {ergonomic}
   size_t MaxNewSize                               = 1261436928                                {product} {ergonomic}
   size_t MinHeapDeltaBytes                        = 1048576                                   {product} {ergonomic}
   size_t MinHeapSize                              = 8388608                                   {product} {ergonomic}
    uintx NonNMethodCodeHeapSize                   = 4096                                   {pd product} {ergonomic}
    uintx NonProfiledCodeHeapSize                  = 0                                      {pd product} {ergonomic}
     bool ProfileInterpreter                       = false                                  {pd product} {command line}
    uintx ProfiledCodeHeapSize                     = 0                                      {pd product} {ergonomic}
   size_t SoftMaxHeapSize                          = 2103443456                             {manageable} {ergonomic}
     intx TieredStopAtLevel                        = 1                                         {product} {command line}
     bool UseCompressedOops                        = true                           {product lp64_product} {ergonomic}
     bool UseG1GC                                  = true                                      {product} {ergonomic}
     bool UseLargePagesIndividualAllocation        = false                                  {pd product} {ergonomic}

Logging:
Log output configuration:
 #0: stdout all=warning uptime,level,tags foldmultilines=false
 #1: stderr all=off uptime,level,tags foldmultilines=false

Environment Variables:
JAVA_HOME=C:\Program Files\Java\jdk-11
PATH=C:\Python311\Scripts\;C:\Python311\;C:\Program Files\Common Files\Oracle\Java\javapath;C:\WINDOWS\system32;C:\WINDOWS;C:\WINDOWS\System32\Wbem;C:\WINDOWS\System32\WindowsPowerShell\v1.0\;C:\WINDOWS\System32\OpenSSH\;C:\Program Files\nodejs\;C:\ProgramData\chocolatey\bin;C:\Program Files\Git\cmd;C:\Users\josey\AppData\Local\Programs\Python\Python312\Scripts\;C:\Users\josey\AppData\Local\Programs\Python\Python312\;C:\Users\josey\.console-ninja\.bin;C:\Users\josey\AppData\Local\Microsoft\WindowsApps;C:\Users\josey\AppData\Roaming\npm;C:\Users\josey\AppData\Local\Programs\Microsoft VS Code\bin;C:\Users\josey\AppData\Local\JetBrains\Toolbox\scripts;C:\flutter\bin;;%USERPROFILE%\AppData\Local\Microsoft\WindowsApps
USERNAME=josey
OS=Windows_NT
PROCESSOR_IDENTIFIER=Intel64 Family 6 Model 142 Stepping 10, GenuineIntel
TMP=C:\Users\josey\AppData\Local\Temp
TEMP=C:\Users\josey\AppData\Local\Temp




Periodic native trim disabled

---------------  S Y S T E M  ---------------

OS:
 Windows 11 , 64 bit Build 26100 (10.0.26100.2454)
OS uptime: 0 days 14:26 hours
Hyper-V role detected

CPU: total 8 (initial active 8) (4 cores per cpu, 2 threads per core) family 6 model 142 stepping 10 microcode 0xea, cx8, cmov, fxsr, ht, mmx, 3dnowpref, sse, sse2, sse3, ssse3, sse4.1, sse4.2, popcnt, lzcnt, tsc, tscinvbit, avx, avx2, aes, erms, clmul, bmi1, bmi2, adx, fma, vzeroupper, clflush, clflushopt, hv, rdtscp, f16c
Processor Information for all 8 processors :
  Max Mhz: 1801, Current Mhz: 1801, Mhz Limit: 1801

Memory: 4k page, system-wide physical 8023M (628M free)
TotalPageFile size 12119M (AvailPageFile size 6M)
current process WorkingSet (physical memory assigned to process): 107M, peak: 254M
current process commit charge ("private bytes"): 293M, peak: 295M

vm_info: OpenJDK 64-Bit Server VM (22.0.2+9-70) for windows-amd64 JRE (22.0.2+9-70), built on 2024-06-04T16:52:23Z by "mach5one" with MS VC++ 17.6 (VS2022)

END.
