#
# There is insufficient memory for the Java Runtime Environment to continue.
# Native memory allocation (malloc) failed to allocate 1048576 bytes. Error detail: AllocateHeap
# Possible reasons:
#   The system is out of physical RAM or swap space
#   This process is running with CompressedOops enabled, and the Java Heap may be blocking the growth of the native heap
# Possible solutions:
#   Reduce memory load on the system
#   Increase physical memory or swap space
#   Check if swap backing store is full
#   Decrease Java heap size (-Xmx/-Xms)
#   Decrease number of Java threads
#   Decrease Java thread stack sizes (-Xss)
#   Set larger code cache with -XX:ReservedCodeCacheSize=
#   JVM is running with Unscaled Compressed Oops mode in which the Java heap is
#     placed in the first 4GB address space. The Java Heap base address is the
#     maximum limit for the native heap growth. Please use -XX:HeapBaseMinAddress
#     to set the Java Heap base and to place the Java Heap above 4GB virtual address.
# This output file may be truncated or incomplete.
#
#  Out of Memory Error (allocation.cpp:44), pid=9776, tid=2120
#
# JRE version:  (22.0.2+9) (build )
# Java VM: OpenJDK 64-Bit Server VM (22.0.2+9-70, mixed mode, emulated-client, sharing, tiered, compressed oops, compressed class ptrs, g1 gc, windows-amd64)
# No core dump will be written. Minidumps are not enabled by default on client versions of Windows
#

---------------  S U M M A R Y ------------

Command Line: -XX:TieredStopAtLevel=1 -Dspring.output.ansi.enabled=always -Dcom.sun.management.jmxremote -Dspring.jmx.enabled=true -Dspring.liveBeansView.mbeanDomain -Dspring.application.admin.enabled=true -Dmanagement.endpoints.jmx.exposure.include=* -javaagent:C:\Program Files\JetBrains\IntelliJ IDEA 2024.3\lib\idea_rt.jar=59298:C:\Program Files\JetBrains\IntelliJ IDEA 2024.3\bin -Dfile.encoding=UTF-8 -Dsun.stdout.encoding=UTF-8 -Dsun.stderr.encoding=UTF-8 vallegrande.edu.pe.recuperacion.RecuperacionApplication

Host: Intel(R) Core(TM) i5-8250U CPU @ 1.60GHz, 8 cores, 7G,  Windows 11 , 64 bit Build 26100 (10.0.26100.2454)
Time: Wed Dec 11 08:27:03 2024 Hora est. Pacífico, Sudamérica elapsed time: 0.069928 seconds (0d 0h 0m 0s)

---------------  T H R E A D  ---------------

Current thread (0x00000274af3cc9a0):  JavaThread "Unknown thread" [_thread_in_vm, id=2120, stack(0x000000d16e900000,0x000000d16ea00000) (1024K)]

Stack: [0x000000d16e900000,0x000000d16ea00000]
Native frames: (J=compiled Java code, j=interpreted, Vv=VM code, C=native code)
V  [jvm.dll+0x6e26e9]  (no source info available)
V  [jvm.dll+0x875753]  (no source info available)
V  [jvm.dll+0x877b7e]  (no source info available)
V  [jvm.dll+0x878253]  (no source info available)
V  [jvm.dll+0x27fc86]  (no source info available)
V  [jvm.dll+0xbe877]  (no source info available)
V  [jvm.dll+0x335144]  (no source info available)
V  [jvm.dll+0x32d22e]  (no source info available)
V  [jvm.dll+0x83d5ac]  (no source info available)
V  [jvm.dll+0x3c10d1]  (no source info available)
V  [jvm.dll+0x8264cc]  (no source info available)
V  [jvm.dll+0x45bd5e]  (no source info available)
V  [jvm.dll+0x45dbe1]  (no source info available)
C  [jli.dll+0x52a3]  (no source info available)
C  [ucrtbase.dll+0x14ea0]  (no source info available)
C  [KERNEL32.DLL+0x2e8d7]  (no source info available)
C  [ntdll.dll+0xdfbcc]  (no source info available)


---------------  P R O C E S S  ---------------

Threads class SMR info:
_java_thread_list=0x00007ff86ed5c1c8, length=0, elements={
}

Java Threads: ( => current thread )
Total: 0

Other Threads:
  0x00000274af421500 WorkerThread "GC Thread#0"                     [id=15492, stack(0x000000d16ea00000,0x000000d16eb00000) (1024K)]

[error occurred during error reporting (printing all threads), id 0xc0000005, EXCEPTION_ACCESS_VIOLATION (0xc0000005) at pc=0x00007ff86e4a9c30]
VM state: not at safepoint (not fully initialized)

VM Mutex/Monitor currently owned by a thread:  ([mutex/lock_event])
[0x00007ff86eddcc80] Heap_lock - owner thread: 0x00000274af3cc9a0

Heap address: 0x0000000082a00000, size: 2006 MB, Compressed Oops mode: 32-bit

CDS archive(s) mapped at: [0x0000000000000000-0x0000000000000000-0x0000000000000000), size 0, SharedBaseAddress: 0x0000000800000000, ArchiveRelocationMode: 1.
Narrow klass base: 0x0000000000000000, Narrow klass shift: 0, Narrow klass range: 0x0

GC Precious Log:
 CardTable entry size: 512
 Card Set container configuration: InlinePtr #cards 5 size 8 Array Of Cards #cards 12 size 40 Howl #buckets 4 coarsen threshold 1843 Howl Bitmap #cards 512 size 80 coarsen threshold 460 Card regions per heap region 1 cards per card region 2048

Heap:
 garbage-first heap   total reserved 2054144K, committed 0K, used 0K [0x0000000082a00000, 0x0000000100000000)
  region size 1024K, 0 young (0K), 0 survivors (0K)

[error occurred during error reporting (printing heap information), id 0xc0000005, EXCEPTION_ACCESS_VIOLATION (0xc0000005) at pc=0x00007ff86e8ae869]
GC Heap History (0 events):
No events

Dll operation events (1 events):
Event: 0.029 Loaded shared library C:\Users\josey\.jdks\openjdk-22.0.2\bin\java.dll

Deoptimization events (0 events):
No events

Classes loaded (0 events):
No events

Classes unloaded (0 events):
No events

Classes redefined (0 events):
No events

Internal exceptions (0 events):
No events

ZGC Phase Switch (0 events):
No events

VM Operations (0 events):
No events

Memory protections (0 events):
No events

Nmethod flushes (0 events):
No events

Events (0 events):
No events


Dynamic libraries:
0x00007ff784ef0000 - 0x00007ff784efe000 	C:\Users\josey\.jdks\openjdk-22.0.2\bin\java.exe
0x00007ff8b8ea0000 - 0x00007ff8b9103000 	C:\WINDOWS\SYSTEM32\ntdll.dll
0x00007ff8b78b0000 - 0x00007ff8b7978000 	C:\WINDOWS\System32\KERNEL32.DLL
0x00007ff8b6730000 - 0x00007ff8b6ae2000 	C:\WINDOWS\System32\KERNELBASE.dll
0x00007ff8b6270000 - 0x00007ff8b63bb000 	C:\WINDOWS\System32\ucrtbase.dll
0x00007ff88f7e0000 - 0x00007ff88f7fb000 	C:\Users\josey\.jdks\openjdk-22.0.2\bin\VCRUNTIME140.dll
0x00007ff89dda0000 - 0x00007ff89ddb7000 	C:\Users\josey\.jdks\openjdk-22.0.2\bin\jli.dll
0x00007ff8b8770000 - 0x00007ff8b8938000 	C:\WINDOWS\System32\USER32.dll
0x00007ff89d960000 - 0x00007ff89dbf0000 	C:\WINDOWS\WinSxS\amd64_microsoft.windows.common-controls_6595b64144ccf1df_6.0.26100.2454_none_3e0b68a2e331ad60\COMCTL32.dll
0x00007ff8b6af0000 - 0x00007ff8b6b17000 	C:\WINDOWS\System32\win32u.dll
0x00007ff8b7740000 - 0x00007ff8b77e9000 	C:\WINDOWS\System32\msvcrt.dll
0x00007ff8b8970000 - 0x00007ff8b899a000 	C:\WINDOWS\System32\GDI32.dll
0x00007ff8b6bd0000 - 0x00007ff8b6cfb000 	C:\WINDOWS\System32\gdi32full.dll
0x00007ff8b6b20000 - 0x00007ff8b6bc3000 	C:\WINDOWS\System32\msvcp_win.dll
0x00007ff8b6e20000 - 0x00007ff8b6e4f000 	C:\WINDOWS\System32\IMM32.DLL
0x00007ff8ad500000 - 0x00007ff8ad50c000 	C:\Users\josey\.jdks\openjdk-22.0.2\bin\vcruntime140_1.dll
0x00007ff8811a0000 - 0x00007ff88122e000 	C:\Users\josey\.jdks\openjdk-22.0.2\bin\msvcp140.dll
0x00007ff86e170000 - 0x00007ff86eeb9000 	C:\Users\josey\.jdks\openjdk-22.0.2\bin\server\jvm.dll
0x00007ff8b77f0000 - 0x00007ff8b78a4000 	C:\WINDOWS\System32\ADVAPI32.dll
0x00007ff8b8520000 - 0x00007ff8b85c6000 	C:\WINDOWS\System32\sechost.dll
0x00007ff8b6d00000 - 0x00007ff8b6e16000 	C:\WINDOWS\System32\RPCRT4.dll
0x00007ff8b7520000 - 0x00007ff8b7594000 	C:\WINDOWS\System32\WS2_32.dll
0x00007ff8b5570000 - 0x00007ff8b55be000 	C:\WINDOWS\SYSTEM32\POWRPROF.dll
0x00007ff89df80000 - 0x00007ff89dfb6000 	C:\WINDOWS\SYSTEM32\WINMM.dll
0x00007ff8a8640000 - 0x00007ff8a864b000 	C:\WINDOWS\SYSTEM32\VERSION.dll
0x00007ff8b5550000 - 0x00007ff8b5564000 	C:\WINDOWS\SYSTEM32\UMPDC.dll
0x00007ff8b5070000 - 0x00007ff8b508a000 	C:\WINDOWS\SYSTEM32\kernel.appcore.dll
0x00007ff8a2350000 - 0x00007ff8a235a000 	C:\Users\josey\.jdks\openjdk-22.0.2\bin\jimage.dll
0x00007ff8b3c20000 - 0x00007ff8b3e61000 	C:\WINDOWS\SYSTEM32\DBGHELP.DLL
0x00007ff8b6e60000 - 0x00007ff8b71de000 	C:\WINDOWS\System32\combase.dll
0x00007ff8b7600000 - 0x00007ff8b76d6000 	C:\WINDOWS\System32\OLEAUT32.dll
0x00007ff8a3f10000 - 0x00007ff8a3f49000 	C:\WINDOWS\SYSTEM32\dbgcore.DLL
0x00007ff8b63c0000 - 0x00007ff8b6459000 	C:\WINDOWS\System32\bcryptPrimitives.dll
0x00007ff89a220000 - 0x00007ff89a22f000 	C:\Users\josey\.jdks\openjdk-22.0.2\bin\instrument.dll
0x00007ff88e400000 - 0x00007ff88e41e000 	C:\Users\josey\.jdks\openjdk-22.0.2\bin\java.dll
0x00007ff8b7e10000 - 0x00007ff8b8510000 	C:\WINDOWS\System32\SHELL32.dll
0x00007ff8b7380000 - 0x00007ff8b7519000 	C:\WINDOWS\System32\ole32.dll

dbghelp: loaded successfully - version: 4.0.5 - missing functions: none
symbol engine: initialized successfully - sym options: 0x614 - pdb path: .;C:\Users\josey\.jdks\openjdk-22.0.2\bin;C:\WINDOWS\SYSTEM32;C:\WINDOWS\WinSxS\amd64_microsoft.windows.common-controls_6595b64144ccf1df_6.0.26100.2454_none_3e0b68a2e331ad60;C:\Users\josey\.jdks\openjdk-22.0.2\bin\server

VM Arguments:
jvm_args: -XX:TieredStopAtLevel=1 -Dspring.output.ansi.enabled=always -Dcom.sun.management.jmxremote -Dspring.jmx.enabled=true -Dspring.liveBeansView.mbeanDomain -Dspring.application.admin.enabled=true -Dmanagement.endpoints.jmx.exposure.include=* -javaagent:C:\Program Files\JetBrains\IntelliJ IDEA 2024.3\lib\idea_rt.jar=59298:C:\Program Files\JetBrains\IntelliJ IDEA 2024.3\bin -Dfile.encoding=UTF-8 -Dsun.stdout.encoding=UTF-8 -Dsun.stderr.encoding=UTF-8 
java_command: vallegrande.edu.pe.recuperacion.RecuperacionApplication
java_class_path (initial): C:\Users\josey\OneDrive\Escritorio\presentacion\backend\recuperacion\target\classes;C:\Users\josey\.m2\repository\org\springframework\boot\spring-boot-starter-web\3.4.0\spring-boot-starter-web-3.4.0.jar;C:\Users\josey\.m2\repository\org\springframework\boot\spring-boot-starter-json\3.4.0\spring-boot-starter-json-3.4.0.jar;C:\Users\josey\.m2\repository\com\fasterxml\jackson\core\jackson-databind\2.18.1\jackson-databind-2.18.1.jar;C:\Users\josey\.m2\repository\com\fasterxml\jackson\core\jackson-annotations\2.18.1\jackson-annotations-2.18.1.jar;C:\Users\josey\.m2\repository\com\fasterxml\jackson\core\jackson-core\2.18.1\jackson-core-2.18.1.jar;C:\Users\josey\.m2\repository\com\fasterxml\jackson\datatype\jackson-datatype-jdk8\2.18.1\jackson-datatype-jdk8-2.18.1.jar;C:\Users\josey\.m2\repository\com\fasterxml\jackson\datatype\jackson-datatype-jsr310\2.18.1\jackson-datatype-jsr310-2.18.1.jar;C:\Users\josey\.m2\repository\com\fasterxml\jackson\module\jackson-module-parameter-names\2.18.1\jackson-module-parameter-names-2.18.1.jar;C:\Users\josey\.m2\repository\org\springframework\boot\spring-boot-starter-tomcat\3.4.0\spring-boot-starter-tomcat-3.4.0.jar;C:\Users\josey\.m2\repository\org\apache\tomcat\embed\tomcat-embed-core\10.1.33\tomcat-embed-core-10.1.33.jar;C:\Users\josey\.m2\repository\org\apache\tomcat\embed\tomcat-embed-websocket\10.1.33\tomcat-embed-websocket-10.1.33.jar;C:\Users\josey\.m2\repository\org\springframework\spring-web\6.2.0\spring-web-6.2.0.jar;C:\Users\josey\.m2\repository\org\springframework\spring-beans\6.2.0\spring-beans-6.2.0.jar;C:\Users\josey\.m2\repository\io\micrometer\micrometer-observation\1.14.1\micrometer-observation-1.14.1.jar;C:\Users\josey\.m2\repository\io\micrometer\micrometer-commons\1.14.1\micrometer-commons-1.14.1.jar;C:\Users\josey\.m2\repository\org\springframework\spring-webmvc\6.2.0\spring-webmvc-6.2.0.jar;C:\Users\josey\.m2\repository\org\springframework\spring-aop\6.2.0\spring-aop-6.2.0.jar;C:\Users\josey\.m2\repository\org\springframework\spring-context\6.2.0\spring-context-6.2.0.jar;C:\Users\josey\.m2\repository\org\springframework\spring-expression\6.2.0\spring-expression-6.2.0.jar;C:\Users\josey\.m2\repository\org\springframework\boot\spring-boot-starter\3.4.0\spring-boot-starter-3.4.0.jar;C:\Users\josey\.m2\repository\org\springframework\boot\spring-boot\3.4.0\spring-boot-3.4.0.jar;C:\Users\josey\.m2\repository\org\springframework\boot\spring-boot-autoconfigure\3.4.0\spring-boot-autoconfigure-3.4.0.jar;C:\Users\josey\.m2\repository\org\springframework\boot\spring-boot-starter-logging\3.4.0\spring-boot-starter-logging-3.4.0.jar;C:\Users\josey\.m2\repository\ch\qos\logback\logback-classic\1.5.12\logback-classic-1.5.12.jar;C:\Users\josey\.m2\repository\ch\qos\logback\logback-core\1.5.12\logback-core-1.5.12.jar;C:\Users\josey\.m2\repository\org\apache\logging\log4j\log4j-to-slf4j\2.24.1\log4j-to-slf4j-2.24.1.jar;C:\Users\josey\.m2\repository\org\apache\logging\log4j\log4j-api\2.24.1\log4j-api-2.24.1.jar;C:\Users\josey\.m2\repository\org\slf4j\jul-to-slf4j\2.0.16\jul-to-slf4j-2.0.16.jar;C:\Users\josey\.m2\repository\jakarta\annotation\jakarta.annotation-api\2.1.1\jakarta.annotation-api-2.1.1.jar;C:\Users\josey\.m2\repository\org\springframework\spring-core\6.2.0\spring-core-6.2.0.jar;C:\Users\josey\.m2\repository\org\springframework\spring-jcl\6.2.0\spring-jcl-6.2.0.jar;C:\Users\josey\.m2\repository\org\yaml\snakeyaml\2.3\snakeyaml-2.3.jar;C:\Users\josey\.m2\repository\org\springframework\boot\spring-boot-devtools\3.4.0\spring-boot-devtools-3.4.0.jar;C:\Users\josey\.m2\repository\org\projectlombok\lombok\1.18.36\lombok-1.18.36.jar;C:\Users\josey\.m2\repository\org\slf4j\slf4j-api\2.0.16\slf4j-api-2.0.16.jar;C:\Users\josey\.m2\repository\jakarta\xml\bind\jakarta.xml.bind-api\4.0.2\jakarta.xml.bind-api-4.0.2.jar;C:\Users\josey\.m2\repository\jakarta\activation\jakarta.activation-api\2.1.3\jakarta.activation-api-2.1.3.jar;C:\Users\josey\.m2\repository\org\springframework\boot\spring-boot-starter-validation\3.4.0\spring-boot-starter-validation-3.4.0.jar;C:\Users\josey\.m2\repository\org\apache\tomcat\embed\tomcat-embed-el\10.1.33\tomcat-embed-el-10.1.33.jar;C:\Users\josey\.m2\repository\org\hibernate\validator\hibernate-validator\8.0.1.Final\hibernate-validator-8.0.1.Final.jar;C:\Users\josey\.m2\repository\jakarta\validation\jakarta.validation-api\3.0.2\jakarta.validation-api-3.0.2.jar;C:\Users\josey\.m2\repository\org\springframework\boot\spring-boot-starter-data-jpa\3.4.0\spring-boot-starter-data-jpa-3.4.0.jar;C:\Users\josey\.m2\repository\org\springframework\boot\spring-boot-starter-jdbc\3.4.0\spring-boot-starter-jdbc-3.4.0.jar;C:\Users\josey\.m2\repository\com\zaxxer\HikariCP\5.1.0\HikariCP-5.1.0.jar;C:\Users\josey\.m2\repository\org\springframework\spring-jdbc\6.2.0\spring-jdbc-6.2.0.jar;C:\Users\josey\.m2\repository\org\springframework\data\spring-data-jpa\3.4.0\spring-data-jpa-3.4.0.jar;C:\Users\josey\.m2\repository\org\springframework\data\spring-data-commons\3.4.0\spring-data-commons-3.4.0.jar;C:\Users\josey\.m2\repository\org\springframework\spring-orm\6.2.0\spring-orm-6.2.0.jar;C:\Users\josey\.m2\repository\org\springframework\spring-tx\6.2.0\spring-tx-6.2.0.jar;C:\Users\josey\.m2\repository\org\springframework\spring-aspects\6.2.0\spring-aspects-6.2.0.jar;C:\Users\josey\.m2\repository\org\aspectj\aspectjweaver\1.9.22.1\aspectjweaver-1.9.22.1.jar;C:\Users\josey\.m2\repository\com\oracle\database\jdbc\ojdbc11\23.5.0.24.07\ojdbc11-23.5.0.24.07.jar;C:\Users\josey\.m2\repository\com\oracle\database\jdbc\ucp11\23.5.0.24.07\ucp11-23.5.0.24.07.jar;C:\Users\josey\.m2\repository\com\oracle\database\jdbc\rsi\23.5.0.24.07\rsi-23.5.0.24.07.jar;C:\Users\josey\.m2\repository\com\oracle\database\security\oraclepki\23.5.0.24.07\oraclepki-23.5.0.24.07.jar;C:\Users\josey\.m2\repository\com\oracle\database\security\osdt_core\21.5.0.0\osdt_core-21.5.0.0.jar;C:\Users\josey\.m2\repository\com\oracle\database\security\osdt_cert\21.5.0.0\osdt_cert-21.5.0.0.jar;C:\Users\josey\.m2\repository\com\oracle\database\ha\simplefan\23.5.0.24.07\simplefan-23.5.0.24.07.jar;C:\Users\josey\.m2\repository\com\oracle\database\ha\ons\23.5.0.24.07\ons-23.5.0.24.07.jar;C:\Users\josey\.m2\repository\com\oracle\database\nls\orai18n\23.5.0.24.07\orai18n-23.5.0.24.07.jar;C:\Users\josey\.m2\repository\com\oracle\database\xml\xdb\23.5.0.24.07\xdb-23.5.0.24.07.jar;C:\Users\josey\.m2\repository\com\oracle\database\xml\xmlparserv2\23.5.0.24.07\xmlparserv2-23.5.0.24.07.jar;C:\Users\josey\.m2\repository\org\hibernate\orm\hibernate-core\6.4.4.Final\hibernate-core-6.4.4.Final.jar;C:\Users\josey\.m2\repository\jakarta\persistence\jakarta.persistence-api\3.1.0\jakarta.persistence-api-3.1.0.jar;C:\Users\josey\.m2\repository\jakarta\transaction\jakarta.transaction-api\2.0.1\jakarta.transaction-api-2.0.1.jar;C:\Users\josey\.m2\repository\org\jboss\logging\jboss-logging\3.6.1.Final\jboss-logging-3.6.1.Final.jar;C:\Users\josey\.m2\repository\org\hibernate\common\hibernate-commons-annotations\6.0.6.Final\hibernate-commons-annotations-6.0.6.Final.jar;C:\Users\josey\.m2\repository\io\smallrye\jandex\3.1.2\jandex-3.1.2.jar;C:\Users\josey\.m2\repository\com\fasterxml\classmate\1.7.0\classmate-1.7.0.jar;C:\Users\josey\.m2\repository\net\bytebuddy\byte-buddy\1.15.10\byte-buddy-1.15.10.jar;C:\Users\josey\.m2\repository\org\glassfish\jaxb\jaxb-runtime\4.0.5\jaxb-runtime-4.0.5.jar;C:\Users\josey\.m2\repository\org\glassfish\jaxb\jaxb-core\4.0.5\jaxb-core-4.0.5.jar;C:\Users\josey\.m2\repository\org\eclipse\angus\angus-activation\2.0.2\angus-activation-2.0.2.jar;C:\Users\josey\.m2\repository\org\glassfish\jaxb\txw2\4.0.5\txw2-4.0.5.jar;C:\Users\josey\.m2\repository\com\sun\istack\istack-commons-runtime\4.1.2\istack-commons-runtime-4.1.2.jar;C:\Users\josey\.m2\repository\jakarta\inject\jakarta.inject-api\2.0.1\jakarta.inject-api-2.0.1.jar;C:\Users\josey\.m2\repository\org\antlr\antlr4-runtime\4.13.0\antlr4-runtime-4.13.0.jar
Launcher Type: SUN_STANDARD

[Global flags]
     intx CICompilerCount                          = 4                                         {product} {ergonomic}
     uint ConcGCThreads                            = 2                                         {product} {ergonomic}
     uint G1ConcRefinementThreads                  = 8                                         {product} {ergonomic}
   size_t G1HeapRegionSize                         = 1048576                                   {product} {ergonomic}
   size_t InitialHeapSize                          = 132120576                                 {product} {ergonomic}
     bool ManagementServer                         = true                                      {product} {command line}
   size_t MarkStackSize                            = 4194304                                   {product} {ergonomic}
   size_t MaxHeapSize                              = 2103443456                                {product} {ergonomic}
   size_t MinHeapDeltaBytes                        = 1048576                                   {product} {ergonomic}
   size_t MinHeapSize                              = 8388608                                   {product} {ergonomic}
    uintx NonNMethodCodeHeapSize                   = 4096                                   {pd product} {ergonomic}
    uintx NonProfiledCodeHeapSize                  = 0                                      {pd product} {ergonomic}
     bool ProfileInterpreter                       = false                                  {pd product} {command line}
    uintx ProfiledCodeHeapSize                     = 0                                      {pd product} {ergonomic}
   size_t SoftMaxHeapSize                          = 2103443456                             {manageable} {ergonomic}
     intx TieredStopAtLevel                        = 1                                         {product} {command line}
     bool UseCompressedOops                        = true                           {product lp64_product} {ergonomic}
     bool UseG1GC                                  = true                                      {product} {ergonomic}
     bool UseLargePagesIndividualAllocation        = false                                  {pd product} {ergonomic}

Logging:
Log output configuration:
 #0: stdout all=warning uptime,level,tags foldmultilines=false
 #1: stderr all=off uptime,level,tags foldmultilines=false

Environment Variables:
JAVA_HOME=C:\Program Files\Java\jdk-11
PATH=C:\Python311\Scripts\;C:\Python311\;C:\Program Files\Common Files\Oracle\Java\javapath;C:\WINDOWS\system32;C:\WINDOWS;C:\WINDOWS\System32\Wbem;C:\WINDOWS\System32\WindowsPowerShell\v1.0\;C:\WINDOWS\System32\OpenSSH\;C:\Program Files\nodejs\;C:\ProgramData\chocolatey\bin;C:\Program Files\Git\cmd;C:\Users\josey\AppData\Local\Programs\Python\Python312\Scripts\;C:\Users\josey\AppData\Local\Programs\Python\Python312\;C:\Users\josey\.console-ninja\.bin;C:\Users\josey\AppData\Local\Microsoft\WindowsApps;C:\Users\josey\AppData\Roaming\npm;C:\Users\josey\AppData\Local\Programs\Microsoft VS Code\bin;C:\Users\josey\AppData\Local\JetBrains\Toolbox\scripts;C:\flutter\bin;;%USERPROFILE%\AppData\Local\Microsoft\WindowsApps
USERNAME=josey
OS=Windows_NT
PROCESSOR_IDENTIFIER=Intel64 Family 6 Model 142 Stepping 10, GenuineIntel
TMP=C:\Users\josey\AppData\Local\Temp
TEMP=C:\Users\josey\AppData\Local\Temp




Periodic native trim disabled

---------------  S Y S T E M  ---------------

OS:
 Windows 11 , 64 bit Build 26100 (10.0.26100.2454)
OS uptime: 0 days 17:49 hours
Hyper-V role detected

CPU: total 8 (initial active 8) (4 cores per cpu, 2 threads per core) family 6 model 142 stepping 10 microcode 0xea, cx8, cmov, fxsr, ht, mmx, 3dnowpref, sse, sse2, sse3, ssse3, sse4.1, sse4.2, popcnt, lzcnt, tsc, tscinvbit, avx, avx2, aes, erms, clmul, bmi1, bmi2, adx, fma, vzeroupper, clflush, clflushopt, hv, rdtscp, f16c
Processor Information for processor 0
  Max Mhz: 1801, Current Mhz: 1801, Mhz Limit: 1801
Processor Information for processor 1
  Max Mhz: 1801, Current Mhz: 1801, Mhz Limit: 1801
Processor Information for processor 2
  Max Mhz: 1801, Current Mhz: 1500, Mhz Limit: 1801
Processor Information for processor 3
  Max Mhz: 1801, Current Mhz: 1500, Mhz Limit: 1801
Processor Information for processor 4
  Max Mhz: 1801, Current Mhz: 1801, Mhz Limit: 1801
Processor Information for processor 5
  Max Mhz: 1801, Current Mhz: 1500, Mhz Limit: 1801
Processor Information for processor 6
  Max Mhz: 1801, Current Mhz: 1801, Mhz Limit: 1801
Processor Information for processor 7
  Max Mhz: 1801, Current Mhz: 1500, Mhz Limit: 1801

Memory: 4k page, system-wide physical 8023M (800M free)
TotalPageFile size 12119M (AvailPageFile size 3M)
current process WorkingSet (physical memory assigned to process): 13M, peak: 13M
current process commit charge ("private bytes"): 52M, peak: 53M

vm_info: OpenJDK 64-Bit Server VM (22.0.2+9-70) for windows-amd64 JRE (22.0.2+9-70), built on 2024-06-04T16:52:23Z by "mach5one" with MS VC++ 17.6 (VS2022)

END.
